<?xml version="1.0" encoding="UTF-8"?>
<coverage generated="1770980276843" clover="3.2.0">
  <project timestamp="1770980276843" name="All files">
    <metrics statements="402" coveredstatements="377" conditionals="282" coveredconditionals="234" methods="171" coveredmethods="153" elements="855" coveredelements="764" complexity="0" loc="402" ncloc="402" packages="41" files="59" classes="59"/>
    <package name="src">
      <metrics statements="10" coveredstatements="10" conditionals="0" coveredconditionals="0" methods="10" coveredmethods="10"/>
      <file name="App.jsx" path="C:\Users\U503185\Desktop\Esempi\ingdanielemasone\src\App.jsx">
        <metrics statements="10" coveredstatements="10" conditionals="0" coveredconditionals="0" methods="10" coveredmethods="10"/>
        <line num="10" count="1" type="stmt"/>
        <line num="11" count="1" type="stmt"/>
        <line num="12" count="1" type="stmt"/>
        <line num="13" count="1" type="stmt"/>
        <line num="14" count="1" type="stmt"/>
        <line num="15" count="1" type="stmt"/>
        <line num="16" count="1" type="stmt"/>
        <line num="17" count="1" type="stmt"/>
        <line num="18" count="1" type="stmt"/>
        <line num="24" count="11" type="stmt"/>
      </file>
    </package>
    <package name="src.assets">
      <metrics statements="0" coveredstatements="0" conditionals="0" coveredconditionals="0" methods="0" coveredmethods="0"/>
      <file name="cover.png" path="C:\Users\U503185\Desktop\Esempi\ingdanielemasone\src\assets\cover.png">
        <metrics statements="0" coveredstatements="0" conditionals="0" coveredconditionals="0" methods="0" coveredmethods="0"/>
      </file>
      <file name="daniele.jpg" path="C:\Users\U503185\Desktop\Esempi\ingdanielemasone\src\assets\daniele.jpg">
        <metrics statements="0" coveredstatements="0" conditionals="0" coveredconditionals="0" methods="0" coveredmethods="0"/>
      </file>
    </package>
    <package name="src.assets.courses">
      <metrics statements="0" coveredstatements="0" conditionals="0" coveredconditionals="0" methods="0" coveredmethods="0"/>
      <file name="ANGULARJS.png" path="C:\Users\U503185\Desktop\Esempi\ingdanielemasone\src\assets\courses\ANGULARJS.png">
        <metrics statements="0" coveredstatements="0" conditionals="0" coveredconditionals="0" methods="0" coveredmethods="0"/>
      </file>
      <file name="ASSEMBLY.png" path="C:\Users\U503185\Desktop\Esempi\ingdanielemasone\src\assets\courses\ASSEMBLY.png">
        <metrics statements="0" coveredstatements="0" conditionals="0" coveredconditionals="0" methods="0" coveredmethods="0"/>
      </file>
      <file name="C.png" path="C:\Users\U503185\Desktop\Esempi\ingdanielemasone\src\assets\courses\C.png">
        <metrics statements="0" coveredstatements="0" conditionals="0" coveredconditionals="0" methods="0" coveredmethods="0"/>
      </file>
      <file name="CPLUSPLUS.png" path="C:\Users\U503185\Desktop\Esempi\ingdanielemasone\src\assets\courses\CPLUSPLUS.png">
        <metrics statements="0" coveredstatements="0" conditionals="0" coveredconditionals="0" methods="0" coveredmethods="0"/>
      </file>
      <file name="GIT.png" path="C:\Users\U503185\Desktop\Esempi\ingdanielemasone\src\assets\courses\GIT.png">
        <metrics statements="0" coveredstatements="0" conditionals="0" coveredconditionals="0" methods="0" coveredmethods="0"/>
      </file>
      <file name="HTML5.png" path="C:\Users\U503185\Desktop\Esempi\ingdanielemasone\src\assets\courses\HTML5.png">
        <metrics statements="0" coveredstatements="0" conditionals="0" coveredconditionals="0" methods="0" coveredmethods="0"/>
      </file>
      <file name="JAVA.png" path="C:\Users\U503185\Desktop\Esempi\ingdanielemasone\src\assets\courses\JAVA.png">
        <metrics statements="0" coveredstatements="0" conditionals="0" coveredconditionals="0" methods="0" coveredmethods="0"/>
      </file>
      <file name="JAVASCRIPT.png" path="C:\Users\U503185\Desktop\Esempi\ingdanielemasone\src\assets\courses\JAVASCRIPT.png">
        <metrics statements="0" coveredstatements="0" conditionals="0" coveredconditionals="0" methods="0" coveredmethods="0"/>
      </file>
      <file name="JQUERY.png" path="C:\Users\U503185\Desktop\Esempi\ingdanielemasone\src\assets\courses\JQUERY.png">
        <metrics statements="0" coveredstatements="0" conditionals="0" coveredconditionals="0" methods="0" coveredmethods="0"/>
      </file>
      <file name="PHP.png" path="C:\Users\U503185\Desktop\Esempi\ingdanielemasone\src\assets\courses\PHP.png">
        <metrics statements="0" coveredstatements="0" conditionals="0" coveredconditionals="0" methods="0" coveredmethods="0"/>
      </file>
      <file name="SQL.png" path="C:\Users\U503185\Desktop\Esempi\ingdanielemasone\src\assets\courses\SQL.png">
        <metrics statements="0" coveredstatements="0" conditionals="0" coveredconditionals="0" methods="0" coveredmethods="0"/>
      </file>
      <file name="TYPESCRIPT.png" path="C:\Users\U503185\Desktop\Esempi\ingdanielemasone\src\assets\courses\TYPESCRIPT.png">
        <metrics statements="0" coveredstatements="0" conditionals="0" coveredconditionals="0" methods="0" coveredmethods="0"/>
      </file>
    </package>
    <package name="src.components.errorState">
      <metrics statements="2" coveredstatements="2" conditionals="3" coveredconditionals="3" methods="1" coveredmethods="1"/>
      <file name="ErrorState.jsx" path="C:\Users\U503185\Desktop\Esempi\ingdanielemasone\src\components\errorState\ErrorState.jsx">
        <metrics statements="2" coveredstatements="2" conditionals="3" coveredconditionals="3" methods="1" coveredmethods="1"/>
        <line num="28" count="15" type="stmt"/>
        <line num="30" count="15" type="stmt"/>
      </file>
    </package>
    <package name="src.components.footer">
      <metrics statements="15" coveredstatements="15" conditionals="4" coveredconditionals="4" methods="5" coveredmethods="5"/>
      <file name="Footer.jsx" path="C:\Users\U503185\Desktop\Esempi\ingdanielemasone\src\components\footer\Footer.jsx">
        <metrics statements="15" coveredstatements="15" conditionals="4" coveredconditionals="4" methods="5" coveredmethods="5"/>
        <line num="17" count="21" type="stmt"/>
        <line num="18" count="21" type="stmt"/>
        <line num="19" count="21" type="stmt"/>
        <line num="20" count="21" type="stmt"/>
        <line num="22" count="21" type="stmt"/>
        <line num="23" count="11" type="stmt"/>
        <line num="24" count="11" type="stmt"/>
        <line num="26" count="11" type="stmt"/>
        <line num="29" count="10" type="stmt"/>
        <line num="32" count="21" type="stmt"/>
        <line num="33" count="10" type="stmt"/>
        <line num="36" count="21" type="cond" truecount="2" falsecount="0"/>
        <line num="37" count="10" type="cond" truecount="2" falsecount="0"/>
        <line num="39" count="8" type="stmt"/>
        <line num="56" count="24" type="stmt"/>
      </file>
    </package>
    <package name="src.components.header">
      <metrics statements="21" coveredstatements="19" conditionals="22" coveredconditionals="18" methods="14" coveredmethods="12"/>
      <file name="Header.jsx" path="C:\Users\U503185\Desktop\Esempi\ingdanielemasone\src\components\header\Header.jsx">
        <metrics statements="21" coveredstatements="19" conditionals="22" coveredconditionals="18" methods="14" coveredmethods="12"/>
        <line num="19" count="36" type="stmt"/>
        <line num="20" count="36" type="stmt"/>
        <line num="21" count="36" type="stmt"/>
        <line num="22" count="36" type="stmt"/>
        <line num="24" count="36" type="stmt"/>
        <line num="28" count="36" type="stmt"/>
        <line num="37" count="36" type="stmt"/>
        <line num="38" count="36" type="stmt"/>
        <line num="42" count="36" type="stmt"/>
        <line num="50" count="36" type="stmt"/>
        <line num="58" count="5" type="stmt"/>
        <line num="80" count="30" type="stmt"/>
        <line num="83" count="1" type="stmt"/>
        <line num="106" count="9" type="stmt"/>
        <line num="128" count="1" type="stmt"/>
        <line num="144" count="8" type="stmt"/>
        <line num="146" count="0" type="stmt"/>
        <line num="149" count="0" type="stmt"/>
        <line num="163" count="24" type="stmt"/>
        <line num="172" count="144" type="stmt"/>
        <line num="175" count="1" type="stmt"/>
      </file>
    </package>
    <package name="src.components.loading">
      <metrics statements="1" coveredstatements="1" conditionals="0" coveredconditionals="0" methods="1" coveredmethods="1"/>
      <file name="Loading.jsx" path="C:\Users\U503185\Desktop\Esempi\ingdanielemasone\src\components\loading\Loading.jsx">
        <metrics statements="1" coveredstatements="1" conditionals="0" coveredconditionals="0" methods="1" coveredmethods="1"/>
        <line num="19" count="70" type="stmt"/>
      </file>
    </package>
    <package name="src.components.notFound">
      <metrics statements="5" coveredstatements="5" conditionals="2" coveredconditionals="2" methods="2" coveredmethods="2"/>
      <file name="NotFound.jsx" path="C:\Users\U503185\Desktop\Esempi\ingdanielemasone\src\components\notFound\NotFound.jsx">
        <metrics statements="5" coveredstatements="5" conditionals="2" coveredconditionals="2" methods="2" coveredmethods="2"/>
        <line num="21" count="6" type="stmt"/>
        <line num="22" count="6" type="stmt"/>
        <line num="24" count="6" type="stmt"/>
        <line num="25" count="3" type="stmt"/>
        <line num="28" count="6" type="stmt"/>
      </file>
    </package>
    <package name="src.components.seoHead">
      <metrics statements="6" coveredstatements="6" conditionals="0" coveredconditionals="0" methods="1" coveredmethods="1"/>
      <file name="SeoHead.jsx" path="C:\Users\U503185\Desktop\Esempi\ingdanielemasone\src\components\seoHead\SeoHead.jsx">
        <metrics statements="6" coveredstatements="6" conditionals="0" coveredconditionals="0" methods="1" coveredmethods="1"/>
        <line num="19" count="48" type="stmt"/>
        <line num="21" count="48" type="stmt"/>
        <line num="22" count="48" type="stmt"/>
        <line num="23" count="48" type="stmt"/>
        <line num="24" count="48" type="stmt"/>
        <line num="26" count="48" type="stmt"/>
      </file>
    </package>
    <package name="src.components.ui.avatarCard">
      <metrics statements="2" coveredstatements="2" conditionals="0" coveredconditionals="0" methods="1" coveredmethods="1"/>
      <file name="AvatarCard.jsx" path="C:\Users\U503185\Desktop\Esempi\ingdanielemasone\src\components\ui\avatarCard\AvatarCard.jsx">
        <metrics statements="2" coveredstatements="2" conditionals="0" coveredconditionals="0" methods="1" coveredmethods="1"/>
        <line num="17" count="2" type="stmt"/>
        <line num="19" count="2" type="stmt"/>
      </file>
    </package>
    <package name="src.components.ui.brandIcon">
      <metrics statements="2" coveredstatements="2" conditionals="9" coveredconditionals="9" methods="1" coveredmethods="1"/>
      <file name="BrandIcon.jsx" path="C:\Users\U503185\Desktop\Esempi\ingdanielemasone\src\components\ui\brandIcon\BrandIcon.jsx">
        <metrics statements="2" coveredstatements="2" conditionals="9" coveredconditionals="9" methods="1" coveredmethods="1"/>
        <line num="13" count="58" type="cond" truecount="4" falsecount="0"/>
        <line num="15" count="56" type="stmt"/>
      </file>
    </package>
    <package name="src.components.ui.card">
      <metrics statements="1" coveredstatements="1" conditionals="1" coveredconditionals="1" methods="1" coveredmethods="1"/>
      <file name="Card.jsx" path="C:\Users\U503185\Desktop\Esempi\ingdanielemasone\src\components\ui\card\Card.jsx">
        <metrics statements="1" coveredstatements="1" conditionals="1" coveredconditionals="1" methods="1" coveredmethods="1"/>
        <line num="16" count="83" type="stmt"/>
      </file>
    </package>
    <package name="src.components.ui.cardContent">
      <metrics statements="1" coveredstatements="1" conditionals="1" coveredconditionals="1" methods="1" coveredmethods="1"/>
      <file name="CardContent.jsx" path="C:\Users\U503185\Desktop\Esempi\ingdanielemasone\src\components\ui\cardContent\CardContent.jsx">
        <metrics statements="1" coveredstatements="1" conditionals="1" coveredconditionals="1" methods="1" coveredmethods="1"/>
        <line num="16" count="83" type="stmt"/>
      </file>
    </package>
    <package name="src.components.ui.cookieBanner">
      <metrics statements="10" coveredstatements="10" conditionals="6" coveredconditionals="5" methods="3" coveredmethods="3"/>
      <file name="CookieBanner.jsx" path="C:\Users\U503185\Desktop\Esempi\ingdanielemasone\src\components\ui\cookieBanner\CookieBanner.jsx">
        <metrics statements="10" coveredstatements="10" conditionals="6" coveredconditionals="5" methods="3" coveredmethods="3"/>
        <line num="18" count="6" type="stmt"/>
        <line num="20" count="6" type="stmt"/>
        <line num="22" count="3" type="cond" truecount="1" falsecount="1"/>
        <line num="24" count="3" type="stmt"/>
        <line num="25" count="3" type="cond" truecount="2" falsecount="0"/>
        <line num="28" count="6" type="stmt"/>
        <line num="29" count="1" type="stmt"/>
        <line num="30" count="1" type="stmt"/>
        <line num="33" count="6" type="cond" truecount="2" falsecount="0"/>
        <line num="35" count="2" type="stmt"/>
      </file>
    </package>
    <package name="src.components.ui.darkModeToggle">
      <metrics statements="11" coveredstatements="11" conditionals="6" coveredconditionals="6" methods="4" coveredmethods="4"/>
      <file name="DarkModeToggle.jsx" path="C:\Users\U503185\Desktop\Esempi\ingdanielemasone\src\components\ui\darkModeToggle\DarkModeToggle.jsx">
        <metrics statements="11" coveredstatements="11" conditionals="6" coveredconditionals="6" methods="4" coveredmethods="4"/>
        <line num="13" count="8" type="stmt"/>
        <line num="14" count="4" type="stmt"/>
        <line num="17" count="8" type="stmt"/>
        <line num="18" count="8" type="stmt"/>
        <line num="19" count="8" type="cond" truecount="2" falsecount="0"/>
        <line num="20" count="3" type="stmt"/>
        <line num="21" count="3" type="stmt"/>
        <line num="23" count="5" type="stmt"/>
        <line num="24" count="5" type="stmt"/>
        <line num="28" count="8" type="stmt"/>
        <line num="30" count="4" type="stmt"/>
      </file>
    </package>
    <package name="src.components.ui.expandableText">
      <metrics statements="14" coveredstatements="14" conditionals="14" coveredconditionals="13" methods="3" coveredmethods="3"/>
      <file name="ExpandableText.jsx" path="C:\Users\U503185\Desktop\Esempi\ingdanielemasone\src\components\ui\expandableText\ExpandableText.jsx">
        <metrics statements="14" coveredstatements="14" conditionals="14" coveredconditionals="13" methods="3" coveredmethods="3"/>
        <line num="20" count="75" type="stmt"/>
        <line num="21" count="75" type="stmt"/>
        <line num="22" count="75" type="stmt"/>
        <line num="23" count="75" type="stmt"/>
        <line num="24" count="75" type="stmt"/>
        <line num="26" count="75" type="stmt"/>
        <line num="27" count="66" type="stmt"/>
        <line num="28" count="66" type="cond" truecount="1" falsecount="1"/>
        <line num="30" count="66" type="stmt"/>
        <line num="31" count="66" type="stmt"/>
        <line num="33" count="66" type="stmt"/>
        <line num="34" count="66" type="stmt"/>
        <line num="37" count="75" type="stmt"/>
        <line num="61" count="3" type="stmt"/>
      </file>
    </package>
    <package name="src.components.ui.languageSwitcher">
      <metrics statements="19" coveredstatements="19" conditionals="16" coveredconditionals="14" methods="9" coveredmethods="9"/>
      <file name="LanguageSwitcher.jsx" path="C:\Users\U503185\Desktop\Esempi\ingdanielemasone\src\components\ui\languageSwitcher\LanguageSwitcher.jsx">
        <metrics statements="19" coveredstatements="19" conditionals="16" coveredconditionals="14" methods="9" coveredmethods="9"/>
        <line num="6" count="1" type="stmt"/>
        <line num="14" count="1" type="stmt"/>
        <line num="23" count="19" type="stmt"/>
        <line num="24" count="19" type="stmt"/>
        <line num="25" count="19" type="stmt"/>
        <line num="27" count="19" type="stmt"/>
        <line num="29" count="19" type="stmt"/>
        <line num="30" count="19" type="stmt"/>
        <line num="31" count="1" type="cond" truecount="1" falsecount="1"/>
        <line num="32" count="1" type="stmt"/>
        <line num="35" count="19" type="stmt"/>
        <line num="36" count="19" type="stmt"/>
        <line num="37" count="2" type="cond" truecount="3" falsecount="1"/>
        <line num="39" count="19" type="cond" truecount="2" falsecount="0"/>
        <line num="40" count="19" type="stmt"/>
        <line num="43" count="19" type="stmt"/>
        <line num="78" count="35" type="stmt"/>
        <line num="79" count="35" type="stmt"/>
        <line num="82" count="1" type="stmt"/>
      </file>
    </package>
    <package name="src.components.ui.pageGrid">
      <metrics statements="3" coveredstatements="3" conditionals="4" coveredconditionals="3" methods="1" coveredmethods="1"/>
      <file name="PageGrid.jsx" path="C:\Users\U503185\Desktop\Esempi\ingdanielemasone\src\components\ui\pageGrid\PageGrid.jsx">
        <metrics statements="3" coveredstatements="3" conditionals="4" coveredconditionals="3" methods="1" coveredmethods="1"/>
        <line num="3" count="7" type="stmt"/>
        <line num="31" count="43" type="cond" truecount="1" falsecount="1"/>
        <line num="33" count="43" type="stmt"/>
      </file>
    </package>
    <package name="src.components.ui.pageSection">
      <metrics statements="1" coveredstatements="1" conditionals="3" coveredconditionals="3" methods="1" coveredmethods="1"/>
      <file name="PageSection.jsx" path="C:\Users\U503185\Desktop\Esempi\ingdanielemasone\src\components\ui\pageSection\PageSection.jsx">
        <metrics statements="1" coveredstatements="1" conditionals="3" coveredconditionals="3" methods="1" coveredmethods="1"/>
        <line num="17" count="39" type="stmt"/>
      </file>
    </package>
    <package name="src.components.ui.pagination">
      <metrics statements="5" coveredstatements="5" conditionals="3" coveredconditionals="3" methods="3" coveredmethods="3"/>
      <file name="Pagination.jsx" path="C:\Users\U503185\Desktop\Esempi\ingdanielemasone\src\components\ui\pagination\Pagination.jsx">
        <metrics statements="5" coveredstatements="5" conditionals="3" coveredconditionals="3" methods="3" coveredmethods="3"/>
        <line num="20" count="53" type="stmt"/>
        <line num="22" count="53" type="cond" truecount="2" falsecount="0"/>
        <line num="24" count="52" type="stmt"/>
        <line num="27" count="1" type="stmt"/>
        <line num="44" count="5" type="stmt"/>
      </file>
    </package>
    <package name="src.components.ui.selectableButton">
      <metrics statements="1" coveredstatements="1" conditionals="4" coveredconditionals="4" methods="1" coveredmethods="1"/>
      <file name="SelectableButton.jsx" path="C:\Users\U503185\Desktop\Esempi\ingdanielemasone\src\components\ui\selectableButton\SelectableButton.jsx">
        <metrics statements="1" coveredstatements="1" conditionals="4" coveredconditionals="4" methods="1" coveredmethods="1"/>
        <line num="24" count="85" type="stmt"/>
      </file>
    </package>
    <package name="src.components.ui.techDisclosure">
      <metrics statements="3" coveredstatements="3" conditionals="2" coveredconditionals="2" methods="3" coveredmethods="3"/>
      <file name="TechDisclosure.jsx" path="C:\Users\U503185\Desktop\Esempi\ingdanielemasone\src\components\ui\techDisclosure\TechDisclosure.jsx">
        <metrics statements="3" coveredstatements="3" conditionals="2" coveredconditionals="2" methods="3" coveredmethods="3"/>
        <line num="17" count="41" type="stmt"/>
        <line num="20" count="92" type="stmt"/>
        <line num="30" count="136" type="stmt"/>
      </file>
    </package>
    <package name="src.components.ui.tradingPerformanceChart">
      <metrics statements="78" coveredstatements="73" conditionals="112" coveredconditionals="81" methods="43" coveredmethods="38"/>
      <file name="TradingPerformanceChart.jsx" path="C:\Users\U503185\Desktop\Esempi\ingdanielemasone\src\components\ui\tradingPerformanceChart\TradingPerformanceChart.jsx">
        <metrics statements="78" coveredstatements="73" conditionals="112" coveredconditionals="81" methods="43" coveredmethods="38"/>
        <line num="18" count="1" type="stmt"/>
        <line num="57" count="12" type="stmt"/>
        <line num="60" count="12" type="stmt"/>
        <line num="61" count="12" type="stmt"/>
        <line num="62" count="9" type="stmt"/>
        <line num="64" count="12" type="stmt"/>
        <line num="65" count="12" type="stmt"/>
        <line num="71" count="12" type="stmt"/>
        <line num="72" count="9" type="stmt"/>
        <line num="73" count="0" type="stmt"/>
        <line num="75" count="9" type="stmt"/>
        <line num="76" count="9" type="stmt"/>
        <line num="80" count="12" type="stmt"/>
        <line num="81" count="9" type="cond" truecount="1" falsecount="1"/>
        <line num="82" count="9" type="stmt"/>
        <line num="83" count="9" type="stmt"/>
        <line num="84" count="9" type="stmt"/>
        <line num="88" count="12" type="stmt"/>
        <line num="89" count="540" type="stmt"/>
        <line num="90" count="45" type="stmt"/>
        <line num="91" count="441" type="stmt"/>
        <line num="92" count="45" type="stmt"/>
        <line num="95" count="12" type="stmt"/>
        <line num="96" count="12" type="stmt"/>
        <line num="97" count="12" type="stmt"/>
        <line num="98" count="555" type="cond" truecount="2" falsecount="0"/>
        <line num="99" count="456" type="stmt"/>
        <line num="100" count="456" type="stmt"/>
        <line num="105" count="12" type="stmt"/>
        <line num="106" count="12" type="stmt"/>
        <line num="107" count="12" type="stmt"/>
        <line num="109" count="12" type="stmt"/>
        <line num="115" count="12" type="stmt"/>
        <line num="116" count="45" type="stmt"/>
        <line num="120" count="12" type="stmt"/>
        <line num="121" count="12" type="stmt"/>
        <line num="122" count="720" type="stmt"/>
        <line num="123" count="60" type="cond" truecount="2" falsecount="0"/>
        <line num="128" count="12" type="stmt"/>
        <line num="129" count="45" type="stmt"/>
        <line num="133" count="12" type="stmt"/>
        <line num="135" count="12" type="cond" truecount="2" falsecount="0"/>
        <line num="137" count="12" type="cond" truecount="2" falsecount="0"/>
        <line num="139" count="45" type="stmt"/>
        <line num="140" count="540" type="stmt"/>
        <line num="141" count="441" type="stmt"/>
        <line num="147" count="12" type="stmt"/>
        <line num="149" count="12" type="stmt"/>
        <line num="150" count="555" type="cond" truecount="1" falsecount="1"/>
        <line num="151" count="12" type="cond" truecount="1" falsecount="1"/>
        <line num="156" count="555" type="cond" truecount="4" falsecount="0"/>
        <line num="157" count="555" type="cond" truecount="4" falsecount="0"/>
        <line num="159" count="12" type="stmt"/>
        <line num="191" count="12" type="stmt"/>
        <line num="200" count="0" type="stmt"/>
        <line num="230" count="0" type="stmt"/>
        <line num="231" count="0" type="cond" truecount="0" falsecount="2"/>
        <line num="239" count="12" type="stmt"/>
        <line num="240" count="60" type="stmt"/>
        <line num="243" count="12" type="cond" truecount="2" falsecount="0"/>
        <line num="244" count="9" type="stmt"/>
        <line num="252" count="45" type="stmt"/>
        <line num="257" count="0" type="stmt"/>
        <line num="271" count="108" type="cond" truecount="2" falsecount="0"/>
        <line num="272" count="108" type="cond" truecount="2" falsecount="0"/>
        <line num="273" count="108" type="stmt"/>
        <line num="274" count="108" type="cond" truecount="1" falsecount="1"/>
        <line num="276" count="108" type="stmt"/>
        <line num="329" count="108" type="cond" truecount="2" falsecount="0"/>
        <line num="330" count="108" type="cond" truecount="2" falsecount="0"/>
        <line num="331" count="108" type="stmt"/>
        <line num="332" count="108" type="cond" truecount="1" falsecount="1"/>
        <line num="334" count="108" type="stmt"/>
        <line num="386" count="3" type="stmt"/>
        <line num="390" count="15" type="stmt"/>
        <line num="392" count="15" type="stmt"/>
        <line num="435" count="12" type="stmt"/>
        <line num="445" count="3" type="cond" truecount="1" falsecount="1"/>
      </file>
    </package>
    <package name="src.consts">
      <metrics statements="1" coveredstatements="1" conditionals="0" coveredconditionals="0" methods="0" coveredmethods="0"/>
      <file name="Consts.js" path="C:\Users\U503185\Desktop\Esempi\ingdanielemasone\src\consts\Consts.js">
        <metrics statements="1" coveredstatements="1" conditionals="0" coveredconditionals="0" methods="0" coveredmethods="0"/>
        <line num="1" count="1" type="stmt"/>
      </file>
    </package>
    <package name="src.i18n">
      <metrics statements="2" coveredstatements="1" conditionals="0" coveredconditionals="0" methods="1" coveredmethods="0"/>
      <file name="i18n.js" path="C:\Users\U503185\Desktop\Esempi\ingdanielemasone\src\i18n\i18n.js">
        <metrics statements="2" coveredstatements="1" conditionals="0" coveredconditionals="0" methods="1" coveredmethods="0"/>
        <line num="11" count="1" type="stmt"/>
        <line num="35" count="0" type="stmt"/>
      </file>
    </package>
    <package name="src.locales.de">
      <metrics statements="0" coveredstatements="0" conditionals="0" coveredconditionals="0" methods="0" coveredmethods="0"/>
      <file name="translation.json" path="C:\Users\U503185\Desktop\Esempi\ingdanielemasone\src\locales\de\translation.json">
        <metrics statements="0" coveredstatements="0" conditionals="0" coveredconditionals="0" methods="0" coveredmethods="0"/>
      </file>
    </package>
    <package name="src.locales.en">
      <metrics statements="0" coveredstatements="0" conditionals="0" coveredconditionals="0" methods="0" coveredmethods="0"/>
      <file name="translation.json" path="C:\Users\U503185\Desktop\Esempi\ingdanielemasone\src\locales\en\translation.json">
        <metrics statements="0" coveredstatements="0" conditionals="0" coveredconditionals="0" methods="0" coveredmethods="0"/>
      </file>
    </package>
    <package name="src.locales.es">
      <metrics statements="0" coveredstatements="0" conditionals="0" coveredconditionals="0" methods="0" coveredmethods="0"/>
      <file name="translation.json" path="C:\Users\U503185\Desktop\Esempi\ingdanielemasone\src\locales\es\translation.json">
        <metrics statements="0" coveredstatements="0" conditionals="0" coveredconditionals="0" methods="0" coveredmethods="0"/>
      </file>
    </package>
    <package name="src.locales.fr">
      <metrics statements="0" coveredstatements="0" conditionals="0" coveredconditionals="0" methods="0" coveredmethods="0"/>
      <file name="translation.json" path="C:\Users\U503185\Desktop\Esempi\ingdanielemasone\src\locales\fr\translation.json">
        <metrics statements="0" coveredstatements="0" conditionals="0" coveredconditionals="0" methods="0" coveredmethods="0"/>
      </file>
    </package>
    <package name="src.locales.it">
      <metrics statements="0" coveredstatements="0" conditionals="0" coveredconditionals="0" methods="0" coveredmethods="0"/>
      <file name="translation.json" path="C:\Users\U503185\Desktop\Esempi\ingdanielemasone\src\locales\it\translation.json">
        <metrics statements="0" coveredstatements="0" conditionals="0" coveredconditionals="0" methods="0" coveredmethods="0"/>
      </file>
    </package>
    <package name="src.mock">
      <metrics statements="8" coveredstatements="8" conditionals="0" coveredconditionals="0" methods="0" coveredmethods="0"/>
      <file name="certifications.js" path="C:\Users\U503185\Desktop\Esempi\ingdanielemasone\src\mock\certifications.js">
        <metrics statements="1" coveredstatements="1" conditionals="0" coveredconditionals="0" methods="0" coveredmethods="0"/>
        <line num="1" count="7" type="stmt"/>
      </file>
      <file name="courses.js" path="C:\Users\U503185\Desktop\Esempi\ingdanielemasone\src\mock\courses.js">
        <metrics statements="1" coveredstatements="1" conditionals="0" coveredconditionals="0" methods="0" coveredmethods="0"/>
        <line num="14" count="7" type="stmt"/>
      </file>
      <file name="experiences.js" path="C:\Users\U503185\Desktop\Esempi\ingdanielemasone\src\mock\experiences.js">
        <metrics statements="1" coveredstatements="1" conditionals="0" coveredconditionals="0" methods="0" coveredmethods="0"/>
        <line num="1" count="7" type="stmt"/>
      </file>
      <file name="links.js" path="C:\Users\U503185\Desktop\Esempi\ingdanielemasone\src\mock\links.js">
        <metrics statements="2" coveredstatements="2" conditionals="0" coveredconditionals="0" methods="0" coveredmethods="0"/>
        <line num="4" count="7" type="stmt"/>
        <line num="8" count="7" type="stmt"/>
      </file>
      <file name="projects.js" path="C:\Users\U503185\Desktop\Esempi\ingdanielemasone\src\mock\projects.js">
        <metrics statements="1" coveredstatements="1" conditionals="0" coveredconditionals="0" methods="0" coveredmethods="0"/>
        <line num="1" count="7" type="stmt"/>
      </file>
      <file name="testimonials.js" path="C:\Users\U503185\Desktop\Esempi\ingdanielemasone\src\mock\testimonials.js">
        <metrics statements="1" coveredstatements="1" conditionals="0" coveredconditionals="0" methods="0" coveredmethods="0"/>
        <line num="1" count="7" type="stmt"/>
      </file>
      <file name="trading.js" path="C:\Users\U503185\Desktop\Esempi\ingdanielemasone\src\mock\trading.js">
        <metrics statements="1" coveredstatements="1" conditionals="0" coveredconditionals="0" methods="0" coveredmethods="0"/>
        <line num="1" count="7" type="stmt"/>
      </file>
    </package>
    <package name="src.pages.certifications">
      <metrics statements="19" coveredstatements="19" conditionals="4" coveredconditionals="4" methods="5" coveredmethods="5"/>
      <file name="Certifications.jsx" path="C:\Users\U503185\Desktop\Esempi\ingdanielemasone\src\pages\certifications\Certifications.jsx">
        <metrics statements="19" coveredstatements="19" conditionals="4" coveredconditionals="4" methods="5" coveredmethods="5"/>
        <line num="14" count="1" type="stmt"/>
        <line num="31" count="13" type="stmt"/>
        <line num="32" count="13" type="stmt"/>
        <line num="33" count="13" type="stmt"/>
        <line num="34" count="13" type="stmt"/>
        <line num="35" count="13" type="stmt"/>
        <line num="37" count="13" type="stmt"/>
        <line num="38" count="7" type="stmt"/>
        <line num="39" count="7" type="stmt"/>
        <line num="41" count="7" type="stmt"/>
        <line num="44" count="6" type="stmt"/>
        <line num="47" count="13" type="stmt"/>
        <line num="48" count="7" type="stmt"/>
        <line num="51" count="13" type="stmt"/>
        <line num="53" count="13" type="stmt"/>
        <line num="58" count="13" type="cond" truecount="2" falsecount="0"/>
        <line num="59" count="6" type="cond" truecount="2" falsecount="0"/>
        <line num="61" count="5" type="stmt"/>
        <line num="79" count="20" type="stmt"/>
      </file>
    </package>
    <package name="src.pages.cookiePolicy">
      <metrics statements="2" coveredstatements="2" conditionals="0" coveredconditionals="0" methods="1" coveredmethods="1"/>
      <file name="CookiePolicy.jsx" path="C:\Users\U503185\Desktop\Esempi\ingdanielemasone\src\pages\cookiePolicy\CookiePolicy.jsx">
        <metrics statements="2" coveredstatements="2" conditionals="0" coveredconditionals="0" methods="1" coveredmethods="1"/>
        <line num="22" count="3" type="stmt"/>
        <line num="24" count="3" type="stmt"/>
      </file>
    </package>
    <package name="src.pages.courses">
      <metrics statements="19" coveredstatements="19" conditionals="4" coveredconditionals="4" methods="5" coveredmethods="5"/>
      <file name="Courses.jsx" path="C:\Users\U503185\Desktop\Esempi\ingdanielemasone\src\pages\courses\Courses.jsx">
        <metrics statements="19" coveredstatements="19" conditionals="4" coveredconditionals="4" methods="5" coveredmethods="5"/>
        <line num="15" count="1" type="stmt"/>
        <line num="33" count="16" type="stmt"/>
        <line num="34" count="16" type="stmt"/>
        <line num="35" count="16" type="stmt"/>
        <line num="36" count="16" type="stmt"/>
        <line num="37" count="16" type="stmt"/>
        <line num="39" count="16" type="stmt"/>
        <line num="40" count="8" type="stmt"/>
        <line num="41" count="8" type="stmt"/>
        <line num="43" count="8" type="stmt"/>
        <line num="46" count="7" type="stmt"/>
        <line num="49" count="16" type="stmt"/>
        <line num="50" count="8" type="stmt"/>
        <line num="53" count="16" type="stmt"/>
        <line num="55" count="16" type="stmt"/>
        <line num="60" count="16" type="cond" truecount="2" falsecount="0"/>
        <line num="61" count="8" type="cond" truecount="2" falsecount="0"/>
        <line num="63" count="7" type="stmt"/>
        <line num="81" count="28" type="stmt"/>
      </file>
    </package>
    <package name="src.pages.experience">
      <metrics statements="49" coveredstatements="49" conditionals="32" coveredconditionals="28" methods="16" coveredmethods="16"/>
      <file name="Experience.jsx" path="C:\Users\U503185\Desktop\Esempi\ingdanielemasone\src\pages\experience\Experience.jsx">
        <metrics statements="49" coveredstatements="49" conditionals="32" coveredconditionals="28" methods="16" coveredmethods="16"/>
        <line num="29" count="1" type="stmt"/>
        <line num="30" count="9" type="stmt"/>
        <line num="31" count="9" type="stmt"/>
        <line num="33" count="9" type="cond" truecount="1" falsecount="1"/>
        <line num="35" count="9" type="stmt"/>
        <line num="36" count="9" type="cond" truecount="1" falsecount="1"/>
        <line num="38" count="9" type="cond" truecount="4" falsecount="0"/>
        <line num="39" count="1" type="stmt"/>
        <line num="42" count="8" type="cond" truecount="2" falsecount="0"/>
        <line num="43" count="1" type="stmt"/>
        <line num="46" count="7" type="cond" truecount="2" falsecount="0"/>
        <line num="47" count="6" type="stmt"/>
        <line num="50" count="1" type="stmt"/>
        <line num="66" count="26" type="stmt"/>
        <line num="69" count="26" type="stmt"/>
        <line num="70" count="26" type="stmt"/>
        <line num="71" count="26" type="stmt"/>
        <line num="72" count="26" type="stmt"/>
        <line num="75" count="26" type="stmt"/>
        <line num="76" count="11" type="stmt"/>
        <line num="77" count="11" type="stmt"/>
        <line num="79" count="11" type="stmt"/>
        <line num="82" count="10" type="stmt"/>
        <line num="85" count="26" type="stmt"/>
        <line num="86" count="10" type="stmt"/>
        <line num="90" count="26" type="stmt"/>
        <line num="91" count="18" type="stmt"/>
        <line num="92" count="18" type="stmt"/>
        <line num="94" count="18" type="stmt"/>
        <line num="95" count="14" type="stmt"/>
        <line num="96" count="14" type="cond" truecount="1" falsecount="1"/>
        <line num="97" count="28" type="stmt"/>
        <line num="101" count="21" type="stmt"/>
        <line num="105" count="26" type="stmt"/>
        <line num="106" count="23" type="cond" truecount="4" falsecount="0"/>
        <line num="107" count="7" type="stmt"/>
        <line num="112" count="26" type="stmt"/>
        <line num="113" count="23" type="cond" truecount="2" falsecount="0"/>
        <line num="114" count="10" type="stmt"/>
        <line num="117" count="26" type="cond" truecount="2" falsecount="0"/>
        <line num="118" count="15" type="cond" truecount="2" falsecount="0"/>
        <line num="120" count="13" type="stmt"/>
        <line num="130" count="36" type="stmt"/>
        <line num="134" count="2" type="stmt"/>
        <line num="148" count="5" type="stmt"/>
        <line num="166" count="5" type="stmt"/>
        <line num="167" count="5" type="cond" truecount="1" falsecount="1"/>
        <line num="169" count="5" type="stmt"/>
        <line num="175" count="5" type="stmt"/>
      </file>
    </package>
    <package name="src.pages.home">
      <metrics statements="2" coveredstatements="2" conditionals="0" coveredconditionals="0" methods="1" coveredmethods="1"/>
      <file name="Home.jsx" path="C:\Users\U503185\Desktop\Esempi\ingdanielemasone\src\pages\home\Home.jsx">
        <metrics statements="2" coveredstatements="2" conditionals="0" coveredconditionals="0" methods="1" coveredmethods="1"/>
        <line num="19" count="6" type="stmt"/>
        <line num="21" count="6" type="stmt"/>
      </file>
    </package>
    <package name="src.pages.privacy">
      <metrics statements="2" coveredstatements="2" conditionals="0" coveredconditionals="0" methods="1" coveredmethods="1"/>
      <file name="Privacy.jsx" path="C:\Users\U503185\Desktop\Esempi\ingdanielemasone\src\pages\privacy\Privacy.jsx">
        <metrics statements="2" coveredstatements="2" conditionals="0" coveredconditionals="0" methods="1" coveredmethods="1"/>
        <line num="17" count="3" type="stmt"/>
        <line num="19" count="3" type="stmt"/>
      </file>
    </package>
    <package name="src.pages.projects">
      <metrics statements="32" coveredstatements="29" conditionals="18" coveredconditionals="14" methods="10" coveredmethods="9"/>
      <file name="Projects.jsx" path="C:\Users\U503185\Desktop\Esempi\ingdanielemasone\src\pages\projects\Projects.jsx">
        <metrics statements="32" coveredstatements="29" conditionals="18" coveredconditionals="14" methods="10" coveredmethods="9"/>
        <line num="15" count="1" type="stmt"/>
        <line num="31" count="10" type="stmt"/>
        <line num="32" count="10" type="stmt"/>
        <line num="33" count="10" type="stmt"/>
        <line num="34" count="10" type="stmt"/>
        <line num="35" count="10" type="stmt"/>
        <line num="36" count="10" type="stmt"/>
        <line num="38" count="10" type="stmt"/>
        <line num="39" count="5" type="stmt"/>
        <line num="40" count="5" type="stmt"/>
        <line num="42" count="5" type="stmt"/>
        <line num="45" count="4" type="stmt"/>
        <line num="48" count="10" type="stmt"/>
        <line num="49" count="5" type="stmt"/>
        <line num="52" count="12" type="stmt"/>
        <line num="54" count="10" type="stmt"/>
        <line num="55" count="12" type="cond" truecount="2" falsecount="0"/>
        <line num="56" count="12" type="stmt"/>
        <line num="57" count="12" type="stmt"/>
        <line num="60" count="10" type="cond" truecount="2" falsecount="0"/>
        <line num="61" count="5" type="cond" truecount="2" falsecount="0"/>
        <line num="63" count="4" type="stmt"/>
        <line num="69" count="4" type="cond" truecount="1" falsecount="1"/>
        <line num="70" count="4" type="stmt"/>
        <line num="71" count="4" type="stmt"/>
        <line num="76" count="4" type="stmt"/>
        <line num="85" count="4" type="cond" truecount="1" falsecount="1"/>
        <line num="87" count="4" type="stmt"/>
        <line num="91" count="0" type="stmt"/>
        <line num="92" count="0" type="stmt"/>
        <line num="93" count="0" type="stmt"/>
        <line num="139" count="7" type="stmt"/>
      </file>
    </package>
    <package name="src.pages.testimonials">
      <metrics statements="19" coveredstatements="19" conditionals="6" coveredconditionals="6" methods="5" coveredmethods="5"/>
      <file name="Testimonials.jsx" path="C:\Users\U503185\Desktop\Esempi\ingdanielemasone\src\pages\testimonials\Testimonials.jsx">
        <metrics statements="19" coveredstatements="19" conditionals="6" coveredconditionals="6" methods="5" coveredmethods="5"/>
        <line num="16" count="1" type="stmt"/>
        <line num="30" count="18" type="stmt"/>
        <line num="31" count="18" type="stmt"/>
        <line num="32" count="18" type="stmt"/>
        <line num="33" count="18" type="stmt"/>
        <line num="34" count="18" type="stmt"/>
        <line num="36" count="18" type="stmt"/>
        <line num="37" count="9" type="stmt"/>
        <line num="38" count="9" type="stmt"/>
        <line num="40" count="9" type="stmt"/>
        <line num="43" count="8" type="stmt"/>
        <line num="46" count="18" type="stmt"/>
        <line num="47" count="8" type="stmt"/>
        <line num="50" count="18" type="stmt"/>
        <line num="52" count="18" type="stmt"/>
        <line num="57" count="18" type="cond" truecount="2" falsecount="0"/>
        <line num="58" count="9" type="cond" truecount="2" falsecount="0"/>
        <line num="60" count="7" type="stmt"/>
        <line num="78" count="28" type="stmt"/>
      </file>
    </package>
    <package name="src.pages.trading">
      <metrics statements="21" coveredstatements="21" conditionals="6" coveredconditionals="6" methods="8" coveredmethods="8"/>
      <file name="Trading.jsx" path="C:\Users\U503185\Desktop\Esempi\ingdanielemasone\src\pages\trading\Trading.jsx">
        <metrics statements="21" coveredstatements="21" conditionals="6" coveredconditionals="6" methods="8" coveredmethods="8"/>
        <line num="10" count="1" type="stmt"/>
        <line num="11" count="1" type="stmt"/>
        <line num="25" count="7" type="stmt"/>
        <line num="26" count="7" type="stmt"/>
        <line num="27" count="7" type="stmt"/>
        <line num="28" count="7" type="stmt"/>
        <line num="30" count="7" type="stmt"/>
        <line num="31" count="4" type="stmt"/>
        <line num="32" count="4" type="stmt"/>
        <line num="34" count="4" type="stmt"/>
        <line num="37" count="3" type="stmt"/>
        <line num="40" count="7" type="stmt"/>
        <line num="41" count="4" type="stmt"/>
        <line num="44" count="7" type="stmt"/>
        <line num="52" count="4" type="stmt"/>
        <line num="53" count="4" type="stmt"/>
        <line num="58" count="4" type="stmt"/>
        <line num="66" count="7" type="cond" truecount="2" falsecount="0"/>
        <line num="67" count="3" type="cond" truecount="2" falsecount="0"/>
        <line num="69" count="2" type="stmt"/>
        <line num="77" count="6" type="stmt"/>
      </file>
    </package>
    <package name="src.services">
      <metrics statements="15" coveredstatements="1" conditionals="0" coveredconditionals="0" methods="9" coveredmethods="0"/>
      <file name="portfolio.service.jsx" path="C:\Users\U503185\Desktop\Esempi\ingdanielemasone\src\services\portfolio.service.jsx">
        <metrics statements="15" coveredstatements="1" conditionals="0" coveredconditionals="0" methods="9" coveredmethods="0"/>
        <line num="15" count="7" type="stmt"/>
        <line num="25" count="0" type="stmt"/>
        <line num="26" count="0" type="stmt"/>
        <line num="37" count="0" type="stmt"/>
        <line num="38" count="0" type="stmt"/>
        <line num="49" count="0" type="stmt"/>
        <line num="50" count="0" type="stmt"/>
        <line num="61" count="0" type="stmt"/>
        <line num="62" count="0" type="stmt"/>
        <line num="73" count="0" type="stmt"/>
        <line num="74" count="0" type="stmt"/>
        <line num="85" count="0" type="stmt"/>
        <line num="86" count="0" type="stmt"/>
        <line num="97" count="0" type="stmt"/>
        <line num="98" count="0" type="stmt"/>
      </file>
    </package>
  </project>
</coverage>
