{"C:\\Users\\U503185\\Desktop\\Esempi\\ingdanielemasone\\src\\App.jsx": {"path":"C:\\Users\\U503185\\Desktop\\Esempi\\ingdanielemasone\\src\\App.jsx","statementMap":{"0":{"start":{"line":9,"column":6},"end":{"line":9,"column":null}},"1":{"start":{"line":9,"column":24},"end":{"line":9,"column":null}},"2":{"start":{"line":10,"column":6},"end":{"line":10,"column":null}},"3":{"start":{"line":10,"column":30},"end":{"line":10,"column":null}},"4":{"start":{"line":11,"column":6},"end":{"line":11,"column":null}},"5":{"start":{"line":11,"column":28},"end":{"line":11,"column":null}},"6":{"start":{"line":12,"column":6},"end":{"line":12,"column":null}},"7":{"start":{"line":12,"column":27},"end":{"line":12,"column":null}},"8":{"start":{"line":13,"column":6},"end":{"line":13,"column":null}},"9":{"start":{"line":13,"column":34},"end":{"line":13,"column":null}},"10":{"start":{"line":14,"column":6},"end":{"line":14,"column":null}},"11":{"start":{"line":14,"column":27},"end":{"line":14,"column":null}},"12":{"start":{"line":15,"column":6},"end":{"line":15,"column":null}},"13":{"start":{"line":15,"column":32},"end":{"line":15,"column":null}},"14":{"start":{"line":16,"column":6},"end":{"line":16,"column":null}},"15":{"start":{"line":16,"column":27},"end":{"line":16,"column":null}},"16":{"start":{"line":17,"column":6},"end":{"line":17,"column":null}},"17":{"start":{"line":17,"column":32},"end":{"line":17,"column":null}},"18":{"start":{"line":19,"column":16},"end":{"line":22,"column":null}},"19":{"start":{"line":20,"column":4},"end":{"line":22,"column":null}},"20":{"start":{"line":29,"column":4},"end":{"line":50,"column":null}}},"fnMap":{"0":{"name":"(anonymous_0)","decl":{"start":{"line":9,"column":18},"end":{"line":9,"column":24}},"loc":{"start":{"line":9,"column":24},"end":{"line":9,"column":null}},"line":9},"1":{"name":"(anonymous_1)","decl":{"start":{"line":10,"column":24},"end":{"line":10,"column":30}},"loc":{"start":{"line":10,"column":30},"end":{"line":10,"column":null}},"line":10},"2":{"name":"(anonymous_2)","decl":{"start":{"line":11,"column":22},"end":{"line":11,"column":28}},"loc":{"start":{"line":11,"column":28},"end":{"line":11,"column":null}},"line":11},"3":{"name":"(anonymous_3)","decl":{"start":{"line":12,"column":21},"end":{"line":12,"column":27}},"loc":{"start":{"line":12,"column":27},"end":{"line":12,"column":null}},"line":12},"4":{"name":"(anonymous_4)","decl":{"start":{"line":13,"column":28},"end":{"line":13,"column":34}},"loc":{"start":{"line":13,"column":34},"end":{"line":13,"column":null}},"line":13},"5":{"name":"(anonymous_5)","decl":{"start":{"line":14,"column":21},"end":{"line":14,"column":27}},"loc":{"start":{"line":14,"column":27},"end":{"line":14,"column":null}},"line":14},"6":{"name":"(anonymous_6)","decl":{"start":{"line":15,"column":26},"end":{"line":15,"column":32}},"loc":{"start":{"line":15,"column":32},"end":{"line":15,"column":null}},"line":15},"7":{"name":"(anonymous_7)","decl":{"start":{"line":16,"column":21},"end":{"line":16,"column":27}},"loc":{"start":{"line":16,"column":27},"end":{"line":16,"column":null}},"line":16},"8":{"name":"(anonymous_8)","decl":{"start":{"line":17,"column":26},"end":{"line":17,"column":32}},"loc":{"start":{"line":17,"column":32},"end":{"line":17,"column":null}},"line":17},"9":{"name":"(anonymous_9)","decl":{"start":{"line":19,"column":16},"end":{"line":19,"column":null}},"loc":{"start":{"line":20,"column":4},"end":{"line":22,"column":null}},"line":20},"10":{"name":"App","decl":{"start":{"line":28,"column":24},"end":{"line":28,"column":30}},"loc":{"start":{"line":28,"column":30},"end":{"line":52,"column":null}},"line":28}},"branchMap":{},"s":{"0":1,"1":1,"2":1,"3":1,"4":1,"5":1,"6":1,"7":1,"8":1,"9":1,"10":1,"11":1,"12":1,"13":1,"14":1,"15":1,"16":1,"17":1,"18":1,"19":10,"20":11},"f":{"0":1,"1":1,"2":1,"3":1,"4":1,"5":1,"6":1,"7":1,"8":1,"9":10,"10":11},"b":{},"meta":{"lastBranch":0,"lastFunction":11,"lastStatement":21,"seen":{"s:9:6:9:Infinity":0,"f:9:18:9:24":0,"s:9:24:9:Infinity":1,"s:10:6:10:Infinity":2,"f:10:24:10:30":1,"s:10:30:10:Infinity":3,"s:11:6:11:Infinity":4,"f:11:22:11:28":2,"s:11:28:11:Infinity":5,"s:12:6:12:Infinity":6,"f:12:21:12:27":3,"s:12:27:12:Infinity":7,"s:13:6:13:Infinity":8,"f:13:28:13:34":4,"s:13:34:13:Infinity":9,"s:14:6:14:Infinity":10,"f:14:21:14:27":5,"s:14:27:14:Infinity":11,"s:15:6:15:Infinity":12,"f:15:26:15:32":6,"s:15:32:15:Infinity":13,"s:16:6:16:Infinity":14,"f:16:21:16:27":7,"s:16:27:16:Infinity":15,"s:17:6:17:Infinity":16,"f:17:26:17:32":8,"s:17:32:17:Infinity":17,"s:19:16:22:Infinity":18,"f:19:16:19:Infinity":9,"s:20:4:22:Infinity":19,"f:28:24:28:30":10,"s:29:4:50:Infinity":20}}}
,"C:\\Users\\U503185\\Desktop\\Esempi\\ingdanielemasone\\src\\assets\\cover.png": {"path":"C:\\Users\\U503185\\Desktop\\Esempi\\ingdanielemasone\\src\\assets\\cover.png","statementMap":{},"fnMap":{},"branchMap":{},"s":{},"f":{},"b":{},"meta":{"lastBranch":0,"lastFunction":0,"lastStatement":0,"seen":{}}}
,"C:\\Users\\U503185\\Desktop\\Esempi\\ingdanielemasone\\src\\assets\\daniele.jpg": {"path":"C:\\Users\\U503185\\Desktop\\Esempi\\ingdanielemasone\\src\\assets\\daniele.jpg","statementMap":{},"fnMap":{},"branchMap":{},"s":{},"f":{},"b":{},"meta":{"lastBranch":0,"lastFunction":0,"lastStatement":0,"seen":{}}}
,"C:\\Users\\U503185\\Desktop\\Esempi\\ingdanielemasone\\src\\assets\\courses\\ANGULARJS.png": {"path":"C:\\Users\\U503185\\Desktop\\Esempi\\ingdanielemasone\\src\\assets\\courses\\ANGULARJS.png","statementMap":{},"fnMap":{},"branchMap":{},"s":{},"f":{},"b":{},"meta":{"lastBranch":0,"lastFunction":0,"lastStatement":0,"seen":{}}}
,"C:\\Users\\U503185\\Desktop\\Esempi\\ingdanielemasone\\src\\assets\\courses\\ASSEMBLY.png": {"path":"C:\\Users\\U503185\\Desktop\\Esempi\\ingdanielemasone\\src\\assets\\courses\\ASSEMBLY.png","statementMap":{},"fnMap":{},"branchMap":{},"s":{},"f":{},"b":{},"meta":{"lastBranch":0,"lastFunction":0,"lastStatement":0,"seen":{}}}
,"C:\\Users\\U503185\\Desktop\\Esempi\\ingdanielemasone\\src\\assets\\courses\\C.png": {"path":"C:\\Users\\U503185\\Desktop\\Esempi\\ingdanielemasone\\src\\assets\\courses\\C.png","statementMap":{},"fnMap":{},"branchMap":{},"s":{},"f":{},"b":{},"meta":{"lastBranch":0,"lastFunction":0,"lastStatement":0,"seen":{}}}
,"C:\\Users\\U503185\\Desktop\\Esempi\\ingdanielemasone\\src\\assets\\courses\\CPLUSPLUS.png": {"path":"C:\\Users\\U503185\\Desktop\\Esempi\\ingdanielemasone\\src\\assets\\courses\\CPLUSPLUS.png","statementMap":{},"fnMap":{},"branchMap":{},"s":{},"f":{},"b":{},"meta":{"lastBranch":0,"lastFunction":0,"lastStatement":0,"seen":{}}}
,"C:\\Users\\U503185\\Desktop\\Esempi\\ingdanielemasone\\src\\assets\\courses\\GIT.png": {"path":"C:\\Users\\U503185\\Desktop\\Esempi\\ingdanielemasone\\src\\assets\\courses\\GIT.png","statementMap":{},"fnMap":{},"branchMap":{},"s":{},"f":{},"b":{},"meta":{"lastBranch":0,"lastFunction":0,"lastStatement":0,"seen":{}}}
,"C:\\Users\\U503185\\Desktop\\Esempi\\ingdanielemasone\\src\\assets\\courses\\HTML5.png": {"path":"C:\\Users\\U503185\\Desktop\\Esempi\\ingdanielemasone\\src\\assets\\courses\\HTML5.png","statementMap":{},"fnMap":{},"branchMap":{},"s":{},"f":{},"b":{},"meta":{"lastBranch":0,"lastFunction":0,"lastStatement":0,"seen":{}}}
,"C:\\Users\\U503185\\Desktop\\Esempi\\ingdanielemasone\\src\\assets\\courses\\JAVA.png": {"path":"C:\\Users\\U503185\\Desktop\\Esempi\\ingdanielemasone\\src\\assets\\courses\\JAVA.png","statementMap":{},"fnMap":{},"branchMap":{},"s":{},"f":{},"b":{},"meta":{"lastBranch":0,"lastFunction":0,"lastStatement":0,"seen":{}}}
,"C:\\Users\\U503185\\Desktop\\Esempi\\ingdanielemasone\\src\\assets\\courses\\JAVASCRIPT.png": {"path":"C:\\Users\\U503185\\Desktop\\Esempi\\ingdanielemasone\\src\\assets\\courses\\JAVASCRIPT.png","statementMap":{},"fnMap":{},"branchMap":{},"s":{},"f":{},"b":{},"meta":{"lastBranch":0,"lastFunction":0,"lastStatement":0,"seen":{}}}
,"C:\\Users\\U503185\\Desktop\\Esempi\\ingdanielemasone\\src\\assets\\courses\\JQUERY.png": {"path":"C:\\Users\\U503185\\Desktop\\Esempi\\ingdanielemasone\\src\\assets\\courses\\JQUERY.png","statementMap":{},"fnMap":{},"branchMap":{},"s":{},"f":{},"b":{},"meta":{"lastBranch":0,"lastFunction":0,"lastStatement":0,"seen":{}}}
,"C:\\Users\\U503185\\Desktop\\Esempi\\ingdanielemasone\\src\\assets\\courses\\PHP.png": {"path":"C:\\Users\\U503185\\Desktop\\Esempi\\ingdanielemasone\\src\\assets\\courses\\PHP.png","statementMap":{},"fnMap":{},"branchMap":{},"s":{},"f":{},"b":{},"meta":{"lastBranch":0,"lastFunction":0,"lastStatement":0,"seen":{}}}
,"C:\\Users\\U503185\\Desktop\\Esempi\\ingdanielemasone\\src\\assets\\courses\\SQL.png": {"path":"C:\\Users\\U503185\\Desktop\\Esempi\\ingdanielemasone\\src\\assets\\courses\\SQL.png","statementMap":{},"fnMap":{},"branchMap":{},"s":{},"f":{},"b":{},"meta":{"lastBranch":0,"lastFunction":0,"lastStatement":0,"seen":{}}}
,"C:\\Users\\U503185\\Desktop\\Esempi\\ingdanielemasone\\src\\assets\\courses\\TYPESCRIPT.png": {"path":"C:\\Users\\U503185\\Desktop\\Esempi\\ingdanielemasone\\src\\assets\\courses\\TYPESCRIPT.png","statementMap":{},"fnMap":{},"branchMap":{},"s":{},"f":{},"b":{},"meta":{"lastBranch":0,"lastFunction":0,"lastStatement":0,"seen":{}}}
,"C:\\Users\\U503185\\Desktop\\Esempi\\ingdanielemasone\\src\\components\\footer\\Footer.jsx": {"path":"C:\\Users\\U503185\\Desktop\\Esempi\\ingdanielemasone\\src\\components\\footer\\Footer.jsx","statementMap":{"0":{"start":{"line":17,"column":4},"end":{"line":17,"column":null}},"1":{"start":{"line":17,"column":28},"end":{"line":17,"column":null}},"2":{"start":{"line":19,"column":4},"end":{"line":31,"column":null}},"3":{"start":{"line":35,"column":28},"end":{"line":37,"column":null}},"4":{"start":{"line":48,"column":12},"end":{"line":48,"column":null}},"5":{"start":{"line":50,"column":18},"end":{"line":87,"column":null}},"6":{"start":{"line":89,"column":4},"end":{"line":126,"column":null}},"7":{"start":{"line":98,"column":24},"end":{"line":118,"column":null}}},"fnMap":{"0":{"name":"BrandIcon","decl":{"start":{"line":16,"column":16},"end":{"line":16,"column":26}},"loc":{"start":{"line":16,"column":72},"end":{"line":33,"column":null}},"line":16},"1":{"name":"Footer","decl":{"start":{"line":47,"column":16},"end":{"line":47,"column":25}},"loc":{"start":{"line":47,"column":25},"end":{"line":128,"column":null}},"line":47},"2":{"name":"(anonymous_2)","decl":{"start":{"line":97,"column":31},"end":{"line":97,"column":32}},"loc":{"start":{"line":98,"column":24},"end":{"line":118,"column":null}},"line":98}},"branchMap":{"0":{"loc":{"start":{"line":16,"column":52},"end":{"line":16,"column":63}},"type":"default-arg","locations":[{"start":{"line":16,"column":59},"end":{"line":16,"column":63}}],"line":16},"1":{"loc":{"start":{"line":17,"column":4},"end":{"line":17,"column":null}},"type":"if","locations":[{"start":{"line":17,"column":4},"end":{"line":17,"column":null}},{"start":{},"end":{}}],"line":17},"2":{"loc":{"start":{"line":17,"column":8},"end":{"line":17,"column":28}},"type":"binary-expr","locations":[{"start":{"line":17,"column":8},"end":{"line":17,"column":17}},{"start":{"line":17,"column":17},"end":{"line":17,"column":28}}],"line":17},"3":{"loc":{"start":{"line":28,"column":25},"end":{"line":28,"column":null}},"type":"cond-expr","locations":[{"start":{"line":28,"column":33},"end":{"line":28,"column":45}},{"start":{"line":28,"column":45},"end":{"line":28,"column":null}}],"line":28},"4":{"loc":{"start":{"line":29,"column":24},"end":{"line":29,"column":null}},"type":"binary-expr","locations":[{"start":{"line":29,"column":24},"end":{"line":29,"column":33}},{"start":{"line":29,"column":33},"end":{"line":29,"column":null}}],"line":29}},"s":{"0":79,"1":2,"2":77,"3":2,"4":5,"5":5,"6":5,"7":25},"f":{"0":79,"1":5,"2":25},"b":{"0":[79],"1":[2,77],"2":[79,78],"3":[25,52],"4":[79,52]},"meta":{"lastBranch":5,"lastFunction":3,"lastStatement":8,"seen":{"f:16:16:16:26":0,"b:16:59:16:63":0,"b:17:4:17:Infinity:undefined:undefined:undefined:undefined":1,"s:17:4:17:Infinity":0,"b:17:8:17:17:17:17:17:28":2,"s:17:28:17:Infinity":1,"s:19:4:31:Infinity":2,"b:28:33:28:45:28:45:28:Infinity":3,"b:29:24:29:33:29:33:29:Infinity":4,"s:35:28:37:Infinity":3,"f:47:16:47:25":1,"s:48:12:48:Infinity":4,"s:50:18:87:Infinity":5,"s:89:4:126:Infinity":6,"f:97:31:97:32":2,"s:98:24:118:Infinity":7}}}
,"C:\\Users\\U503185\\Desktop\\Esempi\\ingdanielemasone\\src\\components\\header\\Header.jsx": {"path":"C:\\Users\\U503185\\Desktop\\Esempi\\ingdanielemasone\\src\\components\\header\\Header.jsx","statementMap":{"0":{"start":{"line":18,"column":12},"end":{"line":18,"column":null}},"1":{"start":{"line":19,"column":19},"end":{"line":19,"column":null}},"2":{"start":{"line":20,"column":32},"end":{"line":20,"column":null}},"3":{"start":{"line":21,"column":42},"end":{"line":21,"column":null}},"4":{"start":{"line":23,"column":20},"end":{"line":25,"column":null}},"5":{"start":{"line":27,"column":25},"end":{"line":34,"column":null}},"6":{"start":{"line":36,"column":4},"end":{"line":181,"column":null}},"7":{"start":{"line":42,"column":24},"end":{"line":50,"column":null}},"8":{"start":{"line":56,"column":43},"end":{"line":56,"column":null}},"9":{"start":{"line":70,"column":36},"end":{"line":79,"column":null}},"10":{"start":{"line":73,"column":55},"end":{"line":73,"column":null}},"11":{"start":{"line":95,"column":35},"end":{"line":95,"column":null}},"12":{"start":{"line":112,"column":43},"end":{"line":112,"column":null}},"13":{"start":{"line":131,"column":44},"end":{"line":131,"column":59}},"14":{"start":{"line":133,"column":32},"end":{"line":144,"column":null}},"15":{"start":{"line":136,"column":51},"end":{"line":136,"column":null}},"16":{"start":{"line":152,"column":32},"end":{"line":175,"column":null}},"17":{"start":{"line":161,"column":44},"end":{"line":172,"column":null}},"18":{"start":{"line":164,"column":63},"end":{"line":164,"column":null}}},"fnMap":{"0":{"name":"Header","decl":{"start":{"line":17,"column":16},"end":{"line":17,"column":25}},"loc":{"start":{"line":17,"column":25},"end":{"line":183,"column":null}},"line":17},"1":{"name":"(anonymous_1)","decl":{"start":{"line":41,"column":33},"end":{"line":41,"column":null}},"loc":{"start":{"line":42,"column":24},"end":{"line":50,"column":null}},"line":42},"2":{"name":"(anonymous_2)","decl":{"start":{"line":56,"column":37},"end":{"line":56,"column":43}},"loc":{"start":{"line":56,"column":43},"end":{"line":56,"column":null}},"line":56},"3":{"name":"(anonymous_3)","decl":{"start":{"line":69,"column":50},"end":{"line":69,"column":null}},"loc":{"start":{"line":70,"column":36},"end":{"line":79,"column":null}},"line":70},"4":{"name":"(anonymous_4)","decl":{"start":{"line":73,"column":49},"end":{"line":73,"column":55}},"loc":{"start":{"line":73,"column":55},"end":{"line":73,"column":null}},"line":73},"5":{"name":"(anonymous_5)","decl":{"start":{"line":95,"column":29},"end":{"line":95,"column":35}},"loc":{"start":{"line":95,"column":35},"end":{"line":95,"column":null}},"line":95},"6":{"name":"(anonymous_6)","decl":{"start":{"line":112,"column":37},"end":{"line":112,"column":43}},"loc":{"start":{"line":112,"column":43},"end":{"line":112,"column":null}},"line":112},"7":{"name":"(anonymous_7)","decl":{"start":{"line":131,"column":36},"end":{"line":131,"column":44}},"loc":{"start":{"line":131,"column":44},"end":{"line":131,"column":59}},"line":131},"8":{"name":"(anonymous_8)","decl":{"start":{"line":132,"column":33},"end":{"line":132,"column":null}},"loc":{"start":{"line":133,"column":32},"end":{"line":144,"column":null}},"line":133},"9":{"name":"(anonymous_9)","decl":{"start":{"line":136,"column":45},"end":{"line":136,"column":51}},"loc":{"start":{"line":136,"column":51},"end":{"line":136,"column":null}},"line":136},"10":{"name":"(anonymous_10)","decl":{"start":{"line":151,"column":29},"end":{"line":151,"column":30}},"loc":{"start":{"line":152,"column":32},"end":{"line":175,"column":null}},"line":152},"11":{"name":"(anonymous_11)","decl":{"start":{"line":160,"column":58},"end":{"line":160,"column":null}},"loc":{"start":{"line":161,"column":44},"end":{"line":172,"column":null}},"line":161},"12":{"name":"(anonymous_12)","decl":{"start":{"line":164,"column":57},"end":{"line":164,"column":63}},"loc":{"start":{"line":164,"column":63},"end":{"line":164,"column":null}},"line":164}},"branchMap":{"0":{"loc":{"start":{"line":46,"column":32},"end":{"line":46,"column":null}},"type":"cond-expr","locations":[{"start":{"line":46,"column":55},"end":{"line":46,"column":106}},{"start":{"line":46,"column":106},"end":{"line":46,"column":null}}],"line":46},"1":{"loc":{"start":{"line":58,"column":32},"end":{"line":58,"column":null}},"type":"cond-expr","locations":[{"start":{"line":58,"column":48},"end":{"line":58,"column":99}},{"start":{"line":58,"column":99},"end":{"line":58,"column":null}}],"line":58},"2":{"loc":{"start":{"line":63,"column":75},"end":{"line":63,"column":108}},"type":"cond-expr","locations":[{"start":{"line":63,"column":91},"end":{"line":63,"column":106}},{"start":{"line":63,"column":106},"end":{"line":63,"column":108}}],"line":63},"3":{"loc":{"start":{"line":66,"column":25},"end":{"line":81,"column":null}},"type":"binary-expr","locations":[{"start":{"line":66,"column":25},"end":{"line":66,"column":null}},{"start":{"line":67,"column":28},"end":{"line":81,"column":null}}],"line":66},"4":{"loc":{"start":{"line":75,"column":44},"end":{"line":75,"column":null}},"type":"cond-expr","locations":[{"start":{"line":75,"column":67},"end":{"line":75,"column":118}},{"start":{"line":75,"column":118},"end":{"line":75,"column":null}}],"line":75},"5":{"loc":{"start":{"line":98,"column":21},"end":{"line":98,"column":null}},"type":"cond-expr","locations":[{"start":{"line":98,"column":32},"end":{"line":98,"column":59}},{"start":{"line":98,"column":59},"end":{"line":98,"column":null}}],"line":98},"6":{"loc":{"start":{"line":103,"column":13},"end":{"line":179,"column":null}},"type":"binary-expr","locations":[{"start":{"line":103,"column":13},"end":{"line":103,"column":null}},{"start":{"line":104,"column":16},"end":{"line":179,"column":null}}],"line":103},"7":{"loc":{"start":{"line":114,"column":32},"end":{"line":116,"column":null}},"type":"cond-expr","locations":[{"start":{"line":115,"column":38},"end":{"line":115,"column":null}},{"start":{"line":116,"column":38},"end":{"line":116,"column":null}}],"line":114},"8":{"loc":{"start":{"line":138,"column":40},"end":{"line":140,"column":null}},"type":"cond-expr","locations":[{"start":{"line":139,"column":46},"end":{"line":139,"column":null}},{"start":{"line":140,"column":46},"end":{"line":140,"column":null}}],"line":138},"9":{"loc":{"start":{"line":157,"column":87},"end":{"line":157,"column":111}},"type":"cond-expr","locations":[{"start":{"line":157,"column":94},"end":{"line":157,"column":109}},{"start":{"line":157,"column":109},"end":{"line":157,"column":111}}],"line":157},"10":{"loc":{"start":{"line":166,"column":52},"end":{"line":168,"column":null}},"type":"cond-expr","locations":[{"start":{"line":167,"column":58},"end":{"line":167,"column":null}},{"start":{"line":168,"column":58},"end":{"line":168,"column":null}}],"line":166}},"s":{"0":33,"1":33,"2":33,"3":33,"4":33,"5":33,"6":33,"7":33,"8":5,"9":24,"10":1,"11":8,"12":1,"13":7,"14":0,"15":0,"16":22,"17":132,"18":1},"f":{"0":33,"1":33,"2":5,"3":24,"4":1,"5":8,"6":1,"7":7,"8":0,"9":0,"10":22,"11":132,"12":1},"b":{"0":[29,4],"1":[4,29],"2":[4,29],"3":[33,4],"4":[1,23],"5":[7,26],"6":[33,7],"7":[7,0],"8":[0,0],"9":[6,16],"10":[0,132]},"meta":{"lastBranch":11,"lastFunction":13,"lastStatement":19,"seen":{"f:17:16:17:25":0,"s:18:12:18:Infinity":0,"s:19:19:19:Infinity":1,"s:20:32:20:Infinity":2,"s:21:42:21:Infinity":3,"s:23:20:25:Infinity":4,"s:27:25:34:Infinity":5,"s:36:4:181:Infinity":6,"f:41:33:41:Infinity":1,"s:42:24:50:Infinity":7,"b:46:55:46:106:46:106:46:Infinity":0,"f:56:37:56:43":2,"s:56:43:56:Infinity":8,"b:58:48:58:99:58:99:58:Infinity":1,"b:63:91:63:106:63:106:63:108":2,"b:66:25:66:Infinity:67:28:81:Infinity":3,"f:69:50:69:Infinity":3,"s:70:36:79:Infinity":9,"f:73:49:73:55":4,"s:73:55:73:Infinity":10,"b:75:67:75:118:75:118:75:Infinity":4,"f:95:29:95:35":5,"s:95:35:95:Infinity":11,"b:98:32:98:59:98:59:98:Infinity":5,"b:103:13:103:Infinity:104:16:179:Infinity":6,"f:112:37:112:43":6,"s:112:43:112:Infinity":12,"b:115:38:115:Infinity:116:38:116:Infinity":7,"f:131:36:131:44":7,"s:131:44:131:59":13,"f:132:33:132:Infinity":8,"s:133:32:144:Infinity":14,"f:136:45:136:51":9,"s:136:51:136:Infinity":15,"b:139:46:139:Infinity:140:46:140:Infinity":8,"f:151:29:151:30":10,"s:152:32:175:Infinity":16,"b:157:94:157:109:157:109:157:111":9,"f:160:58:160:Infinity":11,"s:161:44:172:Infinity":17,"f:164:57:164:63":12,"s:164:63:164:Infinity":18,"b:167:58:167:Infinity:168:58:168:Infinity":10}}}
,"C:\\Users\\U503185\\Desktop\\Esempi\\ingdanielemasone\\src\\components\\notFound\\NotFound.jsx": {"path":"C:\\Users\\U503185\\Desktop\\Esempi\\ingdanielemasone\\src\\components\\notFound\\NotFound.jsx","statementMap":{"0":{"start":{"line":21,"column":12},"end":{"line":21,"column":null}},"1":{"start":{"line":22,"column":34},"end":{"line":22,"column":null}},"2":{"start":{"line":24,"column":4},"end":{"line":26,"column":null}},"3":{"start":{"line":25,"column":8},"end":{"line":25,"column":null}},"4":{"start":{"line":28,"column":4},"end":{"line":49,"column":null}}},"fnMap":{"0":{"name":"NotFound","decl":{"start":{"line":20,"column":16},"end":{"line":20,"column":27}},"loc":{"start":{"line":20,"column":27},"end":{"line":51,"column":null}},"line":20},"1":{"name":"(anonymous_1)","decl":{"start":{"line":24,"column":14},"end":{"line":24,"column":20}},"loc":{"start":{"line":24,"column":20},"end":{"line":26,"column":7}},"line":24}},"branchMap":{"0":{"loc":{"start":{"line":33,"column":20},"end":{"line":33,"column":null}},"type":"cond-expr","locations":[{"start":{"line":33,"column":32},"end":{"line":33,"column":48}},{"start":{"line":33,"column":48},"end":{"line":33,"column":null}}],"line":33}},"s":{"0":6,"1":6,"2":6,"3":3,"4":6},"f":{"0":6,"1":3},"b":{"0":[3,3]},"meta":{"lastBranch":1,"lastFunction":2,"lastStatement":5,"seen":{"f:20:16:20:27":0,"s:21:12:21:Infinity":0,"s:22:34:22:Infinity":1,"s:24:4:26:Infinity":2,"f:24:14:24:20":1,"s:25:8:25:Infinity":3,"s:28:4:49:Infinity":4,"b:33:32:33:48:33:48:33:Infinity":0}}}
,"C:\\Users\\U503185\\Desktop\\Esempi\\ingdanielemasone\\src\\components\\seoHead\\SeoHead.jsx": {"path":"C:\\Users\\U503185\\Desktop\\Esempi\\ingdanielemasone\\src\\components\\seoHead\\SeoHead.jsx","statementMap":{"0":{"start":{"line":19,"column":12},"end":{"line":19,"column":null}},"1":{"start":{"line":21,"column":18},"end":{"line":21,"column":null}},"2":{"start":{"line":22,"column":24},"end":{"line":22,"column":null}},"3":{"start":{"line":23,"column":16},"end":{"line":23,"column":null}},"4":{"start":{"line":24,"column":17},"end":{"line":24,"column":null}},"5":{"start":{"line":26,"column":4},"end":{"line":44,"column":null}}},"fnMap":{"0":{"name":"SeoHead","decl":{"start":{"line":18,"column":16},"end":{"line":18,"column":24}},"loc":{"start":{"line":18,"column":41},"end":{"line":46,"column":null}},"line":18}},"branchMap":{},"s":{"0":98,"1":98,"2":98,"3":98,"4":98,"5":98},"f":{"0":98},"b":{},"meta":{"lastBranch":0,"lastFunction":1,"lastStatement":6,"seen":{"f:18:16:18:24":0,"s:19:12:19:Infinity":0,"s:21:18:21:Infinity":1,"s:22:24:22:Infinity":2,"s:23:16:23:Infinity":3,"s:24:17:24:Infinity":4,"s:26:4:44:Infinity":5}}}
,"C:\\Users\\U503185\\Desktop\\Esempi\\ingdanielemasone\\src\\components\\ui\\avatarCard\\AvatarCard.jsx": {"path":"C:\\Users\\U503185\\Desktop\\Esempi\\ingdanielemasone\\src\\components\\ui\\avatarCard\\AvatarCard.jsx","statementMap":{"0":{"start":{"line":17,"column":12},"end":{"line":17,"column":null}},"1":{"start":{"line":19,"column":4},"end":{"line":54,"column":null}}},"fnMap":{"0":{"name":"AvatarCard","decl":{"start":{"line":16,"column":16},"end":{"line":16,"column":29}},"loc":{"start":{"line":16,"column":29},"end":{"line":56,"column":null}},"line":16}},"branchMap":{},"s":{"0":2,"1":2},"f":{"0":2},"b":{},"meta":{"lastBranch":0,"lastFunction":1,"lastStatement":2,"seen":{"f:16:16:16:29":0,"s:17:12:17:Infinity":0,"s:19:4:54:Infinity":1}}}
,"C:\\Users\\U503185\\Desktop\\Esempi\\ingdanielemasone\\src\\components\\ui\\card\\Card.jsx": {"path":"C:\\Users\\U503185\\Desktop\\Esempi\\ingdanielemasone\\src\\components\\ui\\card\\Card.jsx","statementMap":{"0":{"start":{"line":16,"column":4},"end":{"line":27,"column":null}}},"fnMap":{"0":{"name":"Card","decl":{"start":{"line":15,"column":16},"end":{"line":15,"column":21}},"loc":{"start":{"line":15,"column":58},"end":{"line":29,"column":null}},"line":15}},"branchMap":{"0":{"loc":{"start":{"line":15,"column":32},"end":{"line":15,"column":48}},"type":"default-arg","locations":[{"start":{"line":15,"column":44},"end":{"line":15,"column":48}}],"line":15}},"s":{"0":192},"f":{"0":192},"b":{"0":[192]},"meta":{"lastBranch":1,"lastFunction":1,"lastStatement":1,"seen":{"f:15:16:15:21":0,"b:15:44:15:48":0,"s:16:4:27:Infinity":0}}}
,"C:\\Users\\U503185\\Desktop\\Esempi\\ingdanielemasone\\src\\components\\ui\\cardContent\\CardContent.jsx": {"path":"C:\\Users\\U503185\\Desktop\\Esempi\\ingdanielemasone\\src\\components\\ui\\cardContent\\CardContent.jsx","statementMap":{"0":{"start":{"line":16,"column":4},"end":{"line":27,"column":null}}},"fnMap":{"0":{"name":"CardContent","decl":{"start":{"line":15,"column":16},"end":{"line":15,"column":28}},"loc":{"start":{"line":15,"column":65},"end":{"line":29,"column":null}},"line":15}},"branchMap":{"0":{"loc":{"start":{"line":15,"column":39},"end":{"line":15,"column":55}},"type":"default-arg","locations":[{"start":{"line":15,"column":51},"end":{"line":15,"column":55}}],"line":15}},"s":{"0":140},"f":{"0":140},"b":{"0":[140]},"meta":{"lastBranch":1,"lastFunction":1,"lastStatement":1,"seen":{"f:15:16:15:28":0,"b:15:51:15:55":0,"s:16:4:27:Infinity":0}}}
,"C:\\Users\\U503185\\Desktop\\Esempi\\ingdanielemasone\\src\\components\\ui\\cookieBanner\\CookieBanner.jsx": {"path":"C:\\Users\\U503185\\Desktop\\Esempi\\ingdanielemasone\\src\\components\\ui\\cookieBanner\\CookieBanner.jsx","statementMap":{"0":{"start":{"line":18,"column":30},"end":{"line":18,"column":null}},"1":{"start":{"line":20,"column":4},"end":{"line":26,"column":null}},"2":{"start":{"line":22,"column":8},"end":{"line":22,"column":null}},"3":{"start":{"line":22,"column":43},"end":{"line":22,"column":null}},"4":{"start":{"line":24,"column":24},"end":{"line":24,"column":null}},"5":{"start":{"line":25,"column":8},"end":{"line":25,"column":null}},"6":{"start":{"line":25,"column":22},"end":{"line":25,"column":null}},"7":{"start":{"line":28,"column":26},"end":{"line":31,"column":null}},"8":{"start":{"line":29,"column":8},"end":{"line":29,"column":null}},"9":{"start":{"line":30,"column":8},"end":{"line":30,"column":null}},"10":{"start":{"line":33,"column":4},"end":{"line":33,"column":null}},"11":{"start":{"line":33,"column":18},"end":{"line":33,"column":null}},"12":{"start":{"line":35,"column":4},"end":{"line":56,"column":null}}},"fnMap":{"0":{"name":"CookieBanner","decl":{"start":{"line":17,"column":16},"end":{"line":17,"column":31}},"loc":{"start":{"line":17,"column":31},"end":{"line":59,"column":null}},"line":17},"1":{"name":"(anonymous_1)","decl":{"start":{"line":20,"column":14},"end":{"line":20,"column":20}},"loc":{"start":{"line":20,"column":20},"end":{"line":26,"column":7}},"line":20},"2":{"name":"(anonymous_2)","decl":{"start":{"line":28,"column":26},"end":{"line":28,"column":32}},"loc":{"start":{"line":28,"column":32},"end":{"line":31,"column":null}},"line":28}},"branchMap":{"0":{"loc":{"start":{"line":22,"column":8},"end":{"line":22,"column":null}},"type":"if","locations":[{"start":{"line":22,"column":8},"end":{"line":22,"column":null}},{"start":{},"end":{}}],"line":22},"1":{"loc":{"start":{"line":25,"column":8},"end":{"line":25,"column":null}},"type":"if","locations":[{"start":{"line":25,"column":8},"end":{"line":25,"column":null}},{"start":{},"end":{}}],"line":25},"2":{"loc":{"start":{"line":33,"column":4},"end":{"line":33,"column":null}},"type":"if","locations":[{"start":{"line":33,"column":4},"end":{"line":33,"column":null}},{"start":{},"end":{}}],"line":33}},"s":{"0":6,"1":6,"2":3,"3":0,"4":3,"5":3,"6":2,"7":6,"8":1,"9":1,"10":6,"11":4,"12":2},"f":{"0":6,"1":3,"2":1},"b":{"0":[0,3],"1":[2,1],"2":[4,2]},"meta":{"lastBranch":3,"lastFunction":3,"lastStatement":13,"seen":{"f:17:16:17:31":0,"s:18:30:18:Infinity":0,"s:20:4:26:Infinity":1,"f:20:14:20:20":1,"b:22:8:22:Infinity:undefined:undefined:undefined:undefined":0,"s:22:8:22:Infinity":2,"s:22:43:22:Infinity":3,"s:24:24:24:Infinity":4,"b:25:8:25:Infinity:undefined:undefined:undefined:undefined":1,"s:25:8:25:Infinity":5,"s:25:22:25:Infinity":6,"s:28:26:31:Infinity":7,"f:28:26:28:32":2,"s:29:8:29:Infinity":8,"s:30:8:30:Infinity":9,"b:33:4:33:Infinity:undefined:undefined:undefined:undefined":2,"s:33:4:33:Infinity":10,"s:33:18:33:Infinity":11,"s:35:4:56:Infinity":12}}}
,"C:\\Users\\U503185\\Desktop\\Esempi\\ingdanielemasone\\src\\components\\ui\\darkModeToggle\\DarkModeToggle.jsx": {"path":"C:\\Users\\U503185\\Desktop\\Esempi\\ingdanielemasone\\src\\components\\ui\\darkModeToggle\\DarkModeToggle.jsx","statementMap":{"0":{"start":{"line":13,"column":32},"end":{"line":15,"column":null}},"1":{"start":{"line":14,"column":8},"end":{"line":14,"column":null}},"2":{"start":{"line":17,"column":4},"end":{"line":26,"column":null}},"3":{"start":{"line":18,"column":21},"end":{"line":18,"column":null}},"4":{"start":{"line":19,"column":8},"end":{"line":25,"column":null}},"5":{"start":{"line":20,"column":12},"end":{"line":20,"column":null}},"6":{"start":{"line":21,"column":12},"end":{"line":21,"column":null}},"7":{"start":{"line":23,"column":12},"end":{"line":23,"column":null}},"8":{"start":{"line":24,"column":12},"end":{"line":24,"column":null}},"9":{"start":{"line":28,"column":4},"end":{"line":39,"column":null}},"10":{"start":{"line":30,"column":27},"end":{"line":30,"column":null}}},"fnMap":{"0":{"name":"DarkModeToggle","decl":{"start":{"line":12,"column":16},"end":{"line":12,"column":33}},"loc":{"start":{"line":12,"column":33},"end":{"line":42,"column":null}},"line":12},"1":{"name":"(anonymous_1)","decl":{"start":{"line":13,"column":45},"end":{"line":13,"column":null}},"loc":{"start":{"line":14,"column":8},"end":{"line":14,"column":null}},"line":14},"2":{"name":"(anonymous_2)","decl":{"start":{"line":17,"column":14},"end":{"line":17,"column":20}},"loc":{"start":{"line":17,"column":20},"end":{"line":26,"column":7}},"line":17},"3":{"name":"(anonymous_3)","decl":{"start":{"line":30,"column":21},"end":{"line":30,"column":27}},"loc":{"start":{"line":30,"column":27},"end":{"line":30,"column":null}},"line":30}},"branchMap":{"0":{"loc":{"start":{"line":19,"column":8},"end":{"line":25,"column":null}},"type":"if","locations":[{"start":{"line":19,"column":8},"end":{"line":25,"column":null}},{"start":{"line":22,"column":15},"end":{"line":25,"column":null}}],"line":19},"1":{"loc":{"start":{"line":36,"column":24},"end":{"line":36,"column":null}},"type":"cond-expr","locations":[{"start":{"line":36,"column":35},"end":{"line":36,"column":60}},{"start":{"line":36,"column":60},"end":{"line":36,"column":null}}],"line":36},"2":{"loc":{"start":{"line":38,"column":13},"end":{"line":38,"column":null}},"type":"cond-expr","locations":[{"start":{"line":38,"column":24},"end":{"line":38,"column":54}},{"start":{"line":38,"column":54},"end":{"line":38,"column":null}}],"line":38}},"s":{"0":8,"1":4,"2":8,"3":8,"4":8,"5":3,"6":3,"7":5,"8":5,"9":8,"10":4},"f":{"0":8,"1":4,"2":8,"3":4},"b":{"0":[3,5],"1":[3,5],"2":[3,5]},"meta":{"lastBranch":3,"lastFunction":4,"lastStatement":11,"seen":{"f:12:16:12:33":0,"s:13:32:15:Infinity":0,"f:13:45:13:Infinity":1,"s:14:8:14:Infinity":1,"s:17:4:26:Infinity":2,"f:17:14:17:20":2,"s:18:21:18:Infinity":3,"b:19:8:25:Infinity:22:15:25:Infinity":0,"s:19:8:25:Infinity":4,"s:20:12:20:Infinity":5,"s:21:12:21:Infinity":6,"s:23:12:23:Infinity":7,"s:24:12:24:Infinity":8,"s:28:4:39:Infinity":9,"f:30:21:30:27":3,"s:30:27:30:Infinity":10,"b:36:35:36:60:36:60:36:Infinity":1,"b:38:24:38:54:38:54:38:Infinity":2}}}
,"C:\\Users\\U503185\\Desktop\\Esempi\\ingdanielemasone\\src\\components\\ui\\expandableText\\ExpandableText.jsx": {"path":"C:\\Users\\U503185\\Desktop\\Esempi\\ingdanielemasone\\src\\components\\ui\\expandableText\\ExpandableText.jsx","statementMap":{"0":{"start":{"line":20,"column":32},"end":{"line":20,"column":null}},"1":{"start":{"line":21,"column":36},"end":{"line":21,"column":null}},"2":{"start":{"line":22,"column":42},"end":{"line":22,"column":null}},"3":{"start":{"line":23,"column":10},"end":{"line":23,"column":null}},"4":{"start":{"line":24,"column":12},"end":{"line":24,"column":null}},"5":{"start":{"line":26,"column":4},"end":{"line":35,"column":null}},"6":{"start":{"line":27,"column":19},"end":{"line":27,"column":null}},"7":{"start":{"line":28,"column":8},"end":{"line":28,"column":null}},"8":{"start":{"line":28,"column":17},"end":{"line":28,"column":null}},"9":{"start":{"line":30,"column":27},"end":{"line":30,"column":null}},"10":{"start":{"line":31,"column":35},"end":{"line":31,"column":null}},"11":{"start":{"line":33,"column":8},"end":{"line":33,"column":null}},"12":{"start":{"line":34,"column":8},"end":{"line":34,"column":null}},"13":{"start":{"line":37,"column":4},"end":{"line":76,"column":null}},"14":{"start":{"line":61,"column":39},"end":{"line":61,"column":null}}},"fnMap":{"0":{"name":"ExpandableText","decl":{"start":{"line":19,"column":16},"end":{"line":19,"column":31}},"loc":{"start":{"line":19,"column":75},"end":{"line":78,"column":null}},"line":19},"1":{"name":"(anonymous_1)","decl":{"start":{"line":26,"column":20},"end":{"line":26,"column":26}},"loc":{"start":{"line":26,"column":26},"end":{"line":35,"column":7}},"line":26},"2":{"name":"(anonymous_2)","decl":{"start":{"line":61,"column":33},"end":{"line":61,"column":39}},"loc":{"start":{"line":61,"column":39},"end":{"line":61,"column":null}},"line":61}},"branchMap":{"0":{"loc":{"start":{"line":19,"column":32},"end":{"line":19,"column":44}},"type":"default-arg","locations":[{"start":{"line":19,"column":40},"end":{"line":19,"column":44}}],"line":19},"1":{"loc":{"start":{"line":19,"column":44},"end":{"line":19,"column":58}},"type":"default-arg","locations":[{"start":{"line":19,"column":55},"end":{"line":19,"column":58}}],"line":19},"2":{"loc":{"start":{"line":19,"column":58},"end":{"line":19,"column":72}},"type":"default-arg","locations":[{"start":{"line":19,"column":70},"end":{"line":19,"column":72}}],"line":19},"3":{"loc":{"start":{"line":28,"column":8},"end":{"line":28,"column":null}},"type":"if","locations":[{"start":{"line":28,"column":8},"end":{"line":28,"column":null}},{"start":{},"end":{}}],"line":28},"4":{"loc":{"start":{"line":46,"column":31},"end":{"line":46,"column":null}},"type":"cond-expr","locations":[{"start":{"line":46,"column":42},"end":{"line":46,"column":65}},{"start":{"line":46,"column":65},"end":{"line":46,"column":null}}],"line":46},"5":{"loc":{"start":{"line":52,"column":17},"end":{"line":53,"column":null}},"type":"binary-expr","locations":[{"start":{"line":52,"column":17},"end":{"line":52,"column":30}},{"start":{"line":52,"column":30},"end":{"line":52,"column":null}},{"start":{"line":53,"column":20},"end":{"line":53,"column":null}}],"line":52},"6":{"loc":{"start":{"line":57,"column":13},"end":{"line":74,"column":null}},"type":"binary-expr","locations":[{"start":{"line":57,"column":13},"end":{"line":57,"column":null}},{"start":{"line":58,"column":16},"end":{"line":74,"column":null}}],"line":57},"7":{"loc":{"start":{"line":64,"column":25},"end":{"line":71,"column":null}},"type":"cond-expr","locations":[{"start":{"line":65,"column":28},"end":{"line":67,"column":null}},{"start":{"line":69,"column":28},"end":{"line":71,"column":null}}],"line":64}},"s":{"0":176,"1":176,"2":176,"3":176,"4":176,"5":176,"6":159,"7":159,"8":0,"9":159,"10":159,"11":159,"12":159,"13":176,"14":3},"f":{"0":176,"1":159,"2":3},"b":{"0":[176],"1":[176],"2":[176],"3":[0,159],"4":[2,174],"5":[176,174,5],"6":[176,7],"7":[2,5]},"meta":{"lastBranch":8,"lastFunction":3,"lastStatement":15,"seen":{"f:19:16:19:31":0,"b:19:40:19:44":0,"b:19:55:19:58":1,"b:19:70:19:72":2,"s:20:32:20:Infinity":0,"s:21:36:21:Infinity":1,"s:22:42:22:Infinity":2,"s:23:10:23:Infinity":3,"s:24:12:24:Infinity":4,"s:26:4:35:Infinity":5,"f:26:20:26:26":1,"s:27:19:27:Infinity":6,"b:28:8:28:Infinity:undefined:undefined:undefined:undefined":3,"s:28:8:28:Infinity":7,"s:28:17:28:Infinity":8,"s:30:27:30:Infinity":9,"s:31:35:31:Infinity":10,"s:33:8:33:Infinity":11,"s:34:8:34:Infinity":12,"s:37:4:76:Infinity":13,"b:46:42:46:65:46:65:46:Infinity":4,"b:52:17:52:30:52:30:52:Infinity:53:20:53:Infinity":5,"b:57:13:57:Infinity:58:16:74:Infinity":6,"f:61:33:61:39":2,"s:61:39:61:Infinity":14,"b:65:28:67:Infinity:69:28:71:Infinity":7}}}
,"C:\\Users\\U503185\\Desktop\\Esempi\\ingdanielemasone\\src\\components\\ui\\languageSwitcher\\LanguageSwitcher.jsx": {"path":"C:\\Users\\U503185\\Desktop\\Esempi\\ingdanielemasone\\src\\components\\ui\\languageSwitcher\\LanguageSwitcher.jsx","statementMap":{"0":{"start":{"line":5,"column":14},"end":{"line":11,"column":null}},"1":{"start":{"line":13,"column":23},"end":{"line":19,"column":null}},"2":{"start":{"line":22,"column":15},"end":{"line":22,"column":null}},"3":{"start":{"line":23,"column":24},"end":{"line":23,"column":null}},"4":{"start":{"line":24,"column":10},"end":{"line":24,"column":null}},"5":{"start":{"line":26,"column":24},"end":{"line":26,"column":null}},"6":{"start":{"line":28,"column":27},"end":{"line":28,"column":null}},"7":{"start":{"line":28,"column":33},"end":{"line":28,"column":null}},"8":{"start":{"line":28,"column":49},"end":{"line":28,"column":54}},"9":{"start":{"line":29,"column":25},"end":{"line":32,"column":null}},"10":{"start":{"line":30,"column":8},"end":{"line":30,"column":null}},"11":{"start":{"line":30,"column":34},"end":{"line":30,"column":null}},"12":{"start":{"line":31,"column":8},"end":{"line":31,"column":null}},"13":{"start":{"line":34,"column":4},"end":{"line":40,"column":null}},"14":{"start":{"line":35,"column":35},"end":{"line":37,"column":null}},"15":{"start":{"line":36,"column":12},"end":{"line":36,"column":null}},"16":{"start":{"line":36,"column":84},"end":{"line":36,"column":null}},"17":{"start":{"line":38,"column":8},"end":{"line":38,"column":null}},"18":{"start":{"line":38,"column":18},"end":{"line":38,"column":null}},"19":{"start":{"line":39,"column":8},"end":{"line":39,"column":null}},"20":{"start":{"line":39,"column":21},"end":{"line":39,"column":null}},"21":{"start":{"line":42,"column":4},"end":{"line":93,"column":null}},"22":{"start":{"line":72,"column":41},"end":{"line":72,"column":null}},"23":{"start":{"line":73,"column":24},"end":{"line":88,"column":null}},"24":{"start":{"line":76,"column":47},"end":{"line":76,"column":null}}},"fnMap":{"0":{"name":"LanguageSwitcher","decl":{"start":{"line":21,"column":16},"end":{"line":21,"column":35}},"loc":{"start":{"line":21,"column":35},"end":{"line":95,"column":null}},"line":21},"1":{"name":"(anonymous_1)","decl":{"start":{"line":28,"column":27},"end":{"line":28,"column":33}},"loc":{"start":{"line":28,"column":33},"end":{"line":28,"column":null}},"line":28},"2":{"name":"(anonymous_2)","decl":{"start":{"line":28,"column":41},"end":{"line":28,"column":49}},"loc":{"start":{"line":28,"column":49},"end":{"line":28,"column":54}},"line":28},"3":{"name":"(anonymous_3)","decl":{"start":{"line":29,"column":25},"end":{"line":29,"column":26}},"loc":{"start":{"line":29,"column":35},"end":{"line":32,"column":null}},"line":29},"4":{"name":"(anonymous_4)","decl":{"start":{"line":34,"column":14},"end":{"line":34,"column":20}},"loc":{"start":{"line":34,"column":20},"end":{"line":40,"column":7}},"line":34},"5":{"name":"(anonymous_5)","decl":{"start":{"line":35,"column":35},"end":{"line":35,"column":36}},"loc":{"start":{"line":35,"column":46},"end":{"line":37,"column":null}},"line":35},"6":{"name":"(anonymous_6)","decl":{"start":{"line":39,"column":15},"end":{"line":39,"column":21}},"loc":{"start":{"line":39,"column":21},"end":{"line":39,"column":null}},"line":39},"7":{"name":"(anonymous_7)","decl":{"start":{"line":71,"column":47},"end":{"line":71,"column":48}},"loc":{"start":{"line":71,"column":68},"end":{"line":90,"column":21}},"line":71},"8":{"name":"(anonymous_8)","decl":{"start":{"line":76,"column":41},"end":{"line":76,"column":47}},"loc":{"start":{"line":76,"column":47},"end":{"line":76,"column":null}},"line":76}},"branchMap":{"0":{"loc":{"start":{"line":30,"column":8},"end":{"line":30,"column":null}},"type":"if","locations":[{"start":{"line":30,"column":8},"end":{"line":30,"column":null}},{"start":{},"end":{}}],"line":30},"1":{"loc":{"start":{"line":36,"column":12},"end":{"line":36,"column":null}},"type":"if","locations":[{"start":{"line":36,"column":12},"end":{"line":36,"column":null}},{"start":{},"end":{}}],"line":36},"2":{"loc":{"start":{"line":36,"column":16},"end":{"line":36,"column":84}},"type":"binary-expr","locations":[{"start":{"line":36,"column":16},"end":{"line":36,"column":39}},{"start":{"line":36,"column":39},"end":{"line":36,"column":84}}],"line":36},"3":{"loc":{"start":{"line":38,"column":8},"end":{"line":38,"column":null}},"type":"if","locations":[{"start":{"line":38,"column":8},"end":{"line":38,"column":null}},{"start":{},"end":{}}],"line":38},"4":{"loc":{"start":{"line":59,"column":96},"end":{"line":59,"column":128}},"type":"cond-expr","locations":[{"start":{"line":59,"column":103},"end":{"line":59,"column":118}},{"start":{"line":59,"column":118},"end":{"line":59,"column":128}}],"line":59},"5":{"loc":{"start":{"line":63,"column":13},"end":{"line":91,"column":null}},"type":"binary-expr","locations":[{"start":{"line":63,"column":13},"end":{"line":63,"column":null}},{"start":{"line":64,"column":16},"end":{"line":91,"column":null}}],"line":63},"6":{"loc":{"start":{"line":80,"column":45},"end":{"line":80,"column":144}},"type":"cond-expr","locations":[{"start":{"line":80,"column":56},"end":{"line":80,"column":142}},{"start":{"line":80,"column":142},"end":{"line":80,"column":144}}],"line":80},"7":{"loc":{"start":{"line":85,"column":89},"end":{"line":85,"column":149}},"type":"cond-expr","locations":[{"start":{"line":85,"column":100},"end":{"line":85,"column":133}},{"start":{"line":85,"column":133},"end":{"line":85,"column":149}}],"line":85}},"s":{"0":1,"1":1,"2":21,"3":21,"4":21,"5":21,"6":21,"7":10,"8":10,"9":21,"10":1,"11":1,"12":1,"13":21,"14":21,"15":2,"16":2,"17":21,"18":8,"19":21,"20":21,"21":21,"22":40,"23":40,"24":1},"f":{"0":21,"1":10,"2":10,"3":1,"4":21,"5":2,"6":21,"7":40,"8":1},"b":{"0":[1,0],"1":[2,0],"2":[2,2],"3":[8,13],"4":[8,13],"5":[21,8],"6":[8,32],"7":[8,32]},"meta":{"lastBranch":8,"lastFunction":9,"lastStatement":25,"seen":{"s:5:14:11:Infinity":0,"s:13:23:19:Infinity":1,"f:21:16:21:35":0,"s:22:15:22:Infinity":2,"s:23:24:23:Infinity":3,"s:24:10:24:Infinity":4,"s:26:24:26:Infinity":5,"s:28:27:28:Infinity":6,"f:28:27:28:33":1,"s:28:33:28:Infinity":7,"f:28:41:28:49":2,"s:28:49:28:54":8,"s:29:25:32:Infinity":9,"f:29:25:29:26":3,"b:30:8:30:Infinity:undefined:undefined:undefined:undefined":0,"s:30:8:30:Infinity":10,"s:30:34:30:Infinity":11,"s:31:8:31:Infinity":12,"s:34:4:40:Infinity":13,"f:34:14:34:20":4,"s:35:35:37:Infinity":14,"f:35:35:35:36":5,"b:36:12:36:Infinity:undefined:undefined:undefined:undefined":1,"s:36:12:36:Infinity":15,"b:36:16:36:39:36:39:36:84":2,"s:36:84:36:Infinity":16,"b:38:8:38:Infinity:undefined:undefined:undefined:undefined":3,"s:38:8:38:Infinity":17,"s:38:18:38:Infinity":18,"s:39:8:39:Infinity":19,"f:39:15:39:21":6,"s:39:21:39:Infinity":20,"s:42:4:93:Infinity":21,"b:59:103:59:118:59:118:59:128":4,"b:63:13:63:Infinity:64:16:91:Infinity":5,"f:71:47:71:48":7,"s:72:41:72:Infinity":22,"s:73:24:88:Infinity":23,"f:76:41:76:47":8,"s:76:47:76:Infinity":24,"b:80:56:80:142:80:142:80:144":6,"b:85:100:85:133:85:133:85:149":7}}}
,"C:\\Users\\U503185\\Desktop\\Esempi\\ingdanielemasone\\src\\components\\ui\\pageGrid\\PageGrid.jsx": {"path":"C:\\Users\\U503185\\Desktop\\Esempi\\ingdanielemasone\\src\\components\\ui\\pageGrid\\PageGrid.jsx","statementMap":{"0":{"start":{"line":25,"column":4},"end":{"line":42,"column":null}}},"fnMap":{"0":{"name":"PageGrid","decl":{"start":{"line":18,"column":16},"end":{"line":18,"column":25}},"loc":{"start":{"line":24,"column":0},"end":{"line":44,"column":null}},"line":24}},"branchMap":{"0":{"loc":{"start":{"line":21,"column":29},"end":{"line":21,"column":null}},"type":"default-arg","locations":[{"start":{"line":21,"column":41},"end":{"line":21,"column":null}}],"line":21}},"s":{"0":75},"f":{"0":75},"b":{"0":[75]},"meta":{"lastBranch":1,"lastFunction":1,"lastStatement":1,"seen":{"f:18:16:18:25":0,"b:21:41:21:Infinity":0,"s:25:4:42:Infinity":0}}}
,"C:\\Users\\U503185\\Desktop\\Esempi\\ingdanielemasone\\src\\components\\ui\\pageSection\\PageSection.jsx": {"path":"C:\\Users\\U503185\\Desktop\\Esempi\\ingdanielemasone\\src\\components\\ui\\pageSection\\PageSection.jsx","statementMap":{"0":{"start":{"line":17,"column":4},"end":{"line":23,"column":null}}},"fnMap":{"0":{"name":"PageSection","decl":{"start":{"line":16,"column":16},"end":{"line":16,"column":28}},"loc":{"start":{"line":16,"column":47},"end":{"line":25,"column":null}},"line":16}},"branchMap":{},"s":{"0":80},"f":{"0":80},"b":{},"meta":{"lastBranch":0,"lastFunction":1,"lastStatement":1,"seen":{"f:16:16:16:28":0,"s:17:4:23:Infinity":0}}}
,"C:\\Users\\U503185\\Desktop\\Esempi\\ingdanielemasone\\src\\components\\ui\\pagination\\Pagination.jsx": {"path":"C:\\Users\\U503185\\Desktop\\Esempi\\ingdanielemasone\\src\\components\\ui\\pagination\\Pagination.jsx","statementMap":{"0":{"start":{"line":20,"column":12},"end":{"line":20,"column":null}},"1":{"start":{"line":22,"column":4},"end":{"line":22,"column":null}},"2":{"start":{"line":22,"column":25},"end":{"line":22,"column":null}},"3":{"start":{"line":24,"column":4},"end":{"line":52,"column":null}},"4":{"start":{"line":27,"column":31},"end":{"line":27,"column":null}},"5":{"start":{"line":44,"column":31},"end":{"line":44,"column":null}}},"fnMap":{"0":{"name":"Pagination","decl":{"start":{"line":14,"column":16},"end":{"line":14,"column":27}},"loc":{"start":{"line":19,"column":38},"end":{"line":54,"column":null}},"line":19},"1":{"name":"(anonymous_1)","decl":{"start":{"line":27,"column":25},"end":{"line":27,"column":31}},"loc":{"start":{"line":27,"column":31},"end":{"line":27,"column":null}},"line":27},"2":{"name":"(anonymous_2)","decl":{"start":{"line":44,"column":25},"end":{"line":44,"column":31}},"loc":{"start":{"line":44,"column":31},"end":{"line":44,"column":null}},"line":44}},"branchMap":{"0":{"loc":{"start":{"line":18,"column":39},"end":{"line":18,"column":null}},"type":"default-arg","locations":[{"start":{"line":18,"column":51},"end":{"line":18,"column":null}}],"line":18},"1":{"loc":{"start":{"line":22,"column":4},"end":{"line":22,"column":null}},"type":"if","locations":[{"start":{"line":22,"column":4},"end":{"line":22,"column":null}},{"start":{},"end":{}}],"line":22}},"s":{"0":139,"1":139,"2":1,"3":138,"4":5,"5":17},"f":{"0":139,"1":5,"2":17},"b":{"0":[139],"1":[1,138]},"meta":{"lastBranch":2,"lastFunction":3,"lastStatement":6,"seen":{"f:14:16:14:27":0,"b:18:51:18:Infinity":0,"s:20:12:20:Infinity":0,"b:22:4:22:Infinity:undefined:undefined:undefined:undefined":1,"s:22:4:22:Infinity":1,"s:22:25:22:Infinity":2,"s:24:4:52:Infinity":3,"f:27:25:27:31":1,"s:27:31:27:Infinity":4,"f:44:25:44:31":2,"s:44:31:44:Infinity":5}}}
,"C:\\Users\\U503185\\Desktop\\Esempi\\ingdanielemasone\\src\\components\\ui\\selectableButton\\SelectableButton.jsx": {"path":"C:\\Users\\U503185\\Desktop\\Esempi\\ingdanielemasone\\src\\components\\ui\\selectableButton\\SelectableButton.jsx","statementMap":{"0":{"start":{"line":24,"column":4},"end":{"line":38,"column":null}}},"fnMap":{"0":{"name":"SelectableButton","decl":{"start":{"line":17,"column":16},"end":{"line":17,"column":33}},"loc":{"start":{"line":23,"column":3},"end":{"line":40,"column":null}},"line":23}},"branchMap":{"0":{"loc":{"start":{"line":21,"column":37},"end":{"line":21,"column":null}},"type":"default-arg","locations":[{"start":{"line":21,"column":49},"end":{"line":21,"column":null}}],"line":21},"1":{"loc":{"start":{"line":22,"column":37},"end":{"line":22,"column":null}},"type":"default-arg","locations":[{"start":{"line":22,"column":48},"end":{"line":22,"column":null}}],"line":22},"2":{"loc":{"start":{"line":30,"column":16},"end":{"line":32,"column":null}},"type":"cond-expr","locations":[{"start":{"line":31,"column":22},"end":{"line":31,"column":null}},{"start":{"line":32,"column":22},"end":{"line":32,"column":null}}],"line":30}},"s":{"0":290},"f":{"0":290},"b":{"0":[290],"1":[290],"2":[41,249]},"meta":{"lastBranch":3,"lastFunction":1,"lastStatement":1,"seen":{"f:17:16:17:33":0,"b:21:49:21:Infinity":0,"b:22:48:22:Infinity":1,"s:24:4:38:Infinity":0,"b:31:22:31:Infinity:32:22:32:Infinity":2}}}
,"C:\\Users\\U503185\\Desktop\\Esempi\\ingdanielemasone\\src\\components\\ui\\tradingPerformanceChart\\TradingPerformanceChart.jsx": {"path":"C:\\Users\\U503185\\Desktop\\Esempi\\ingdanielemasone\\src\\components\\ui\\tradingPerformanceChart\\TradingPerformanceChart.jsx","statementMap":{"0":{"start":{"line":18,"column":0},"end":{"line":28,"column":null}},"1":{"start":{"line":48,"column":12},"end":{"line":48,"column":null}},"2":{"start":{"line":49,"column":22},"end":{"line":49,"column":null}},"3":{"start":{"line":50,"column":27},"end":{"line":56,"column":null}},"4":{"start":{"line":57,"column":24},"end":{"line":57,"column":null}},"5":{"start":{"line":58,"column":27},"end":{"line":58,"column":null}},"6":{"start":{"line":59,"column":24},"end":{"line":59,"column":null}},"7":{"start":{"line":61,"column":19},"end":{"line":74,"column":null}},"8":{"start":{"line":76,"column":21},"end":{"line":79,"column":null}},"9":{"start":{"line":78,"column":18},"end":{"line":78,"column":null}},"10":{"start":{"line":81,"column":25},"end":{"line":84,"column":null}},"11":{"start":{"line":82,"column":28},"end":{"line":82,"column":null}},"12":{"start":{"line":82,"column":87},"end":{"line":82,"column":96}},"13":{"start":{"line":83,"column":8},"end":{"line":83,"column":null}},"14":{"start":{"line":86,"column":26},"end":{"line":88,"column":null}},"15":{"start":{"line":87,"column":8},"end":{"line":87,"column":null}},"16":{"start":{"line":91,"column":22},"end":{"line":91,"column":null}},"17":{"start":{"line":91,"column":43},"end":{"line":91,"column":52}},"18":{"start":{"line":92,"column":22},"end":{"line":92,"column":null}},"19":{"start":{"line":93,"column":8},"end":{"line":93,"column":null}},"20":{"start":{"line":93,"column":30},"end":{"line":93,"column":53}},"21":{"start":{"line":94,"column":8},"end":{"line":94,"column":null}},"22":{"start":{"line":97,"column":29},"end":{"line":104,"column":null}},"23":{"start":{"line":98,"column":22},"end":{"line":98,"column":null}},"24":{"start":{"line":99,"column":8},"end":{"line":103,"column":null}},"25":{"start":{"line":100,"column":12},"end":{"line":100,"column":null}},"26":{"start":{"line":100,"column":27},"end":{"line":100,"column":null}},"27":{"start":{"line":101,"column":12},"end":{"line":101,"column":null}},"28":{"start":{"line":102,"column":12},"end":{"line":102,"column":null}},"29":{"start":{"line":106,"column":28},"end":{"line":108,"column":null}},"30":{"start":{"line":107,"column":8},"end":{"line":107,"column":null}},"31":{"start":{"line":109,"column":24},"end":{"line":109,"column":null}},"32":{"start":{"line":111,"column":4},"end":{"line":117,"column":null}},"33":{"start":{"line":112,"column":25},"end":{"line":114,"column":null}},"34":{"start":{"line":113,"column":12},"end":{"line":113,"column":null}},"35":{"start":{"line":115,"column":8},"end":{"line":115,"column":null}},"36":{"start":{"line":116,"column":8},"end":{"line":116,"column":null}},"37":{"start":{"line":116,"column":21},"end":{"line":116,"column":null}},"38":{"start":{"line":119,"column":22},"end":{"line":119,"column":null}},"39":{"start":{"line":121,"column":19},"end":{"line":127,"column":null}},"40":{"start":{"line":123,"column":26},"end":{"line":123,"column":null}},"41":{"start":{"line":124,"column":30},"end":{"line":124,"column":null}},"42":{"start":{"line":124,"column":82},"end":{"line":124,"column":91}},"43":{"start":{"line":125,"column":12},"end":{"line":125,"column":null}},"44":{"start":{"line":125,"column":43},"end":{"line":125,"column":65}},"45":{"start":{"line":129,"column":20},"end":{"line":129,"column":null}},"46":{"start":{"line":132,"column":10},"end":{"line":132,"column":null}},"47":{"start":{"line":132,"column":37},"end":{"line":132,"column":64}},"48":{"start":{"line":134,"column":10},"end":{"line":139,"column":null}},"49":{"start":{"line":135,"column":21},"end":{"line":135,"column":null}},"50":{"start":{"line":135,"column":46},"end":{"line":135,"column":55}},"51":{"start":{"line":136,"column":8},"end":{"line":138,"column":null}},"52":{"start":{"line":141,"column":10},"end":{"line":141,"column":null}},"53":{"start":{"line":141,"column":35},"end":{"line":141,"column":83}},"54":{"start":{"line":141,"column":53},"end":{"line":141,"column":80}},"55":{"start":{"line":142,"column":10},"end":{"line":142,"column":null}},"56":{"start":{"line":142,"column":35},"end":{"line":142,"column":83}},"57":{"start":{"line":142,"column":53},"end":{"line":142,"column":80}},"58":{"start":{"line":144,"column":38},"end":{"line":144,"column":null}},"59":{"start":{"line":147,"column":4},"end":{"line":152,"column":null}},"60":{"start":{"line":148,"column":8},"end":{"line":148,"column":null}},"61":{"start":{"line":148,"column":43},"end":{"line":148,"column":null}},"62":{"start":{"line":149,"column":29},"end":{"line":149,"column":null}},"63":{"start":{"line":149,"column":35},"end":{"line":149,"column":null}},"64":{"start":{"line":150,"column":8},"end":{"line":150,"column":null}},"65":{"start":{"line":151,"column":8},"end":{"line":151,"column":null}},"66":{"start":{"line":151,"column":21},"end":{"line":151,"column":null}},"67":{"start":{"line":154,"column":22},"end":{"line":184,"column":null}},"68":{"start":{"line":186,"column":20},"end":{"line":231,"column":null}},"69":{"start":{"line":195,"column":39},"end":{"line":195,"column":null}},"70":{"start":{"line":225,"column":36},"end":{"line":225,"column":null}},"71":{"start":{"line":226,"column":24},"end":{"line":226,"column":null}},"72":{"start":{"line":233,"column":40},"end":{"line":233,"column":null}},"73":{"start":{"line":236,"column":22},"end":{"line":238,"column":null}},"74":{"start":{"line":237,"column":35},"end":{"line":237,"column":46}},"75":{"start":{"line":240,"column":8},"end":{"line":380,"column":null}},"76":{"start":{"line":241,"column":12},"end":{"line":378,"column":null}},"77":{"start":{"line":249,"column":32},"end":{"line":256,"column":null}},"78":{"start":{"line":254,"column":55},"end":{"line":254,"column":null}},"79":{"start":{"line":268,"column":54},"end":{"line":268,"column":null}},"80":{"start":{"line":269,"column":55},"end":{"line":269,"column":null}},"81":{"start":{"line":270,"column":55},"end":{"line":270,"column":null}},"82":{"start":{"line":271,"column":55},"end":{"line":271,"column":null}},"83":{"start":{"line":273,"column":36},"end":{"line":314,"column":null}},"84":{"start":{"line":326,"column":58},"end":{"line":326,"column":null}},"85":{"start":{"line":327,"column":59},"end":{"line":327,"column":null}},"86":{"start":{"line":328,"column":59},"end":{"line":328,"column":null}},"87":{"start":{"line":329,"column":59},"end":{"line":329,"column":null}},"88":{"start":{"line":331,"column":40},"end":{"line":372,"column":null}},"89":{"start":{"line":383,"column":8},"end":{"line":428,"column":null}},"90":{"start":{"line":387,"column":43},"end":{"line":387,"column":null}},"91":{"start":{"line":389,"column":24},"end":{"line":424,"column":null}},"92":{"start":{"line":432,"column":4},"end":{"line":457,"column":null}},"93":{"start":{"line":442,"column":37},"end":{"line":442,"column":null}}},"fnMap":{"0":{"name":"TradingPerformanceChart","decl":{"start":{"line":47,"column":16},"end":{"line":47,"column":42}},"loc":{"start":{"line":47,"column":42},"end":{"line":459,"column":null}},"line":47},"1":{"name":"(anonymous_1)","decl":{"start":{"line":78,"column":8},"end":{"line":78,"column":9}},"loc":{"start":{"line":78,"column":18},"end":{"line":78,"column":null}},"line":78},"2":{"name":"(anonymous_2)","decl":{"start":{"line":81,"column":38},"end":{"line":81,"column":39}},"loc":{"start":{"line":81,"column":50},"end":{"line":84,"column":5}},"line":81},"3":{"name":"(anonymous_3)","decl":{"start":{"line":82,"column":82},"end":{"line":82,"column":87}},"loc":{"start":{"line":82,"column":87},"end":{"line":82,"column":96}},"line":82},"4":{"name":"(anonymous_4)","decl":{"start":{"line":86,"column":64},"end":{"line":86,"column":65}},"loc":{"start":{"line":87,"column":8},"end":{"line":87,"column":null}},"line":87},"5":{"name":"calcAnnualReturn","decl":{"start":{"line":90,"column":13},"end":{"line":90,"column":30}},"loc":{"start":{"line":90,"column":38},"end":{"line":95,"column":null}},"line":90},"6":{"name":"(anonymous_6)","decl":{"start":{"line":91,"column":36},"end":{"line":91,"column":37}},"loc":{"start":{"line":91,"column":43},"end":{"line":91,"column":52}},"line":91},"7":{"name":"(anonymous_7)","decl":{"start":{"line":93,"column":22},"end":{"line":93,"column":23}},"loc":{"start":{"line":93,"column":30},"end":{"line":93,"column":53}},"line":93},"8":{"name":"(anonymous_8)","decl":{"start":{"line":97,"column":29},"end":{"line":97,"column":30}},"loc":{"start":{"line":97,"column":42},"end":{"line":104,"column":null}},"line":97},"9":{"name":"(anonymous_9)","decl":{"start":{"line":99,"column":27},"end":{"line":99,"column":28}},"loc":{"start":{"line":99,"column":34},"end":{"line":103,"column":9}},"line":99},"10":{"name":"(anonymous_10)","decl":{"start":{"line":106,"column":41},"end":{"line":106,"column":null}},"loc":{"start":{"line":107,"column":8},"end":{"line":107,"column":null}},"line":107},"11":{"name":"(anonymous_11)","decl":{"start":{"line":111,"column":14},"end":{"line":111,"column":20}},"loc":{"start":{"line":111,"column":20},"end":{"line":117,"column":7}},"line":111},"12":{"name":"(anonymous_12)","decl":{"start":{"line":112,"column":46},"end":{"line":112,"column":null}},"loc":{"start":{"line":113,"column":12},"end":{"line":113,"column":null}},"line":113},"13":{"name":"(anonymous_13)","decl":{"start":{"line":116,"column":15},"end":{"line":116,"column":21}},"loc":{"start":{"line":116,"column":21},"end":{"line":116,"column":null}},"line":116},"14":{"name":"(anonymous_14)","decl":{"start":{"line":122,"column":27},"end":{"line":122,"column":28}},"loc":{"start":{"line":122,"column":42},"end":{"line":126,"column":9}},"line":122},"15":{"name":"(anonymous_15)","decl":{"start":{"line":124,"column":77},"end":{"line":124,"column":82}},"loc":{"start":{"line":124,"column":82},"end":{"line":124,"column":91}},"line":124},"16":{"name":"(anonymous_16)","decl":{"start":{"line":125,"column":33},"end":{"line":125,"column":34}},"loc":{"start":{"line":125,"column":43},"end":{"line":125,"column":65}},"line":125},"17":{"name":"(anonymous_17)","decl":{"start":{"line":132,"column":31},"end":{"line":132,"column":37}},"loc":{"start":{"line":132,"column":37},"end":{"line":132,"column":64}},"line":132},"18":{"name":"(anonymous_18)","decl":{"start":{"line":134,"column":36},"end":{"line":134,"column":42}},"loc":{"start":{"line":134,"column":42},"end":{"line":139,"column":7}},"line":134},"19":{"name":"(anonymous_19)","decl":{"start":{"line":135,"column":39},"end":{"line":135,"column":40}},"loc":{"start":{"line":135,"column":46},"end":{"line":135,"column":55}},"line":135},"20":{"name":"(anonymous_20)","decl":{"start":{"line":141,"column":29},"end":{"line":141,"column":35}},"loc":{"start":{"line":141,"column":35},"end":{"line":141,"column":83}},"line":141},"21":{"name":"(anonymous_21)","decl":{"start":{"line":141,"column":47},"end":{"line":141,"column":53}},"loc":{"start":{"line":141,"column":53},"end":{"line":141,"column":80}},"line":141},"22":{"name":"(anonymous_22)","decl":{"start":{"line":142,"column":29},"end":{"line":142,"column":35}},"loc":{"start":{"line":142,"column":35},"end":{"line":142,"column":83}},"line":142},"23":{"name":"(anonymous_23)","decl":{"start":{"line":142,"column":47},"end":{"line":142,"column":53}},"loc":{"start":{"line":142,"column":53},"end":{"line":142,"column":80}},"line":142},"24":{"name":"(anonymous_24)","decl":{"start":{"line":147,"column":14},"end":{"line":147,"column":20}},"loc":{"start":{"line":147,"column":20},"end":{"line":152,"column":7}},"line":147},"25":{"name":"(anonymous_25)","decl":{"start":{"line":149,"column":29},"end":{"line":149,"column":35}},"loc":{"start":{"line":149,"column":35},"end":{"line":149,"column":null}},"line":149},"26":{"name":"(anonymous_26)","decl":{"start":{"line":151,"column":15},"end":{"line":151,"column":21}},"loc":{"start":{"line":151,"column":21},"end":{"line":151,"column":null}},"line":151},"27":{"name":"(anonymous_27)","decl":{"start":{"line":195,"column":30},"end":{"line":195,"column":31}},"loc":{"start":{"line":195,"column":39},"end":{"line":195,"column":null}},"line":195},"28":{"name":"(anonymous_28)","decl":{"start":{"line":224,"column":27},"end":{"line":224,"column":28}},"loc":{"start":{"line":224,"column":36},"end":{"line":227,"column":null}},"line":224},"29":{"name":"renderSummary","decl":{"start":{"line":235,"column":13},"end":{"line":235,"column":29}},"loc":{"start":{"line":235,"column":29},"end":{"line":430,"column":null}},"line":235},"30":{"name":"(anonymous_30)","decl":{"start":{"line":237,"column":25},"end":{"line":237,"column":26}},"loc":{"start":{"line":237,"column":35},"end":{"line":237,"column":46}},"line":237},"31":{"name":"(anonymous_31)","decl":{"start":{"line":248,"column":57},"end":{"line":248,"column":58}},"loc":{"start":{"line":249,"column":32},"end":{"line":256,"column":null}},"line":249},"32":{"name":"(anonymous_32)","decl":{"start":{"line":254,"column":49},"end":{"line":254,"column":55}},"loc":{"start":{"line":254,"column":55},"end":{"line":254,"column":null}},"line":254},"33":{"name":"(anonymous_33)","decl":{"start":{"line":267,"column":37},"end":{"line":267,"column":38}},"loc":{"start":{"line":267,"column":49},"end":{"line":316,"column":33}},"line":267},"34":{"name":"(anonymous_34)","decl":{"start":{"line":325,"column":41},"end":{"line":325,"column":42}},"loc":{"start":{"line":325,"column":53},"end":{"line":374,"column":37}},"line":325},"35":{"name":"(anonymous_35)","decl":{"start":{"line":386,"column":38},"end":{"line":386,"column":39}},"loc":{"start":{"line":386,"column":51},"end":{"line":426,"column":21}},"line":386},"36":{"name":"(anonymous_36)","decl":{"start":{"line":442,"column":30},"end":{"line":442,"column":31}},"loc":{"start":{"line":442,"column":37},"end":{"line":442,"column":null}},"line":442}},"branchMap":{"0":{"loc":{"start":{"line":83,"column":15},"end":{"line":83,"column":null}},"type":"cond-expr","locations":[{"start":{"line":83,"column":34},"end":{"line":83,"column":61}},{"start":{"line":83,"column":61},"end":{"line":83,"column":null}}],"line":83},"1":{"loc":{"start":{"line":100,"column":12},"end":{"line":100,"column":null}},"type":"if","locations":[{"start":{"line":100,"column":12},"end":{"line":100,"column":null}},{"start":{},"end":{}}],"line":100},"2":{"loc":{"start":{"line":121,"column":19},"end":{"line":127,"column":null}},"type":"cond-expr","locations":[{"start":{"line":122,"column":10},"end":{"line":126,"column":null}},{"start":{"line":127,"column":10},"end":{"line":127,"column":null}}],"line":121},"3":{"loc":{"start":{"line":129,"column":20},"end":{"line":129,"column":null}},"type":"cond-expr","locations":[{"start":{"line":129,"column":32},"end":{"line":129,"column":49}},{"start":{"line":129,"column":49},"end":{"line":129,"column":null}}],"line":129},"4":{"loc":{"start":{"line":135,"column":21},"end":{"line":135,"column":null}},"type":"binary-expr","locations":[{"start":{"line":135,"column":21},"end":{"line":135,"column":67}},{"start":{"line":135,"column":67},"end":{"line":135,"column":null}}],"line":135},"5":{"loc":{"start":{"line":136,"column":15},"end":{"line":138,"column":null}},"type":"cond-expr","locations":[{"start":{"line":137,"column":14},"end":{"line":137,"column":null}},{"start":{"line":138,"column":14},"end":{"line":138,"column":null}}],"line":136},"6":{"loc":{"start":{"line":137,"column":14},"end":{"line":137,"column":null}},"type":"cond-expr","locations":[{"start":{"line":137,"column":23},"end":{"line":137,"column":35}},{"start":{"line":137,"column":35},"end":{"line":137,"column":null}}],"line":137},"7":{"loc":{"start":{"line":138,"column":14},"end":{"line":138,"column":null}},"type":"cond-expr","locations":[{"start":{"line":138,"column":23},"end":{"line":138,"column":35}},{"start":{"line":138,"column":35},"end":{"line":138,"column":null}}],"line":138},"8":{"loc":{"start":{"line":141,"column":53},"end":{"line":141,"column":80}},"type":"cond-expr","locations":[{"start":{"line":141,"column":74},"end":{"line":141,"column":78}},{"start":{"line":141,"column":78},"end":{"line":141,"column":80}}],"line":141},"9":{"loc":{"start":{"line":141,"column":53},"end":{"line":141,"column":74}},"type":"binary-expr","locations":[{"start":{"line":141,"column":53},"end":{"line":141,"column":66}},{"start":{"line":141,"column":66},"end":{"line":141,"column":74}}],"line":141},"10":{"loc":{"start":{"line":142,"column":53},"end":{"line":142,"column":80}},"type":"cond-expr","locations":[{"start":{"line":142,"column":74},"end":{"line":142,"column":78}},{"start":{"line":142,"column":78},"end":{"line":142,"column":80}}],"line":142},"11":{"loc":{"start":{"line":142,"column":53},"end":{"line":142,"column":74}},"type":"binary-expr","locations":[{"start":{"line":142,"column":53},"end":{"line":142,"column":66}},{"start":{"line":142,"column":66},"end":{"line":142,"column":74}}],"line":142},"12":{"loc":{"start":{"line":144,"column":51},"end":{"line":144,"column":107}},"type":"cond-expr","locations":[{"start":{"line":144,"column":83},"end":{"line":144,"column":103}},{"start":{"line":144,"column":103},"end":{"line":144,"column":107}}],"line":144},"13":{"loc":{"start":{"line":148,"column":8},"end":{"line":148,"column":null}},"type":"if","locations":[{"start":{"line":148,"column":8},"end":{"line":148,"column":null}},{"start":{},"end":{}}],"line":148},"14":{"loc":{"start":{"line":164,"column":29},"end":{"line":164,"column":null}},"type":"cond-expr","locations":[{"start":{"line":164,"column":49},"end":{"line":164,"column":53}},{"start":{"line":164,"column":53},"end":{"line":164,"column":null}}],"line":164},"15":{"loc":{"start":{"line":165,"column":34},"end":{"line":165,"column":null}},"type":"cond-expr","locations":[{"start":{"line":165,"column":54},"end":{"line":165,"column":58}},{"start":{"line":165,"column":58},"end":{"line":165,"column":null}}],"line":165},"16":{"loc":{"start":{"line":167,"column":25},"end":{"line":167,"column":null}},"type":"cond-expr","locations":[{"start":{"line":167,"column":37},"end":{"line":167,"column":43}},{"start":{"line":167,"column":43},"end":{"line":167,"column":null}}],"line":167},"17":{"loc":{"start":{"line":173,"column":33},"end":{"line":173,"column":null}},"type":"cond-expr","locations":[{"start":{"line":173,"column":42},"end":{"line":173,"column":71}},{"start":{"line":173,"column":71},"end":{"line":173,"column":null}}],"line":173},"18":{"loc":{"start":{"line":180,"column":33},"end":{"line":180,"column":null}},"type":"cond-expr","locations":[{"start":{"line":180,"column":42},"end":{"line":180,"column":70}},{"start":{"line":180,"column":70},"end":{"line":180,"column":null}}],"line":180},"19":{"loc":{"start":{"line":194,"column":27},"end":{"line":194,"column":null}},"type":"cond-expr","locations":[{"start":{"line":194,"column":36},"end":{"line":194,"column":45}},{"start":{"line":194,"column":45},"end":{"line":194,"column":null}}],"line":194},"20":{"loc":{"start":{"line":198,"column":27},"end":{"line":198,"column":null}},"type":"cond-expr","locations":[{"start":{"line":198,"column":36},"end":{"line":198,"column":45}},{"start":{"line":198,"column":45},"end":{"line":198,"column":null}}],"line":198},"21":{"loc":{"start":{"line":204,"column":27},"end":{"line":204,"column":null}},"type":"cond-expr","locations":[{"start":{"line":204,"column":36},"end":{"line":204,"column":45}},{"start":{"line":204,"column":45},"end":{"line":204,"column":null}}],"line":204},"22":{"loc":{"start":{"line":206,"column":35},"end":{"line":206,"column":null}},"type":"cond-expr","locations":[{"start":{"line":206,"column":55},"end":{"line":206,"column":59}},{"start":{"line":206,"column":59},"end":{"line":206,"column":null}}],"line":206},"23":{"loc":{"start":{"line":209,"column":27},"end":{"line":209,"column":null}},"type":"cond-expr","locations":[{"start":{"line":209,"column":36},"end":{"line":209,"column":45}},{"start":{"line":209,"column":45},"end":{"line":209,"column":null}}],"line":209},"24":{"loc":{"start":{"line":216,"column":27},"end":{"line":216,"column":null}},"type":"cond-expr","locations":[{"start":{"line":216,"column":36},"end":{"line":216,"column":45}},{"start":{"line":216,"column":45},"end":{"line":216,"column":null}}],"line":216},"25":{"loc":{"start":{"line":226,"column":56},"end":{"line":226,"column":75}},"type":"cond-expr","locations":[{"start":{"line":226,"column":67},"end":{"line":226,"column":73}},{"start":{"line":226,"column":73},"end":{"line":226,"column":75}}],"line":226},"26":{"loc":{"start":{"line":240,"column":8},"end":{"line":380,"column":null}},"type":"if","locations":[{"start":{"line":240,"column":8},"end":{"line":380,"column":null}},{"start":{},"end":{}}],"line":240},"27":{"loc":{"start":{"line":268,"column":54},"end":{"line":268,"column":null}},"type":"binary-expr","locations":[{"start":{"line":268,"column":54},"end":{"line":268,"column":69}},{"start":{"line":268,"column":69},"end":{"line":268,"column":null}}],"line":268},"28":{"loc":{"start":{"line":269,"column":55},"end":{"line":269,"column":null}},"type":"binary-expr","locations":[{"start":{"line":269,"column":55},"end":{"line":269,"column":69}},{"start":{"line":269,"column":69},"end":{"line":269,"column":null}}],"line":269},"29":{"loc":{"start":{"line":271,"column":55},"end":{"line":271,"column":null}},"type":"binary-expr","locations":[{"start":{"line":271,"column":55},"end":{"line":271,"column":77}},{"start":{"line":271,"column":77},"end":{"line":271,"column":null}}],"line":271},"30":{"loc":{"start":{"line":278,"column":48},"end":{"line":282,"column":null}},"type":"cond-expr","locations":[{"start":{"line":279,"column":54},"end":{"line":279,"column":null}},{"start":{"line":280,"column":54},"end":{"line":282,"column":null}}],"line":278},"31":{"loc":{"start":{"line":280,"column":54},"end":{"line":282,"column":null}},"type":"cond-expr","locations":[{"start":{"line":281,"column":58},"end":{"line":281,"column":null}},{"start":{"line":282,"column":58},"end":{"line":282,"column":null}}],"line":280},"32":{"loc":{"start":{"line":290,"column":52},"end":{"line":294,"column":null}},"type":"cond-expr","locations":[{"start":{"line":291,"column":58},"end":{"line":291,"column":null}},{"start":{"line":292,"column":58},"end":{"line":294,"column":null}}],"line":290},"33":{"loc":{"start":{"line":292,"column":58},"end":{"line":294,"column":null}},"type":"cond-expr","locations":[{"start":{"line":293,"column":62},"end":{"line":293,"column":null}},{"start":{"line":294,"column":62},"end":{"line":294,"column":null}}],"line":292},"34":{"loc":{"start":{"line":301,"column":52},"end":{"line":305,"column":null}},"type":"cond-expr","locations":[{"start":{"line":302,"column":58},"end":{"line":302,"column":null}},{"start":{"line":303,"column":58},"end":{"line":305,"column":null}}],"line":301},"35":{"loc":{"start":{"line":303,"column":58},"end":{"line":305,"column":null}},"type":"cond-expr","locations":[{"start":{"line":304,"column":62},"end":{"line":304,"column":null}},{"start":{"line":305,"column":62},"end":{"line":305,"column":null}}],"line":303},"36":{"loc":{"start":{"line":308,"column":49},"end":{"line":312,"column":null}},"type":"cond-expr","locations":[{"start":{"line":309,"column":54},"end":{"line":309,"column":null}},{"start":{"line":309,"column":54},"end":{"line":312,"column":null}}],"line":308},"37":{"loc":{"start":{"line":310,"column":55},"end":{"line":310,"column":null}},"type":"cond-expr","locations":[{"start":{"line":310,"column":65},"end":{"line":310,"column":71}},{"start":{"line":310,"column":71},"end":{"line":310,"column":null}}],"line":310},"38":{"loc":{"start":{"line":326,"column":58},"end":{"line":326,"column":null}},"type":"binary-expr","locations":[{"start":{"line":326,"column":58},"end":{"line":326,"column":73}},{"start":{"line":326,"column":73},"end":{"line":326,"column":null}}],"line":326},"39":{"loc":{"start":{"line":327,"column":59},"end":{"line":327,"column":null}},"type":"binary-expr","locations":[{"start":{"line":327,"column":59},"end":{"line":327,"column":73}},{"start":{"line":327,"column":73},"end":{"line":327,"column":null}}],"line":327},"40":{"loc":{"start":{"line":329,"column":59},"end":{"line":329,"column":null}},"type":"binary-expr","locations":[{"start":{"line":329,"column":59},"end":{"line":329,"column":81}},{"start":{"line":329,"column":81},"end":{"line":329,"column":null}}],"line":329},"41":{"loc":{"start":{"line":336,"column":52},"end":{"line":340,"column":null}},"type":"cond-expr","locations":[{"start":{"line":337,"column":58},"end":{"line":337,"column":null}},{"start":{"line":338,"column":58},"end":{"line":340,"column":null}}],"line":336},"42":{"loc":{"start":{"line":338,"column":58},"end":{"line":340,"column":null}},"type":"cond-expr","locations":[{"start":{"line":339,"column":62},"end":{"line":339,"column":null}},{"start":{"line":340,"column":62},"end":{"line":340,"column":null}}],"line":338},"43":{"loc":{"start":{"line":348,"column":56},"end":{"line":352,"column":null}},"type":"cond-expr","locations":[{"start":{"line":349,"column":62},"end":{"line":349,"column":null}},{"start":{"line":350,"column":62},"end":{"line":352,"column":null}}],"line":348},"44":{"loc":{"start":{"line":350,"column":62},"end":{"line":352,"column":null}},"type":"cond-expr","locations":[{"start":{"line":351,"column":66},"end":{"line":351,"column":null}},{"start":{"line":352,"column":66},"end":{"line":352,"column":null}}],"line":350},"45":{"loc":{"start":{"line":359,"column":56},"end":{"line":363,"column":null}},"type":"cond-expr","locations":[{"start":{"line":360,"column":62},"end":{"line":360,"column":null}},{"start":{"line":361,"column":62},"end":{"line":363,"column":null}}],"line":359},"46":{"loc":{"start":{"line":361,"column":62},"end":{"line":363,"column":null}},"type":"cond-expr","locations":[{"start":{"line":362,"column":66},"end":{"line":362,"column":null}},{"start":{"line":363,"column":66},"end":{"line":363,"column":null}}],"line":361},"47":{"loc":{"start":{"line":366,"column":53},"end":{"line":370,"column":null}},"type":"cond-expr","locations":[{"start":{"line":367,"column":58},"end":{"line":367,"column":null}},{"start":{"line":367,"column":58},"end":{"line":370,"column":null}}],"line":366},"48":{"loc":{"start":{"line":368,"column":59},"end":{"line":368,"column":null}},"type":"cond-expr","locations":[{"start":{"line":368,"column":69},"end":{"line":368,"column":75}},{"start":{"line":368,"column":75},"end":{"line":368,"column":null}}],"line":368},"49":{"loc":{"start":{"line":394,"column":36},"end":{"line":396,"column":null}},"type":"cond-expr","locations":[{"start":{"line":395,"column":42},"end":{"line":395,"column":null}},{"start":{"line":396,"column":42},"end":{"line":396,"column":null}}],"line":394},"50":{"loc":{"start":{"line":404,"column":40},"end":{"line":406,"column":null}},"type":"cond-expr","locations":[{"start":{"line":405,"column":46},"end":{"line":405,"column":null}},{"start":{"line":406,"column":46},"end":{"line":406,"column":null}}],"line":404},"51":{"loc":{"start":{"line":413,"column":40},"end":{"line":415,"column":null}},"type":"cond-expr","locations":[{"start":{"line":414,"column":46},"end":{"line":414,"column":null}},{"start":{"line":415,"column":46},"end":{"line":415,"column":null}}],"line":413},"52":{"loc":{"start":{"line":418,"column":37},"end":{"line":422,"column":null}},"type":"cond-expr","locations":[{"start":{"line":418,"column":57},"end":{"line":421,"column":null}},{"start":{"line":422,"column":42},"end":{"line":422,"column":null}}],"line":418},"53":{"loc":{"start":{"line":419,"column":43},"end":{"line":419,"column":null}},"type":"cond-expr","locations":[{"start":{"line":419,"column":66},"end":{"line":419,"column":72}},{"start":{"line":419,"column":72},"end":{"line":419,"column":null}}],"line":419},"54":{"loc":{"start":{"line":442,"column":45},"end":{"line":442,"column":95}},"type":"cond-expr","locations":[{"start":{"line":442,"column":75},"end":{"line":442,"column":86}},{"start":{"line":442,"column":86},"end":{"line":442,"column":95}}],"line":442}},"s":{"0":1,"1":12,"2":12,"3":12,"4":12,"5":12,"6":12,"7":12,"8":12,"9":60,"10":12,"11":60,"12":720,"13":60,"14":12,"15":60,"16":60,"17":720,"18":60,"19":60,"20":588,"21":60,"22":12,"23":12,"24":12,"25":555,"26":99,"27":456,"28":456,"29":12,"30":9,"31":12,"32":12,"33":9,"34":0,"35":9,"36":9,"37":9,"38":12,"39":12,"40":45,"41":45,"42":540,"43":45,"44":441,"45":12,"46":12,"47":12,"48":12,"49":12,"50":555,"51":12,"52":12,"53":12,"54":555,"55":12,"56":12,"57":555,"58":12,"59":12,"60":9,"61":0,"62":9,"63":0,"64":9,"65":9,"66":9,"67":12,"68":12,"69":0,"70":0,"71":0,"72":12,"73":12,"74":60,"75":12,"76":9,"77":45,"78":0,"79":108,"80":108,"81":108,"82":108,"83":108,"84":108,"85":108,"86":108,"87":108,"88":108,"89":3,"90":15,"91":15,"92":12,"93":3},"f":{"0":12,"1":60,"2":60,"3":720,"4":60,"5":60,"6":720,"7":588,"8":12,"9":555,"10":9,"11":9,"12":0,"13":9,"14":45,"15":540,"16":441,"17":12,"18":12,"19":555,"20":12,"21":555,"22":12,"23":555,"24":9,"25":0,"26":9,"27":0,"28":0,"29":12,"30":60,"31":45,"32":0,"33":108,"34":108,"35":15,"36":3},"b":{"0":[12,48],"1":[99,456],"2":[9,3],"3":[9,3],"4":[12,0],"5":[12,0],"6":[12,0],"7":[0,0],"8":[273,282],"9":[555,456],"10":[183,372],"11":[555,456],"12":[12,0],"13":[0,9],"14":[0,12],"15":[0,12],"16":[9,3],"17":[12,0],"18":[12,0],"19":[12,0],"20":[12,0],"21":[12,0],"22":[0,12],"23":[12,0],"24":[12,0],"25":[0,0],"26":[9,3],"27":[108,9],"28":[108,9],"29":[108,0],"30":[99,9],"31":[9,0],"32":[99,9],"33":[9,0],"34":[99,9],"35":[9,0],"36":[99,9],"37":[9,0],"38":[108,9],"39":[108,9],"40":[108,0],"41":[99,9],"42":[9,0],"43":[99,9],"44":[9,0],"45":[99,9],"46":[9,0],"47":[99,9],"48":[9,0],"49":[12,3],"50":[12,3],"51":[12,3],"52":[15,0],"53":[12,3],"54":[3,0]},"meta":{"lastBranch":55,"lastFunction":37,"lastStatement":94,"seen":{"s:18:0:28:Infinity":0,"f:47:16:47:42":0,"s:48:12:48:Infinity":1,"s:49:22:49:Infinity":2,"s:50:27:56:Infinity":3,"s:57:24:57:Infinity":4,"s:58:27:58:Infinity":5,"s:59:24:59:Infinity":6,"s:61:19:74:Infinity":7,"s:76:21:79:Infinity":8,"f:78:8:78:9":1,"s:78:18:78:Infinity":9,"s:81:25:84:Infinity":10,"f:81:38:81:39":2,"s:82:28:82:Infinity":11,"f:82:82:82:87":3,"s:82:87:82:96":12,"s:83:8:83:Infinity":13,"b:83:34:83:61:83:61:83:Infinity":0,"s:86:26:88:Infinity":14,"f:86:64:86:65":4,"s:87:8:87:Infinity":15,"f:90:13:90:30":5,"s:91:22:91:Infinity":16,"f:91:36:91:37":6,"s:91:43:91:52":17,"s:92:22:92:Infinity":18,"s:93:8:93:Infinity":19,"f:93:22:93:23":7,"s:93:30:93:53":20,"s:94:8:94:Infinity":21,"s:97:29:104:Infinity":22,"f:97:29:97:30":8,"s:98:22:98:Infinity":23,"s:99:8:103:Infinity":24,"f:99:27:99:28":9,"b:100:12:100:Infinity:undefined:undefined:undefined:undefined":1,"s:100:12:100:Infinity":25,"s:100:27:100:Infinity":26,"s:101:12:101:Infinity":27,"s:102:12:102:Infinity":28,"s:106:28:108:Infinity":29,"f:106:41:106:Infinity":10,"s:107:8:107:Infinity":30,"s:109:24:109:Infinity":31,"s:111:4:117:Infinity":32,"f:111:14:111:20":11,"s:112:25:114:Infinity":33,"f:112:46:112:Infinity":12,"s:113:12:113:Infinity":34,"s:115:8:115:Infinity":
[...]
ll}},"11":{"start":{"line":121,"column":8},"end":{"line":121,"column":null}},"12":{"start":{"line":124,"column":4},"end":{"line":126,"column":null}},"13":{"start":{"line":125,"column":8},"end":{"line":125,"column":null}},"14":{"start":{"line":128,"column":4},"end":{"line":128,"column":null}},"15":{"start":{"line":144,"column":12},"end":{"line":144,"column":null}},"16":{"start":{"line":146,"column":27},"end":{"line":154,"column":null}},"17":{"start":{"line":147,"column":26},"end":{"line":147,"column":null}},"18":{"start":{"line":148,"column":22},"end":{"line":148,"column":null}},"19":{"start":{"line":149,"column":8},"end":{"line":152,"column":null}},"20":{"start":{"line":150,"column":26},"end":{"line":150,"column":null}},"21":{"start":{"line":151,"column":12},"end":{"line":151,"column":null}},"22":{"start":{"line":151,"column":23},"end":{"line":151,"column":null}},"23":{"start":{"line":151,"column":42},"end":{"line":151,"column":54}},"24":{"start":{"line":153,"column":8},"end":{"line":153,"column":null}},"25":{"start":{"line":153,"column":48},"end":{"line":153,"column":53}},"26":{"start":{"line":156,"column":21},"end":{"line":156,"column":null}},"27":{"start":{"line":157,"column":40},"end":{"line":157,"column":null}},"28":{"start":{"line":158,"column":32},"end":{"line":160,"column":null}},"29":{"start":{"line":159,"column":36},"end":{"line":159,"column":69}},"30":{"start":{"line":162,"column":4},"end":{"line":262,"column":null}},"31":{"start":{"line":173,"column":28},"end":{"line":178,"column":null}},"32":{"start":{"line":177,"column":47},"end":{"line":177,"column":null}},"33":{"start":{"line":194,"column":28},"end":{"line":257,"column":null}},"34":{"start":{"line":205,"column":59},"end":{"line":205,"column":null}},"35":{"start":{"line":206,"column":44},"end":{"line":206,"column":null}},"36":{"start":{"line":206,"column":57},"end":{"line":206,"column":null}},"37":{"start":{"line":208,"column":61},"end":{"line":212,"column":null}},"38":{"start":{"line":214,"column":44},"end":{"line":219,"column":null}},"39":{"start":{"line":235,"column":44},"end":{"line":253,"column":null}},"40":{"start":{"line":247,"column":56},"end":{"line":250,"column":null}}},"fnMap":{"0":{"name":"(anonymous_0)","decl":{"start":{"line":107,"column":34},"end":{"line":107,"column":35}},"loc":{"start":{"line":107,"column":55},"end":{"line":129,"column":null}},"line":107},"1":{"name":"Experience","decl":{"start":{"line":143,"column":24},"end":{"line":143,"column":37}},"loc":{"start":{"line":143,"column":37},"end":{"line":264,"column":null}},"line":143},"2":{"name":"(anonymous_2)","decl":{"start":{"line":146,"column":27},"end":{"line":146,"column":28}},"loc":{"start":{"line":146,"column":44},"end":{"line":154,"column":null}},"line":146},"3":{"name":"(anonymous_3)","decl":{"start":{"line":151,"column":37},"end":{"line":151,"column":42}},"loc":{"start":{"line":151,"column":42},"end":{"line":151,"column":54}},"line":151},"4":{"name":"(anonymous_4)","decl":{"start":{"line":153,"column":38},"end":{"line":153,"column":39}},"loc":{"start":{"line":153,"column":48},"end":{"line":153,"column":53}},"line":153},"5":{"name":"(anonymous_5)","decl":{"start":{"line":159,"column":29},"end":{"line":159,"column":36}},"loc":{"start":{"line":159,"column":36},"end":{"line":159,"column":69}},"line":159},"6":{"name":"(anonymous_6)","decl":{"start":{"line":172,"column":38},"end":{"line":172,"column":39}},"loc":{"start":{"line":173,"column":28},"end":{"line":178,"column":null}},"line":173},"7":{"name":"(anonymous_7)","decl":{"start":{"line":177,"column":41},"end":{"line":177,"column":47}},"loc":{"start":{"line":177,"column":47},"end":{"line":177,"column":null}},"line":177},"8":{"name":"(anonymous_8)","decl":{"start":{"line":193,"column":49},"end":{"line":193,"column":50}},"loc":{"start":{"line":194,"column":28},"end":{"line":257,"column":null}},"line":194},"9":{"name":"(anonymous_9)","decl":{"start":{"line":204,"column":42},"end":{"line":204,"column":48}},"loc":{"start":{"line":204,"column":48},"end":{"line":221,"column":43}},"line":204},"10":{"name":"(anonymous_10)","decl":{"start":{"line":234,"column":41},"end":{"line":234,"column":42}},"loc":{"start":{"line":235,"column":44},"end":{"line":253,"column":null}},"line":235},"11":{"name":"(anonymous_11)","decl":{"start":{"line":246,"column":77},"end":{"line":246,"column":78}},"loc":{"start":{"line":247,"column":56},"end":{"line":250,"column":null}},"line":247}},"branchMap":{"0":{"loc":{"start":{"line":111,"column":4},"end":{"line":111,"column":null}},"type":"if","locations":[{"start":{"line":111,"column":4},"end":{"line":111,"column":null}},{"start":{},"end":{}}],"line":111},"1":{"loc":{"start":{"line":114,"column":16},"end":{"line":114,"column":null}},"type":"cond-expr","locations":[{"start":{"line":114,"column":27},"end":{"line":114,"column":52}},{"start":{"line":114,"column":52},"end":{"line":114,"column":null}}],"line":114},"2":{"loc":{"start":{"line":116,"column":4},"end":{"line":118,"column":null}},"type":"if","locations":[{"start":{"line":116,"column":4},"end":{"line":118,"column":null}},{"start":{},"end":{}}],"line":116},"3":{"loc":{"start":{"line":116,"column":8},"end":{"line":116,"column":48}},"type":"binary-expr","locations":[{"start":{"line":116,"column":8},"end":{"line":116,"column":30}},{"start":{"line":116,"column":30},"end":{"line":116,"column":48}}],"line":116},"4":{"loc":{"start":{"line":120,"column":4},"end":{"line":122,"column":null}},"type":"if","locations":[{"start":{"line":120,"column":4},"end":{"line":122,"column":null}},{"start":{},"end":{}}],"line":120},"5":{"loc":{"start":{"line":124,"column":4},"end":{"line":126,"column":null}},"type":"if","locations":[{"start":{"line":124,"column":4},"end":{"line":126,"column":null}},{"start":{},"end":{}}],"line":124},"6":{"loc":{"start":{"line":151,"column":12},"end":{"line":151,"column":null}},"type":"if","locations":[{"start":{"line":151,"column":12},"end":{"line":151,"column":null}},{"start":{},"end":{}}],"line":151},"7":{"loc":{"start":{"line":157,"column":53},"end":{"line":157,"column":72}},"type":"binary-expr","locations":[{"start":{"line":157,"column":53},"end":{"line":157,"column":68}},{"start":{"line":157,"column":68},"end":{"line":157,"column":72}}],"line":157},"8":{"loc":{"start":{"line":158,"column":32},"end":{"line":160,"column":null}},"type":"cond-expr","locations":[{"start":{"line":159,"column":10},"end":{"line":159,"column":null}},{"start":{"line":160,"column":10},"end":{"line":160,"column":null}}],"line":158},"9":{"loc":{"start":{"line":206,"column":44},"end":{"line":206,"column":null}},"type":"if","locations":[{"start":{"line":206,"column":44},"end":{"line":206,"column":null}},{"start":{},"end":{}}],"line":206},"10":{"loc":{"start":{"line":225,"column":37},"end":{"line":230,"column":null}},"type":"binary-expr","locations":[{"start":{"line":225,"column":37},"end":{"line":225,"column":null}},{"start":{"line":226,"column":40},"end":{"line":230,"column":null}}],"line":225},"11":{"loc":{"start":{"line":241,"column":104},"end":{"line":241,"column":128}},"type":"cond-expr","locations":[{"start":{"line":241,"column":111},"end":{"line":241,"column":126}},{"start":{"line":241,"column":126},"end":{"line":241,"column":128}}],"line":241},"12":{"loc":{"start":{"line":185,"column":29},"end":{"line":185,"column":null}},"type":"binary-expr","locations":[{"start":{"line":185,"column":29},"end":{"line":185,"column":45}},{"start":{"line":185,"column":45},"end":{"line":185,"column":null}}],"line":185}},"s":{"0":1,"1":1,"2":26,"3":26,"4":26,"5":0,"6":26,"7":26,"8":26,"9":1,"10":25,"11":12,"12":13,"13":12,"14":1,"15":11,"16":11,"17":11,"18":11,"19":11,"20":121,"21":121,"22":121,"23":231,"24":11,"25":176,"26":11,"27":11,"28":11,"29":121,"30":11,"31":121,"32":1,"33":22,"34":22,"35":22,"36":0,"37":22,"38":22,"39":50,"40":828},"f":{"0":26,"1":11,"2":11,"3":231,"4":176,"5":121,"6":121,"7":1,"8":22,"9":22,"10":50,"11":828},"b":{"0":[0,26],"1":[15,11],"2":[1,25],"3":[26,13],"4":[12,13],"5":[12,1],"6":[121,0],"7":[11,0],"8":[11,0],"9":[0,22],"10":[22,22],"11":[4,46],"12":[11,0]},"meta":{"lastBranch":13,"lastFunction":12,"lastStatement":41,"seen":{"s:13:20:91:Infinity":0,"s:107:34:129:Infinity":1,"f:107:34:107:35":0,"s:108:18:108:Infinity":2,"s:109:21:109:Infinity":3,"b:111:4:111:Infinity:undefined:undefined:undefined:undefined":0,"s:111:4:111:Infinity":4,"s:111:16:111:Infinity":5,"s:113:18:113:Infinity":6,"s:114:16:114:Infinity":7,"b:114:27:114:52:114:52:114:Infinity":1,"b:116:4:118:Infinity:undefined:undefined:undefined:undefined":2,"s:116:4:118:Infinity":8,"b:116:8:116:30:116:30:116:48":3,"s:117:8:117:Infinity":9,"b:120:4:122:Infinity:undefined:undefined:undefined:undefined":4,"s:120:4:122:Infinity":10,"s:121:8:121:Infinity":11,"b:124:4:126:Infinity:undefined:undefined:undefined:undefined":5,"s:124:4:126:Infinity":12,"s:125:8:125:Infinity":13,"s:128:4:128:Infinity":14,"f:143:24:143:37":1,"s:144:12:144:Infinity":15,"s:146:27:154:Infinity":16,"f:146:27:146:28":2,"s:147:26:147:Infinity":17,"s:148:22:148:Infinity":18,"s:149:8:152:Infinity":19,"s:150:26:150:Infinity":20,"b:151:12:151:Infinity:undefined:undefined:undefined:undefined":6,"s:151:12:151:Infinity":21,"s:151:23:151:Infinity":22,"f:151:37:151:42":3,"s:151:42:151:54":23,"s:153:8:153:Infinity":24,"f:153:38:153:39":4,"s:153:48:153:53":25,"s:156:21:156:Infinity":26,"s:157:40:157:Infinity":27,"b:157:53:157:68:157:68:157:72":7,"s:158:32:160:Infinity":28,"b:159:10:159:Infinity:160:10:160:Infinity":8,"f:159:29:159:36":5,"s:159:36:159:69":29,"s:162:4:262:Infinity":30,"f:172:38:172:39":6,"s:173:28:178:Infinity":31,"f:177:41:177:47":7,"s:177:47:177:Infinity":32,"f:193:49:193:50":8,"s:194:28:257:Infinity":33,"f:204:42:204:48":9,"s:205:59:205:Infinity":34,"b:206:44:206:Infinity:undefined:undefined:undefined:undefined":9,"s:206:44:206:Infinity":35,"s:206:57:206:Infinity":36,"s:208:61:212:Infinity":37,"s:214:44:219:Infinity":38,"b:225:37:225:Infinity:226:40:230:Infinity":10,"f:234:41:234:42":10,"s:235:44:253:Infinity":39,"b:241:111:241:126:241:126:241:128":11,"f:246:77:246:78":11,"s:247:56:250:Infinity":40,"b:185:29:185:45:185:45:185:Infinity":12}}}
,"C:\\Users\\U503185\\Desktop\\Esempi\\ingdanielemasone\\src\\pages\\home\\Home.jsx": {"path":"C:\\Users\\U503185\\Desktop\\Esempi\\ingdanielemasone\\src\\pages\\home\\Home.jsx","statementMap":{"0":{"start":{"line":19,"column":12},"end":{"line":19,"column":null}},"1":{"start":{"line":21,"column":4},"end":{"line":59,"column":null}}},"fnMap":{"0":{"name":"Home","decl":{"start":{"line":18,"column":24},"end":{"line":18,"column":31}},"loc":{"start":{"line":18,"column":31},"end":{"line":61,"column":null}},"line":18}},"branchMap":{},"s":{"0":7,"1":7},"f":{"0":7},"b":{},"meta":{"lastBranch":0,"lastFunction":1,"lastStatement":2,"seen":{"f:18:24:18:31":0,"s:19:12:19:Infinity":0,"s:21:4:59:Infinity":1}}}
,"C:\\Users\\U503185\\Desktop\\Esempi\\ingdanielemasone\\src\\pages\\privacy\\Privacy.jsx": {"path":"C:\\Users\\U503185\\Desktop\\Esempi\\ingdanielemasone\\src\\pages\\privacy\\Privacy.jsx","statementMap":{"0":{"start":{"line":17,"column":12},"end":{"line":17,"column":null}},"1":{"start":{"line":19,"column":4},"end":{"line":143,"column":null}}},"fnMap":{"0":{"name":"Privacy","decl":{"start":{"line":16,"column":24},"end":{"line":16,"column":34}},"loc":{"start":{"line":16,"column":34},"end":{"line":145,"column":null}},"line":16}},"branchMap":{},"s":{"0":5,"1":5},"f":{"0":5},"b":{},"meta":{"lastBranch":0,"lastFunction":1,"lastStatement":2,"seen":{"f:16:24:16:34":0,"s:17:12:17:Infinity":0,"s:19:4:143:Infinity":1}}}
,"C:\\Users\\U503185\\Desktop\\Esempi\\ingdanielemasone\\src\\pages\\projects\\Projects.jsx": {"path":"C:\\Users\\U503185\\Desktop\\Esempi\\ingdanielemasone\\src\\pages\\projects\\Projects.jsx","statementMap":{"0":{"start":{"line":14,"column":23},"end":{"line":14,"column":null}},"1":{"start":{"line":16,"column":17},"end":{"line":136,"column":null}},"2":{"start":{"line":152,"column":12},"end":{"line":152,"column":null}},"3":{"start":{"line":153,"column":46},"end":{"line":153,"column":null}},"4":{"start":{"line":154,"column":24},"end":{"line":154,"column":null}},"5":{"start":{"line":156,"column":22},"end":{"line":156,"column":null}},"6":{"start":{"line":156,"column":52},"end":{"line":156,"column":61}},"7":{"start":{"line":158,"column":28},"end":{"line":162,"column":null}},"8":{"start":{"line":159,"column":8},"end":{"line":159,"column":null}},"9":{"start":{"line":160,"column":8},"end":{"line":160,"column":null}},"10":{"start":{"line":161,"column":8},"end":{"line":161,"column":null}},"11":{"start":{"line":164,"column":4},"end":{"line":272,"column":null}},"12":{"start":{"line":176,"column":28},"end":{"line":184,"column":null}},"13":{"start":{"line":181,"column":36},"end":{"line":181,"column":null}},"14":{"start":{"line":182,"column":36},"end":{"line":182,"column":null}},"15":{"start":{"line":192,"column":52},"end":{"line":192,"column":null}},"16":{"start":{"line":193,"column":47},"end":{"line":193,"column":null}},"17":{"start":{"line":194,"column":46},"end":{"line":197,"column":null}},"18":{"start":{"line":199,"column":28},"end":{"line":266,"column":null}},"19":{"start":{"line":213,"column":44},"end":{"line":254,"column":null}},"20":{"start":{"line":232,"column":60},"end":{"line":250,"column":null}},"21":{"start":{"line":244,"column":72},"end":{"line":247,"column":null}}},"fnMap":{"0":{"name":"Projects","decl":{"start":{"line":151,"column":24},"end":{"line":151,"column":35}},"loc":{"start":{"line":151,"column":35},"end":{"line":274,"column":null}},"line":151},"1":{"name":"(anonymous_1)","decl":{"start":{"line":156,"column":47},"end":{"line":156,"column":52}},"loc":{"start":{"line":156,"column":52},"end":{"line":156,"column":61}},"line":156},"2":{"name":"(anonymous_2)","decl":{"start":{"line":158,"column":44},"end":{"line":158,"column":45}},"loc":{"start":{"line":158,"column":59},"end":{"line":162,"column":7}},"line":158},"3":{"name":"(anonymous_3)","decl":{"start":{"line":175,"column":39},"end":{"line":175,"column":40}},"loc":{"start":{"line":176,"column":28},"end":{"line":184,"column":null}},"line":176},"4":{"name":"(anonymous_4)","decl":{"start":{"line":180,"column":41},"end":{"line":180,"column":47}},"loc":{"start":{"line":180,"column":47},"end":{"line":183,"column":null}},"line":180},"5":{"name":"(anonymous_5)","decl":{"start":{"line":191,"column":26},"end":{"line":191,"column":32}},"loc":{"start":{"line":191,"column":32},"end":{"line":268,"column":27}},"line":191},"6":{"name":"(anonymous_6)","decl":{"start":{"line":212,"column":55},"end":{"line":212,"column":56}},"loc":{"start":{"line":213,"column":44},"end":{"line":254,"column":null}},"line":213},"7":{"name":"(anonymous_7)","decl":{"start":{"line":231,"column":57},"end":{"line":231,"column":58}},"loc":{"start":{"line":232,"column":60},"end":{"line":250,"column":null}},"line":232},"8":{"name":"(anonymous_8)","decl":{"start":{"line":243,"column":94},"end":{"line":243,"column":95}},"loc":{"start":{"line":244,"column":72},"end":{"line":247,"column":null}},"line":244}},"branchMap":{"0":{"loc":{"start":{"line":159,"column":28},"end":{"line":159,"column":null}},"type":"binary-expr","locations":[{"start":{"line":159,"column":28},"end":{"line":159,"column":49}},{"start":{"line":159,"column":49},"end":{"line":159,"column":null}}],"line":159},"1":{"loc":{"start":{"line":192,"column":52},"end":{"line":192,"column":null}},"type":"binary-expr","locations":[{"start":{"line":192,"column":52},"end":{"line":192,"column":88}},{"start":{"line":192,"column":88},"end":{"line":192,"column":null}}],"line":192},"2":{"loc":{"start":{"line":223,"column":53},"end":{"line":228,"column":null}},"type":"binary-expr","locations":[{"start":{"line":223,"column":53},"end":{"line":223,"column":null}},{"start":{"line":224,"column":56},"end":{"line":228,"column":null}}],"line":223},"3":{"loc":{"start":{"line":238,"column":120},"end":{"line":238,"column":144}},"type":"cond-expr","locations":[{"start":{"line":238,"column":127},"end":{"line":238,"column":142}},{"start":{"line":238,"column":142},"end":{"line":238,"column":144}}],"line":238}},"s":{"0":1,"1":1,"2":20,"3":20,"4":20,"5":20,"6":340,"7":20,"8":340,"9":340,"10":340,"11":20,"12":120,"13":2,"14":2,"15":20,"16":20,"17":20,"18":20,"19":36,"20":72,"21":808},"f":{"0":20,"1":340,"2":340,"3":120,"4":2,"5":20,"6":36,"7":72,"8":808},"b":{"0":[340,120],"1":[20,0],"2":[36,36],"3":[4,68]},"meta":{"lastBranch":4,"lastFunction":9,"lastStatement":22,"seen":{"s:14:23:14:Infinity":0,"s:16:17:136:Infinity":1,"f:151:24:151:35":0,"s:152:12:152:Infinity":2,"s:153:46:153:Infinity":3,"s:154:24:154:Infinity":4,"s:156:22:156:Infinity":5,"f:156:47:156:52":1,"s:156:52:156:61":6,"s:158:28:162:Infinity":7,"f:158:44:158:45":2,"s:159:8:159:Infinity":8,"b:159:28:159:49:159:49:159:Infinity":0,"s:160:8:160:Infinity":9,"s:161:8:161:Infinity":10,"s:164:4:272:Infinity":11,"f:175:39:175:40":3,"s:176:28:184:Infinity":12,"f:180:41:180:47":4,"s:181:36:181:Infinity":13,"s:182:36:182:Infinity":14,"f:191:26:191:32":5,"s:192:52:192:Infinity":15,"b:192:52:192:88:192:88:192:Infinity":1,"s:193:47:193:Infinity":16,"s:194:46:197:Infinity":17,"s:199:28:266:Infinity":18,"f:212:55:212:56":6,"s:213:44:254:Infinity":19,"b:223:53:223:Infinity:224:56:228:Infinity":2,"f:231:57:231:58":7,"s:232:60:250:Infinity":20,"b:238:127:238:142:238:142:238:144":3,"f:243:94:243:95":8,"s:244:72:247:Infinity":21}}}
,"C:\\Users\\U503185\\Desktop\\Esempi\\ingdanielemasone\\src\\pages\\testimonials\\Testimonials.jsx": {"path":"C:\\Users\\U503185\\Desktop\\Esempi\\ingdanielemasone\\src\\pages\\testimonials\\Testimonials.jsx","statementMap":{"0":{"start":{"line":11,"column":23},"end":{"line":11,"column":null}},"1":{"start":{"line":13,"column":21},"end":{"line":152,"column":null}},"2":{"start":{"line":166,"column":12},"end":{"line":166,"column":null}},"3":{"start":{"line":167,"column":24},"end":{"line":167,"column":null}},"4":{"start":{"line":169,"column":23},"end":{"line":169,"column":null}},"5":{"start":{"line":171,"column":34},"end":{"line":174,"column":null}},"6":{"start":{"line":176,"column":4},"end":{"line":249,"column":null}},"7":{"start":{"line":193,"column":24},"end":{"line":236,"column":null}}},"fnMap":{"0":{"name":"Testimonials","decl":{"start":{"line":165,"column":24},"end":{"line":165,"column":39}},"loc":{"start":{"line":165,"column":39},"end":{"line":251,"column":null}},"line":165},"1":{"name":"(anonymous_1)","decl":{"start":{"line":192,"column":47},"end":{"line":192,"column":48}},"loc":{"start":{"line":193,"column":24},"end":{"line":236,"column":null}},"line":193}},"branchMap":{"0":{"loc":{"start":{"line":212,"column":49},"end":{"line":215,"column":null}},"type":"binary-expr","locations":[{"start":{"line":212,"column":49},"end":{"line":212,"column":null}},{"start":{"line":213,"column":52},"end":{"line":215,"column":null}}],"line":212}},"s":{"0":1,"1":1,"2":21,"3":21,"4":21,"5":21,"6":21,"7":83},"f":{"0":21,"1":83},"b":{"0":[83,83]},"meta":{"lastBranch":1,"lastFunction":2,"lastStatement":8,"seen":{"s:11:23:11:Infinity":0,"s:13:21:152:Infinity":1,"f:165:24:165:39":0,"s:166:12:166:Infinity":2,"s:167:24:167:Infinity":3,"s:169:23:169:Infinity":4,"s:171:34:174:Infinity":5,"s:176:4:249:Infinity":6,"f:192:47:192:48":1,"s:193:24:236:Infinity":7,"b:212:49:212:Infinity:213:52:215:Infinity":0}}}
,"C:\\Users\\U503185\\Desktop\\Esempi\\ingdanielemasone\\src\\pages\\trading\\Trading.jsx": {"path":"C:\\Users\\U503185\\Desktop\\Esempi\\ingdanielemasone\\src\\pages\\trading\\Trading.jsx","statementMap":{"0":{"start":{"line":17,"column":12},"end":{"line":17,"column":null}},"1":{"start":{"line":19,"column":4},"end":{"line":65,"column":null}}},"fnMap":{"0":{"name":"Trading","decl":{"start":{"line":16,"column":24},"end":{"line":16,"column":34}},"loc":{"start":{"line":16,"column":34},"end":{"line":67,"column":null}},"line":16}},"branchMap":{},"s":{"0":7,"1":7},"f":{"0":7},"b":{},"meta":{"lastBranch":0,"lastFunction":1,"lastStatement":2,"seen":{"f:16:24:16:34":0,"s:17:12:17:Infinity":0,"s:19:4:65:Infinity":1}}}
}
