{"C:\\Users\\U503185\\Desktop\\Esempi\\ingdanielemasone\\src\\App.jsx": {"path":"C:\\Users\\U503185\\Desktop\\Esempi\\ingdanielemasone\\src\\App.jsx","statementMap":{"0":{"start":{"line":10,"column":6},"end":{"line":10,"column":null}},"1":{"start":{"line":10,"column":24},"end":{"line":10,"column":null}},"2":{"start":{"line":11,"column":6},"end":{"line":11,"column":null}},"3":{"start":{"line":11,"column":30},"end":{"line":11,"column":null}},"4":{"start":{"line":12,"column":6},"end":{"line":12,"column":null}},"5":{"start":{"line":12,"column":28},"end":{"line":12,"column":null}},"6":{"start":{"line":13,"column":6},"end":{"line":13,"column":null}},"7":{"start":{"line":13,"column":27},"end":{"line":13,"column":null}},"8":{"start":{"line":14,"column":6},"end":{"line":14,"column":null}},"9":{"start":{"line":14,"column":34},"end":{"line":14,"column":null}},"10":{"start":{"line":15,"column":6},"end":{"line":15,"column":null}},"11":{"start":{"line":15,"column":27},"end":{"line":15,"column":null}},"12":{"start":{"line":16,"column":6},"end":{"line":16,"column":null}},"13":{"start":{"line":16,"column":32},"end":{"line":16,"column":null}},"14":{"start":{"line":17,"column":6},"end":{"line":17,"column":null}},"15":{"start":{"line":17,"column":27},"end":{"line":17,"column":null}},"16":{"start":{"line":18,"column":6},"end":{"line":18,"column":null}},"17":{"start":{"line":18,"column":32},"end":{"line":18,"column":null}},"18":{"start":{"line":24,"column":4},"end":{"line":45,"column":null}}},"fnMap":{"0":{"name":"(anonymous_0)","decl":{"start":{"line":10,"column":18},"end":{"line":10,"column":24}},"loc":{"start":{"line":10,"column":24},"end":{"line":10,"column":null}},"line":10},"1":{"name":"(anonymous_1)","decl":{"start":{"line":11,"column":24},"end":{"line":11,"column":30}},"loc":{"start":{"line":11,"column":30},"end":{"line":11,"column":null}},"line":11},"2":{"name":"(anonymous_2)","decl":{"start":{"line":12,"column":22},"end":{"line":12,"column":28}},"loc":{"start":{"line":12,"column":28},"end":{"line":12,"column":null}},"line":12},"3":{"name":"(anonymous_3)","decl":{"start":{"line":13,"column":21},"end":{"line":13,"column":27}},"loc":{"start":{"line":13,"column":27},"end":{"line":13,"column":null}},"line":13},"4":{"name":"(anonymous_4)","decl":{"start":{"line":14,"column":28},"end":{"line":14,"column":34}},"loc":{"start":{"line":14,"column":34},"end":{"line":14,"column":null}},"line":14},"5":{"name":"(anonymous_5)","decl":{"start":{"line":15,"column":21},"end":{"line":15,"column":27}},"loc":{"start":{"line":15,"column":27},"end":{"line":15,"column":null}},"line":15},"6":{"name":"(anonymous_6)","decl":{"start":{"line":16,"column":26},"end":{"line":16,"column":32}},"loc":{"start":{"line":16,"column":32},"end":{"line":16,"column":null}},"line":16},"7":{"name":"(anonymous_7)","decl":{"start":{"line":17,"column":21},"end":{"line":17,"column":27}},"loc":{"start":{"line":17,"column":27},"end":{"line":17,"column":null}},"line":17},"8":{"name":"(anonymous_8)","decl":{"start":{"line":18,"column":26},"end":{"line":18,"column":32}},"loc":{"start":{"line":18,"column":32},"end":{"line":18,"column":null}},"line":18},"9":{"name":"App","decl":{"start":{"line":23,"column":24},"end":{"line":23,"column":30}},"loc":{"start":{"line":23,"column":30},"end":{"line":47,"column":null}},"line":23}},"branchMap":{},"s":{"0":1,"1":1,"2":1,"3":1,"4":1,"5":1,"6":1,"7":1,"8":1,"9":1,"10":1,"11":1,"12":1,"13":1,"14":1,"15":1,"16":1,"17":1,"18":11},"f":{"0":1,"1":1,"2":1,"3":1,"4":1,"5":1,"6":1,"7":1,"8":1,"9":11},"b":{},"meta":{"lastBranch":0,"lastFunction":10,"lastStatement":19,"seen":{"s:10:6:10:Infinity":0,"f:10:18:10:24":0,"s:10:24:10:Infinity":1,"s:11:6:11:Infinity":2,"f:11:24:11:30":1,"s:11:30:11:Infinity":3,"s:12:6:12:Infinity":4,"f:12:22:12:28":2,"s:12:28:12:Infinity":5,"s:13:6:13:Infinity":6,"f:13:21:13:27":3,"s:13:27:13:Infinity":7,"s:14:6:14:Infinity":8,"f:14:28:14:34":4,"s:14:34:14:Infinity":9,"s:15:6:15:Infinity":10,"f:15:21:15:27":5,"s:15:27:15:Infinity":11,"s:16:6:16:Infinity":12,"f:16:26:16:32":6,"s:16:32:16:Infinity":13,"s:17:6:17:Infinity":14,"f:17:21:17:27":7,"s:17:27:17:Infinity":15,"s:18:6:18:Infinity":16,"f:18:26:18:32":8,"s:18:32:18:Infinity":17,"f:23:24:23:30":9,"s:24:4:45:Infinity":18}}}
,"C:\\Users\\U503185\\Desktop\\Esempi\\ingdanielemasone\\src\\assets\\cover.png": {"path":"C:\\Users\\U503185\\Desktop\\Esempi\\ingdanielemasone\\src\\assets\\cover.png","statementMap":{},"fnMap":{},"branchMap":{},"s":{},"f":{},"b":{},"meta":{"lastBranch":0,"lastFunction":0,"lastStatement":0,"seen":{}}}
,"C:\\Users\\U503185\\Desktop\\Esempi\\ingdanielemasone\\src\\assets\\daniele.jpg": {"path":"C:\\Users\\U503185\\Desktop\\Esempi\\ingdanielemasone\\src\\assets\\daniele.jpg","statementMap":{},"fnMap":{},"branchMap":{},"s":{},"f":{},"b":{},"meta":{"lastBranch":0,"lastFunction":0,"lastStatement":0,"seen":{}}}
,"C:\\Users\\U503185\\Desktop\\Esempi\\ingdanielemasone\\src\\assets\\courses\\ANGULARJS.png": {"path":"C:\\Users\\U503185\\Desktop\\Esempi\\ingdanielemasone\\src\\assets\\courses\\ANGULARJS.png","statementMap":{},"fnMap":{},"branchMap":{},"s":{},"f":{},"b":{},"meta":{"lastBranch":0,"lastFunction":0,"lastStatement":0,"seen":{}}}
,"C:\\Users\\U503185\\Desktop\\Esempi\\ingdanielemasone\\src\\assets\\courses\\ASSEMBLY.png": {"path":"C:\\Users\\U503185\\Desktop\\Esempi\\ingdanielemasone\\src\\assets\\courses\\ASSEMBLY.png","statementMap":{},"fnMap":{},"branchMap":{},"s":{},"f":{},"b":{},"meta":{"lastBranch":0,"lastFunction":0,"lastStatement":0,"seen":{}}}
,"C:\\Users\\U503185\\Desktop\\Esempi\\ingdanielemasone\\src\\assets\\courses\\C.png": {"path":"C:\\Users\\U503185\\Desktop\\Esempi\\ingdanielemasone\\src\\assets\\courses\\C.png","statementMap":{},"fnMap":{},"branchMap":{},"s":{},"f":{},"b":{},"meta":{"lastBranch":0,"lastFunction":0,"lastStatement":0,"seen":{}}}
,"C:\\Users\\U503185\\Desktop\\Esempi\\ingdanielemasone\\src\\assets\\courses\\CPLUSPLUS.png": {"path":"C:\\Users\\U503185\\Desktop\\Esempi\\ingdanielemasone\\src\\assets\\courses\\CPLUSPLUS.png","statementMap":{},"fnMap":{},"branchMap":{},"s":{},"f":{},"b":{},"meta":{"lastBranch":0,"lastFunction":0,"lastStatement":0,"seen":{}}}
,"C:\\Users\\U503185\\Desktop\\Esempi\\ingdanielemasone\\src\\assets\\courses\\GIT.png": {"path":"C:\\Users\\U503185\\Desktop\\Esempi\\ingdanielemasone\\src\\assets\\courses\\GIT.png","statementMap":{},"fnMap":{},"branchMap":{},"s":{},"f":{},"b":{},"meta":{"lastBranch":0,"lastFunction":0,"lastStatement":0,"seen":{}}}
,"C:\\Users\\U503185\\Desktop\\Esempi\\ingdanielemasone\\src\\assets\\courses\\HTML5.png": {"path":"C:\\Users\\U503185\\Desktop\\Esempi\\ingdanielemasone\\src\\assets\\courses\\HTML5.png","statementMap":{},"fnMap":{},"branchMap":{},"s":{},"f":{},"b":{},"meta":{"lastBranch":0,"lastFunction":0,"lastStatement":0,"seen":{}}}
,"C:\\Users\\U503185\\Desktop\\Esempi\\ingdanielemasone\\src\\assets\\courses\\JAVA.png": {"path":"C:\\Users\\U503185\\Desktop\\Esempi\\ingdanielemasone\\src\\assets\\courses\\JAVA.png","statementMap":{},"fnMap":{},"branchMap":{},"s":{},"f":{},"b":{},"meta":{"lastBranch":0,"lastFunction":0,"lastStatement":0,"seen":{}}}
,"C:\\Users\\U503185\\Desktop\\Esempi\\ingdanielemasone\\src\\assets\\courses\\JAVASCRIPT.png": {"path":"C:\\Users\\U503185\\Desktop\\Esempi\\ingdanielemasone\\src\\assets\\courses\\JAVASCRIPT.png","statementMap":{},"fnMap":{},"branchMap":{},"s":{},"f":{},"b":{},"meta":{"lastBranch":0,"lastFunction":0,"lastStatement":0,"seen":{}}}
,"C:\\Users\\U503185\\Desktop\\Esempi\\ingdanielemasone\\src\\assets\\courses\\JQUERY.png": {"path":"C:\\Users\\U503185\\Desktop\\Esempi\\ingdanielemasone\\src\\assets\\courses\\JQUERY.png","statementMap":{},"fnMap":{},"branchMap":{},"s":{},"f":{},"b":{},"meta":{"lastBranch":0,"lastFunction":0,"lastStatement":0,"seen":{}}}
,"C:\\Users\\U503185\\Desktop\\Esempi\\ingdanielemasone\\src\\assets\\courses\\PHP.png": {"path":"C:\\Users\\U503185\\Desktop\\Esempi\\ingdanielemasone\\src\\assets\\courses\\PHP.png","statementMap":{},"fnMap":{},"branchMap":{},"s":{},"f":{},"b":{},"meta":{"lastBranch":0,"lastFunction":0,"lastStatement":0,"seen":{}}}
,"C:\\Users\\U503185\\Desktop\\Esempi\\ingdanielemasone\\src\\assets\\courses\\SQL.png": {"path":"C:\\Users\\U503185\\Desktop\\Esempi\\ingdanielemasone\\src\\assets\\courses\\SQL.png","statementMap":{},"fnMap":{},"branchMap":{},"s":{},"f":{},"b":{},"meta":{"lastBranch":0,"lastFunction":0,"lastStatement":0,"seen":{}}}
,"C:\\Users\\U503185\\Desktop\\Esempi\\ingdanielemasone\\src\\assets\\courses\\TYPESCRIPT.png": {"path":"C:\\Users\\U503185\\Desktop\\Esempi\\ingdanielemasone\\src\\assets\\courses\\TYPESCRIPT.png","statementMap":{},"fnMap":{},"branchMap":{},"s":{},"f":{},"b":{},"meta":{"lastBranch":0,"lastFunction":0,"lastStatement":0,"seen":{}}}
,"C:\\Users\\U503185\\Desktop\\Esempi\\ingdanielemasone\\src\\components\\errorState\\ErrorState.jsx": {"path":"C:\\Users\\U503185\\Desktop\\Esempi\\ingdanielemasone\\src\\components\\errorState\\ErrorState.jsx","statementMap":{"0":{"start":{"line":28,"column":12},"end":{"line":28,"column":null}},"1":{"start":{"line":30,"column":4},"end":{"line":54,"column":null}}},"fnMap":{"0":{"name":"ErrorState","decl":{"start":{"line":27,"column":16},"end":{"line":27,"column":27}},"loc":{"start":{"line":27,"column":65},"end":{"line":56,"column":null}},"line":27}},"branchMap":{"0":{"loc":{"start":{"line":27,"column":28},"end":{"line":27,"column":55}},"type":"default-arg","locations":[{"start":{"line":27,"column":38},"end":{"line":27,"column":55}}],"line":27},"1":{"loc":{"start":{"line":43,"column":17},"end":{"line":51,"column":null}},"type":"binary-expr","locations":[{"start":{"line":43,"column":17},"end":{"line":43,"column":null}},{"start":{"line":44,"column":20},"end":{"line":51,"column":null}}],"line":43}},"s":{"0":5,"1":5},"f":{"0":5},"b":{"0":[5],"1":[5,2]},"meta":{"lastBranch":2,"lastFunction":1,"lastStatement":2,"seen":{"f:27:16:27:27":0,"b:27:38:27:55":0,"s:28:12:28:Infinity":0,"s:30:4:54:Infinity":1,"b:43:17:43:Infinity:44:20:51:Infinity":1}}}
,"C:\\Users\\U503185\\Desktop\\Esempi\\ingdanielemasone\\src\\components\\footer\\Footer.jsx": {"path":"C:\\Users\\U503185\\Desktop\\Esempi\\ingdanielemasone\\src\\components\\footer\\Footer.jsx","statementMap":{"0":{"start":{"line":17,"column":12},"end":{"line":17,"column":null}},"1":{"start":{"line":18,"column":26},"end":{"line":18,"column":null}},"2":{"start":{"line":19,"column":30},"end":{"line":19,"column":null}},"3":{"start":{"line":20,"column":26},"end":{"line":20,"column":null}},"4":{"start":{"line":22,"column":22},"end":{"line":30,"column":null}},"5":{"start":{"line":23,"column":8},"end":{"line":23,"column":null}},"6":{"start":{"line":24,"column":8},"end":{"line":24,"column":null}},"7":{"start":{"line":26,"column":8},"end":{"line":29,"column":null}},"8":{"start":{"line":29,"column":27},"end":{"line":29,"column":44}},"9":{"start":{"line":32,"column":4},"end":{"line":34,"column":null}},"10":{"start":{"line":33,"column":8},"end":{"line":33,"column":null}},"11":{"start":{"line":36,"column":4},"end":{"line":36,"column":null}},"12":{"start":{"line":36,"column":17},"end":{"line":36,"column":null}},"13":{"start":{"line":37,"column":4},"end":{"line":37,"column":null}},"14":{"start":{"line":37,"column":15},"end":{"line":37,"column":null}},"15":{"start":{"line":39,"column":4},"end":{"line":102,"column":null}},"16":{"start":{"line":56,"column":28},"end":{"line":93,"column":null}}},"fnMap":{"0":{"name":"Footer","decl":{"start":{"line":16,"column":16},"end":{"line":16,"column":25}},"loc":{"start":{"line":16,"column":25},"end":{"line":104,"column":null}},"line":16},"1":{"name":"(anonymous_1)","decl":{"start":{"line":22,"column":22},"end":{"line":22,"column":28}},"loc":{"start":{"line":22,"column":28},"end":{"line":30,"column":null}},"line":22},"2":{"name":"(anonymous_2)","decl":{"start":{"line":29,"column":21},"end":{"line":29,"column":27}},"loc":{"start":{"line":29,"column":27},"end":{"line":29,"column":44}},"line":29},"3":{"name":"(anonymous_3)","decl":{"start":{"line":32,"column":14},"end":{"line":32,"column":20}},"loc":{"start":{"line":32,"column":20},"end":{"line":34,"column":7}},"line":32},"4":{"name":"(anonymous_4)","decl":{"start":{"line":55,"column":35},"end":{"line":55,"column":36}},"loc":{"start":{"line":56,"column":28},"end":{"line":93,"column":null}},"line":56}},"branchMap":{"0":{"loc":{"start":{"line":36,"column":4},"end":{"line":36,"column":null}},"type":"if","locations":[{"start":{"line":36,"column":4},"end":{"line":36,"column":null}},{"start":{},"end":{}}],"line":36},"1":{"loc":{"start":{"line":37,"column":4},"end":{"line":37,"column":null}},"type":"if","locations":[{"start":{"line":37,"column":4},"end":{"line":37,"column":null}},{"start":{},"end":{}}],"line":37}},"s":{"0":21,"1":21,"2":21,"3":21,"4":21,"5":11,"6":11,"7":11,"8":10,"9":21,"10":10,"11":21,"12":11,"13":10,"14":10,"15":8,"16":24},"f":{"0":21,"1":11,"2":10,"3":10,"4":24},"b":{"0":[11,10],"1":[2,8]},"meta":{"lastBranch":2,"lastFunction":5,"lastStatement":17,"seen":{"f:16:16:16:25":0,"s:17:12:17:Infinity":0,"s:18:26:18:Infinity":1,"s:19:30:19:Infinity":2,"s:20:26:20:Infinity":3,"s:22:22:30:Infinity":4,"f:22:22:22:28":1,"s:23:8:23:Infinity":5,"s:24:8:24:Infinity":6,"s:26:8:29:Infinity":7,"f:29:21:29:27":2,"s:29:27:29:44":8,"s:32:4:34:Infinity":9,"f:32:14:32:20":3,"s:33:8:33:Infinity":10,"b:36:4:36:Infinity:undefined:undefined:undefined:undefined":0,"s:36:4:36:Infinity":11,"s:36:17:36:Infinity":12,"b:37:4:37:Infinity:undefined:undefined:undefined:undefined":1,"s:37:4:37:Infinity":13,"s:37:15:37:Infinity":14,"s:39:4:102:Infinity":15,"f:55:35:55:36":4,"s:56:28:93:Infinity":16}}}
,"C:\\Users\\U503185\\Desktop\\Esempi\\ingdanielemasone\\src\\components\\header\\Header.jsx": {"path":"C:\\Users\\U503185\\Desktop\\Esempi\\ingdanielemasone\\src\\components\\header\\Header.jsx","statementMap":{"0":{"start":{"line":19,"column":12},"end":{"line":19,"column":null}},"1":{"start":{"line":20,"column":19},"end":{"line":20,"column":null}},"2":{"start":{"line":21,"column":32},"end":{"line":21,"column":null}},"3":{"start":{"line":22,"column":42},"end":{"line":22,"column":null}},"4":{"start":{"line":24,"column":20},"end":{"line":26,"column":null}},"5":{"start":{"line":28,"column":25},"end":{"line":35,"column":null}},"6":{"start":{"line":37,"column":27},"end":{"line":40,"column":null}},"7":{"start":{"line":38,"column":8},"end":{"line":40,"column":null}},"8":{"start":{"line":42,"column":4},"end":{"line":191,"column":null}},"9":{"start":{"line":50,"column":24},"end":{"line":52,"column":null}},"10":{"start":{"line":58,"column":43},"end":{"line":58,"column":null}},"11":{"start":{"line":80,"column":40},"end":{"line":89,"column":null}},"12":{"start":{"line":83,"column":59},"end":{"line":83,"column":null}},"13":{"start":{"line":106,"column":35},"end":{"line":106,"column":null}},"14":{"start":{"line":128,"column":47},"end":{"line":128,"column":null}},"15":{"start":{"line":144,"column":50},"end":{"line":144,"column":65}},"16":{"start":{"line":146,"column":36},"end":{"line":155,"column":null}},"17":{"start":{"line":149,"column":55},"end":{"line":149,"column":null}},"18":{"start":{"line":163,"column":36},"end":{"line":184,"column":null}},"19":{"start":{"line":172,"column":48},"end":{"line":181,"column":null}},"20":{"start":{"line":175,"column":67},"end":{"line":175,"column":null}}},"fnMap":{"0":{"name":"Header","decl":{"start":{"line":18,"column":16},"end":{"line":18,"column":25}},"loc":{"start":{"line":18,"column":25},"end":{"line":193,"column":null}},"line":18},"1":{"name":"(anonymous_1)","decl":{"start":{"line":37,"column":27},"end":{"line":37,"column":28}},"loc":{"start":{"line":38,"column":8},"end":{"line":40,"column":null}},"line":38},"2":{"name":"(anonymous_2)","decl":{"start":{"line":49,"column":33},"end":{"line":49,"column":34}},"loc":{"start":{"line":50,"column":24},"end":{"line":52,"column":null}},"line":50},"3":{"name":"(anonymous_3)","decl":{"start":{"line":58,"column":37},"end":{"line":58,"column":43}},"loc":{"start":{"line":58,"column":43},"end":{"line":58,"column":null}},"line":58},"4":{"name":"(anonymous_4)","decl":{"start":{"line":79,"column":54},"end":{"line":79,"column":55}},"loc":{"start":{"line":80,"column":40},"end":{"line":89,"column":null}},"line":80},"5":{"name":"(anonymous_5)","decl":{"start":{"line":83,"column":53},"end":{"line":83,"column":59}},"loc":{"start":{"line":83,"column":59},"end":{"line":83,"column":null}},"line":83},"6":{"name":"(anonymous_6)","decl":{"start":{"line":106,"column":29},"end":{"line":106,"column":35}},"loc":{"start":{"line":106,"column":35},"end":{"line":106,"column":null}},"line":106},"7":{"name":"(anonymous_7)","decl":{"start":{"line":128,"column":41},"end":{"line":128,"column":47}},"loc":{"start":{"line":128,"column":47},"end":{"line":128,"column":null}},"line":128},"8":{"name":"(anonymous_8)","decl":{"start":{"line":144,"column":40},"end":{"line":144,"column":41}},"loc":{"start":{"line":144,"column":50},"end":{"line":144,"column":65}},"line":144},"9":{"name":"(anonymous_9)","decl":{"start":{"line":145,"column":37},"end":{"line":145,"column":38}},"loc":{"start":{"line":146,"column":36},"end":{"line":155,"column":null}},"line":146},"10":{"name":"(anonymous_10)","decl":{"start":{"line":149,"column":49},"end":{"line":149,"column":55}},"loc":{"start":{"line":149,"column":55},"end":{"line":149,"column":null}},"line":149},"11":{"name":"(anonymous_11)","decl":{"start":{"line":162,"column":33},"end":{"line":162,"column":34}},"loc":{"start":{"line":163,"column":36},"end":{"line":184,"column":null}},"line":163},"12":{"name":"(anonymous_12)","decl":{"start":{"line":171,"column":62},"end":{"line":171,"column":63}},"loc":{"start":{"line":172,"column":48},"end":{"line":181,"column":null}},"line":172},"13":{"name":"(anonymous_13)","decl":{"start":{"line":175,"column":61},"end":{"line":175,"column":67}},"loc":{"start":{"line":175,"column":67},"end":{"line":175,"column":null}},"line":175}},"branchMap":{"0":{"loc":{"start":{"line":39,"column":12},"end":{"line":39,"column":null}},"type":"cond-expr","locations":[{"start":{"line":39,"column":32},"end":{"line":39,"column":83}},{"start":{"line":39,"column":83},"end":{"line":39,"column":null}}],"line":39},"1":{"loc":{"start":{"line":60,"column":32},"end":{"line":60,"column":null}},"type":"cond-expr","locations":[{"start":{"line":60,"column":48},"end":{"line":60,"column":99}},{"start":{"line":60,"column":99},"end":{"line":60,"column":null}}],"line":60},"2":{"loc":{"start":{"line":67,"column":75},"end":{"line":67,"column":108}},"type":"cond-expr","locations":[{"start":{"line":67,"column":91},"end":{"line":67,"column":106}},{"start":{"line":67,"column":106},"end":{"line":67,"column":108}}],"line":67},"3":{"loc":{"start":{"line":71,"column":29},"end":{"line":91,"column":null}},"type":"binary-expr","locations":[{"start":{"line":71,"column":29},"end":{"line":71,"column":null}},{"start":{"line":72,"column":32},"end":{"line":91,"column":null}}],"line":71},"4":{"loc":{"start":{"line":85,"column":48},"end":{"line":85,"column":null}},"type":"cond-expr","locations":[{"start":{"line":85,"column":71},"end":{"line":85,"column":122}},{"start":{"line":85,"column":122},"end":{"line":85,"column":null}}],"line":85},"5":{"loc":{"start":{"line":109,"column":21},"end":{"line":109,"column":null}},"type":"cond-expr","locations":[{"start":{"line":109,"column":32},"end":{"line":109,"column":59}},{"start":{"line":109,"column":59},"end":{"line":109,"column":null}}],"line":109},"6":{"loc":{"start":{"line":115,"column":17},"end":{"line":188,"column":null}},"type":"binary-expr","locations":[{"start":{"line":115,"column":17},"end":{"line":115,"column":null}},{"start":{"line":116,"column":20},"end":{"line":188,"column":null}}],"line":115},"7":{"loc":{"start":{"line":130,"column":36},"end":{"line":130,"column":null}},"type":"cond-expr","locations":[{"start":{"line":130,"column":55},"end":{"line":130,"column":106}},{"start":{"line":130,"column":106},"end":{"line":130,"column":null}}],"line":130},"8":{"loc":{"start":{"line":151,"column":44},"end":{"line":151,"column":null}},"type":"cond-expr","locations":[{"start":{"line":151,"column":67},"end":{"line":151,"column":118}},{"start":{"line":151,"column":118},"end":{"line":151,"column":null}}],"line":151},"9":{"loc":{"start":{"line":168,"column":91},"end":{"line":168,"column":115}},"type":"cond-expr","locations":[{"start":{"line":168,"column":98},"end":{"line":168,"column":113}},{"start":{"line":168,"column":113},"end":{"line":168,"column":115}}],"line":168},"10":{"loc":{"start":{"line":177,"column":56},"end":{"line":177,"column":null}},"type":"cond-expr","locations":[{"start":{"line":177,"column":79},"end":{"line":177,"column":130}},{"start":{"line":177,"column":130},"end":{"line":177,"column":null}}],"line":177}},"s":{"0":48,"1":48,"2":48,"3":48,"4":48,"5":48,"6":48,"7":48,"8":48,"9":48,"10":8,"11":42,"12":1,"13":11,"14":1,"15":10,"16":0,"17":0,"18":32,"19":192,"20":2},"f":{"0":48,"1":48,"2":48,"3":8,"4":42,"5":1,"6":11,"7":1,"8":10,"9":0,"10":0,"11":32,"12":192,"13":2},"b":{"0":[43,5],"1":[7,41],"2":[7,41],"3":[48,7],"4":[1,41],"5":[10,38],"6":[48,10],"7":[10,0],"8":[0,0],"9":[10,22],"10":[0,192]},"meta":{"lastBranch":11,"lastFunction":14,"lastStatement":21,"seen":{"f:18:16:18:25":0,"s:19:12:19:Infinity":0,"s:20:19:20:Infinity":1,"s:21:32:21:Infinity":2,"s:22:42:22:Infinity":3,"s:24:20:26:Infinity":4,"s:28:25:35:Infinity":5,"s:37:27:40:Infinity":6,"f:37:27:37:28":1,"s:38:8:40:Infinity":7,"b:39:32:39:83:39:83:39:Infinity":0,"s:42:4:191:Infinity":8,"f:49:33:49:34":2,"s:50:24:52:Infinity":9,"f:58:37:58:43":3,"s:58:43:58:Infinity":10,"b:60:48:60:99:60:99:60:Infinity":1,"b:67:91:67:106:67:106:67:108":2,"b:71:29:71:Infinity:72:32:91:Infinity":3,"f:79:54:79:55":4,"s:80:40:89:Infinity":11,"f:83:53:83:59":5,"s:83:59:83:Infinity":12,"b:85:71:85:122:85:122:85:Infinity":4,"f:106:29:106:35":6,"s:106:35:106:Infinity":13,"b:109:32:109:59:109:59:109:Infinity":5,"b:115:17:115:Infinity:116:20:188:Infinity":6,"f:128:41:128:47":7,"s:128:47:128:Infinity":14,"b:130:55:130:106:130:106:130:Infinity":7,"f:144:40:144:41":8,"s:144:50:144:65":15,"f:145:37:145:38":9,"s:146:36:155:Infinity":16,"f:149:49:149:55":10,"s:149:55:149:Infinity":17,"b:151:67:151:118:151:118:151:Infinity":8,"f:162:33:162:34":11,"s:163:36:184:Infinity":18,"b:168:98:168:113:168:113:168:115":9,"f:171:62:171:63":12,"s:172:48:181:Infinity":19,"f:175:61:175:67":13,"s:175:67:175:Infinity":20,"b:177:79:177:130:177:130:177:Infinity":10}}}
,"C:\\Users\\U503185\\Desktop\\Esempi\\ingdanielemasone\\src\\components\\loading\\Loading.jsx": {"path":"C:\\Users\\U503185\\Desktop\\Esempi\\ingdanielemasone\\src\\components\\loading\\Loading.jsx","statementMap":{"0":{"start":{"line":19,"column":4},"end":{"line":26,"column":null}}},"fnMap":{"0":{"name":"Loading","decl":{"start":{"line":18,"column":16},"end":{"line":18,"column":26}},"loc":{"start":{"line":18,"column":26},"end":{"line":28,"column":null}},"line":18}},"branchMap":{},"s":{"0":14},"f":{"0":14},"b":{},"meta":{"lastBranch":0,"lastFunction":1,"lastStatement":1,"seen":{"f:18:16:18:26":0,"s:19:4:26:Infinity":0}}}
,"C:\\Users\\U503185\\Desktop\\Esempi\\ingdanielemasone\\src\\components\\notFound\\NotFound.jsx": {"path":"C:\\Users\\U503185\\Desktop\\Esempi\\ingdanielemasone\\src\\components\\notFound\\NotFound.jsx","statementMap":{"0":{"start":{"line":21,"column":12},"end":{"line":21,"column":null}},"1":{"start":{"line":22,"column":34},"end":{"line":22,"column":null}},"2":{"start":{"line":24,"column":4},"end":{"line":26,"column":null}},"3":{"start":{"line":25,"column":8},"end":{"line":25,"column":null}},"4":{"start":{"line":28,"column":4},"end":{"line":49,"column":null}}},"fnMap":{"0":{"name":"NotFound","decl":{"start":{"line":20,"column":16},"end":{"line":20,"column":27}},"loc":{"start":{"line":20,"column":27},"end":{"line":51,"column":null}},"line":20},"1":{"name":"(anonymous_1)","decl":{"start":{"line":24,"column":14},"end":{"line":24,"column":20}},"loc":{"start":{"line":24,"column":20},"end":{"line":26,"column":7}},"line":24}},"branchMap":{"0":{"loc":{"start":{"line":33,"column":20},"end":{"line":33,"column":null}},"type":"cond-expr","locations":[{"start":{"line":33,"column":32},"end":{"line":33,"column":48}},{"start":{"line":33,"column":48},"end":{"line":33,"column":null}}],"line":33}},"s":{"0":6,"1":6,"2":6,"3":3,"4":6},"f":{"0":6,"1":3},"b":{"0":[3,3]},"meta":{"lastBranch":1,"lastFunction":2,"lastStatement":5,"seen":{"f:20:16:20:27":0,"s:21:12:21:Infinity":0,"s:22:34:22:Infinity":1,"s:24:4:26:Infinity":2,"f:24:14:24:20":1,"s:25:8:25:Infinity":3,"s:28:4:49:Infinity":4,"b:33:32:33:48:33:48:33:Infinity":0}}}
,"C:\\Users\\U503185\\Desktop\\Esempi\\ingdanielemasone\\src\\components\\seoHead\\SeoHead.jsx": {"path":"C:\\Users\\U503185\\Desktop\\Esempi\\ingdanielemasone\\src\\components\\seoHead\\SeoHead.jsx","statementMap":{"0":{"start":{"line":19,"column":12},"end":{"line":19,"column":null}},"1":{"start":{"line":21,"column":18},"end":{"line":21,"column":null}},"2":{"start":{"line":22,"column":24},"end":{"line":22,"column":null}},"3":{"start":{"line":23,"column":16},"end":{"line":23,"column":null}},"4":{"start":{"line":24,"column":17},"end":{"line":24,"column":null}},"5":{"start":{"line":26,"column":4},"end":{"line":44,"column":null}}},"fnMap":{"0":{"name":"SeoHead","decl":{"start":{"line":18,"column":16},"end":{"line":18,"column":24}},"loc":{"start":{"line":18,"column":41},"end":{"line":46,"column":null}},"line":18}},"branchMap":{},"s":{"0":58,"1":58,"2":58,"3":58,"4":58,"5":58},"f":{"0":58},"b":{},"meta":{"lastBranch":0,"lastFunction":1,"lastStatement":6,"seen":{"f:18:16:18:24":0,"s:19:12:19:Infinity":0,"s:21:18:21:Infinity":1,"s:22:24:22:Infinity":2,"s:23:16:23:Infinity":3,"s:24:17:24:Infinity":4,"s:26:4:44:Infinity":5}}}
,"C:\\Users\\U503185\\Desktop\\Esempi\\ingdanielemasone\\src\\components\\ui\\avatarCard\\AvatarCard.jsx": {"path":"C:\\Users\\U503185\\Desktop\\Esempi\\ingdanielemasone\\src\\components\\ui\\avatarCard\\AvatarCard.jsx","statementMap":{"0":{"start":{"line":17,"column":12},"end":{"line":17,"column":null}},"1":{"start":{"line":19,"column":4},"end":{"line":54,"column":null}}},"fnMap":{"0":{"name":"AvatarCard","decl":{"start":{"line":16,"column":16},"end":{"line":16,"column":29}},"loc":{"start":{"line":16,"column":29},"end":{"line":56,"column":null}},"line":16}},"branchMap":{},"s":{"0":2,"1":2},"f":{"0":2},"b":{},"meta":{"lastBranch":0,"lastFunction":1,"lastStatement":2,"seen":{"f:16:16:16:29":0,"s:17:12:17:Infinity":0,"s:19:4:54:Infinity":1}}}
,"C:\\Users\\U503185\\Desktop\\Esempi\\ingdanielemasone\\src\\components\\ui\\brandIcon\\BrandIcon.jsx": {"path":"C:\\Users\\U503185\\Desktop\\Esempi\\ingdanielemasone\\src\\components\\ui\\brandIcon\\BrandIcon.jsx","statementMap":{"0":{"start":{"line":16,"column":4},"end":{"line":16,"column":null}},"1":{"start":{"line":16,"column":28},"end":{"line":16,"column":null}},"2":{"start":{"line":18,"column":4},"end":{"line":31,"column":null}}},"fnMap":{"0":{"name":"BrandIcon","decl":{"start":{"line":15,"column":16},"end":{"line":15,"column":26}},"loc":{"start":{"line":15,"column":70},"end":{"line":33,"column":null}},"line":15}},"branchMap":{"0":{"loc":{"start":{"line":15,"column":51},"end":{"line":15,"column":62}},"type":"default-arg","locations":[{"start":{"line":15,"column":58},"end":{"line":15,"column":62}}],"line":15},"1":{"loc":{"start":{"line":16,"column":4},"end":{"line":16,"column":null}},"type":"if","locations":[{"start":{"line":16,"column":4},"end":{"line":16,"column":null}},{"start":{},"end":{}}],"line":16},"2":{"loc":{"start":{"line":16,"column":8},"end":{"line":16,"column":28}},"type":"binary-expr","locations":[{"start":{"line":16,"column":8},"end":{"line":16,"column":17}},{"start":{"line":16,"column":17},"end":{"line":16,"column":28}}],"line":16},"3":{"loc":{"start":{"line":28,"column":25},"end":{"line":28,"column":null}},"type":"cond-expr","locations":[{"start":{"line":28,"column":33},"end":{"line":28,"column":45}},{"start":{"line":28,"column":45},"end":{"line":28,"column":null}}],"line":28},"4":{"loc":{"start":{"line":29,"column":24},"end":{"line":29,"column":null}},"type":"binary-expr","locations":[{"start":{"line":29,"column":24},"end":{"line":29,"column":33}},{"start":{"line":29,"column":33},"end":{"line":29,"column":null}}],"line":29}},"s":{"0":58,"1":2,"2":56},"f":{"0":58},"b":{"0":[58],"1":[2,56],"2":[58,57],"3":[25,31],"4":[58,31]},"meta":{"lastBranch":5,"lastFunction":1,"lastStatement":3,"seen":{"f:15:16:15:26":0,"b:15:58:15:62":0,"b:16:4:16:Infinity:undefined:undefined:undefined:undefined":1,"s:16:4:16:Infinity":0,"b:16:8:16:17:16:17:16:28":2,"s:16:28:16:Infinity":1,"s:18:4:31:Infinity":2,"b:28:33:28:45:28:45:28:Infinity":3,"b:29:24:29:33:29:33:29:Infinity":4}}}
,"C:\\Users\\U503185\\Desktop\\Esempi\\ingdanielemasone\\src\\components\\ui\\card\\Card.jsx": {"path":"C:\\Users\\U503185\\Desktop\\Esempi\\ingdanielemasone\\src\\components\\ui\\card\\Card.jsx","statementMap":{"0":{"start":{"line":16,"column":4},"end":{"line":33,"column":null}}},"fnMap":{"0":{"name":"Card","decl":{"start":{"line":15,"column":16},"end":{"line":15,"column":21}},"loc":{"start":{"line":15,"column":58},"end":{"line":35,"column":null}},"line":15}},"branchMap":{"0":{"loc":{"start":{"line":15,"column":32},"end":{"line":15,"column":48}},"type":"default-arg","locations":[{"start":{"line":15,"column":44},"end":{"line":15,"column":48}}],"line":15}},"s":{"0":98},"f":{"0":98},"b":{"0":[98]},"meta":{"lastBranch":1,"lastFunction":1,"lastStatement":1,"seen":{"f:15:16:15:21":0,"b:15:44:15:48":0,"s:16:4:33:Infinity":0}}}
,"C:\\Users\\U503185\\Desktop\\Esempi\\ingdanielemasone\\src\\components\\ui\\cardContent\\CardContent.jsx": {"path":"C:\\Users\\U503185\\Desktop\\Esempi\\ingdanielemasone\\src\\components\\ui\\cardContent\\CardContent.jsx","statementMap":{"0":{"start":{"line":16,"column":4},"end":{"line":27,"column":null}}},"fnMap":{"0":{"name":"CardContent","decl":{"start":{"line":15,"column":16},"end":{"line":15,"column":28}},"loc":{"start":{"line":15,"column":65},"end":{"line":29,"column":null}},"line":15}},"branchMap":{"0":{"loc":{"start":{"line":15,"column":39},"end":{"line":15,"column":55}},"type":"default-arg","locations":[{"start":{"line":15,"column":51},"end":{"line":15,"column":55}}],"line":15}},"s":{"0":98},"f":{"0":98},"b":{"0":[98]},"meta":{"lastBranch":1,"lastFunction":1,"lastStatement":1,"seen":{"f:15:16:15:28":0,"b:15:51:15:55":0,"s:16:4:27:Infinity":0}}}
,"C:\\Users\\U503185\\Desktop\\Esempi\\ingdanielemasone\\src\\components\\ui\\cookieBanner\\CookieBanner.jsx": {"path":"C:\\Users\\U503185\\Desktop\\Esempi\\ingdanielemasone\\src\\components\\ui\\cookieBanner\\CookieBanner.jsx","statementMap":{"0":{"start":{"line":18,"column":30},"end":{"line":18,"column":null}},"1":{"start":{"line":20,"column":4},"end":{"line":26,"column":null}},"2":{"start":{"line":22,"column":8},"end":{"line":22,"column":null}},"3":{"start":{"line":22,"column":43},"end":{"line":22,"column":null}},"4":{"start":{"line":24,"column":24},"end":{"line":24,"column":null}},"5":{"start":{"line":25,"column":8},"end":{"line":25,"column":null}},"6":{"start":{"line":25,"column":22},"end":{"line":25,"column":null}},"7":{"start":{"line":28,"column":26},"end":{"line":31,"column":null}},"8":{"start":{"line":29,"column":8},"end":{"line":29,"column":null}},"9":{"start":{"line":30,"column":8},"end":{"line":30,"column":null}},"10":{"start":{"line":33,"column":4},"end":{"line":33,"column":null}},"11":{"start":{"line":33,"column":18},"end":{"line":33,"column":null}},"12":{"start":{"line":35,"column":4},"end":{"line":56,"column":null}}},"fnMap":{"0":{"name":"CookieBanner","decl":{"start":{"line":17,"column":16},"end":{"line":17,"column":31}},"loc":{"start":{"line":17,"column":31},"end":{"line":59,"column":null}},"line":17},"1":{"name":"(anonymous_1)","decl":{"start":{"line":20,"column":14},"end":{"line":20,"column":20}},"loc":{"start":{"line":20,"column":20},"end":{"line":26,"column":7}},"line":20},"2":{"name":"(anonymous_2)","decl":{"start":{"line":28,"column":26},"end":{"line":28,"column":32}},"loc":{"start":{"line":28,"column":32},"end":{"line":31,"column":null}},"line":28}},"branchMap":{"0":{"loc":{"start":{"line":22,"column":8},"end":{"line":22,"column":null}},"type":"if","locations":[{"start":{"line":22,"column":8},"end":{"line":22,"column":null}},{"start":{},"end":{}}],"line":22},"1":{"loc":{"start":{"line":25,"column":8},"end":{"line":25,"column":null}},"type":"if","locations":[{"start":{"line":25,"column":8},"end":{"line":25,"column":null}},{"start":{},"end":{}}],"line":25},"2":{"loc":{"start":{"line":33,"column":4},"end":{"line":33,"column":null}},"type":"if","locations":[{"start":{"line":33,"column":4},"end":{"line":33,"column":null}},{"start":{},"end":{}}],"line":33}},"s":{"0":11,"1":11,"2":6,"3":0,"4":6,"5":6,"6":4,"7":11,"8":1,"9":1,"10":11,"11":7,"12":4},"f":{"0":11,"1":6,"2":1},"b":{"0":[0,6],"1":[4,2],"2":[7,4]},"meta":{"lastBranch":3,"lastFunction":3,"lastStatement":13,"seen":{"f:17:16:17:31":0,"s:18:30:18:Infinity":0,"s:20:4:26:Infinity":1,"f:20:14:20:20":1,"b:22:8:22:Infinity:undefined:undefined:undefined:undefined":0,"s:22:8:22:Infinity":2,"s:22:43:22:Infinity":3,"s:24:24:24:Infinity":4,"b:25:8:25:Infinity:undefined:undefined:undefined:undefined":1,"s:25:8:25:Infinity":5,"s:25:22:25:Infinity":6,"s:28:26:31:Infinity":7,"f:28:26:28:32":2,"s:29:8:29:Infinity":8,"s:30:8:30:Infinity":9,"b:33:4:33:Infinity:undefined:undefined:undefined:undefined":2,"s:33:4:33:Infinity":10,"s:33:18:33:Infinity":11,"s:35:4:56:Infinity":12}}}
,"C:\\Users\\U503185\\Desktop\\Esempi\\ingdanielemasone\\src\\components\\ui\\darkModeToggle\\DarkModeToggle.jsx": {"path":"C:\\Users\\U503185\\Desktop\\Esempi\\ingdanielemasone\\src\\components\\ui\\darkModeToggle\\DarkModeToggle.jsx","statementMap":{"0":{"start":{"line":13,"column":32},"end":{"line":15,"column":null}},"1":{"start":{"line":14,"column":8},"end":{"line":14,"column":null}},"2":{"start":{"line":17,"column":4},"end":{"line":26,"column":null}},"3":{"start":{"line":18,"column":21},"end":{"line":18,"column":null}},"4":{"start":{"line":19,"column":8},"end":{"line":25,"column":null}},"5":{"start":{"line":20,"column":12},"end":{"line":20,"column":null}},"6":{"start":{"line":21,"column":12},"end":{"line":21,"column":null}},"7":{"start":{"line":23,"column":12},"end":{"line":23,"column":null}},"8":{"start":{"line":24,"column":12},"end":{"line":24,"column":null}},"9":{"start":{"line":28,"column":4},"end":{"line":39,"column":null}},"10":{"start":{"line":30,"column":27},"end":{"line":30,"column":null}}},"fnMap":{"0":{"name":"DarkModeToggle","decl":{"start":{"line":12,"column":16},"end":{"line":12,"column":33}},"loc":{"start":{"line":12,"column":33},"end":{"line":42,"column":null}},"line":12},"1":{"name":"(anonymous_1)","decl":{"start":{"line":13,"column":45},"end":{"line":13,"column":null}},"loc":{"start":{"line":14,"column":8},"end":{"line":14,"column":null}},"line":14},"2":{"name":"(anonymous_2)","decl":{"start":{"line":17,"column":14},"end":{"line":17,"column":20}},"loc":{"start":{"line":17,"column":20},"end":{"line":26,"column":7}},"line":17},"3":{"name":"(anonymous_3)","decl":{"start":{"line":30,"column":21},"end":{"line":30,"column":27}},"loc":{"start":{"line":30,"column":27},"end":{"line":30,"column":null}},"line":30}},"branchMap":{"0":{"loc":{"start":{"line":19,"column":8},"end":{"line":25,"column":null}},"type":"if","locations":[{"start":{"line":19,"column":8},"end":{"line":25,"column":null}},{"start":{"line":22,"column":15},"end":{"line":25,"column":null}}],"line":19},"1":{"loc":{"start":{"line":36,"column":24},"end":{"line":36,"column":null}},"type":"cond-expr","locations":[{"start":{"line":36,"column":35},"end":{"line":36,"column":60}},{"start":{"line":36,"column":60},"end":{"line":36,"column":null}}],"line":36},"2":{"loc":{"start":{"line":38,"column":13},"end":{"line":38,"column":null}},"type":"cond-expr","locations":[{"start":{"line":38,"column":24},"end":{"line":38,"column":54}},{"start":{"line":38,"column":54},"end":{"line":38,"column":null}}],"line":38}},"s":{"0":8,"1":4,"2":8,"3":8,"4":8,"5":3,"6":3,"7":5,"8":5,"9":8,"10":4},"f":{"0":8,"1":4,"2":8,"3":4},"b":{"0":[3,5],"1":[3,5],"2":[3,5]},"meta":{"lastBranch":3,"lastFunction":4,"lastStatement":11,"seen":{"f:12:16:12:33":0,"s:13:32:15:Infinity":0,"f:13:45:13:Infinity":1,"s:14:8:14:Infinity":1,"s:17:4:26:Infinity":2,"f:17:14:17:20":2,"s:18:21:18:Infinity":3,"b:19:8:25:Infinity:22:15:25:Infinity":0,"s:19:8:25:Infinity":4,"s:20:12:20:Infinity":5,"s:21:12:21:Infinity":6,"s:23:12:23:Infinity":7,"s:24:12:24:Infinity":8,"s:28:4:39:Infinity":9,"f:30:21:30:27":3,"s:30:27:30:Infinity":10,"b:36:35:36:60:36:60:36:Infinity":1,"b:38:24:38:54:38:54:38:Infinity":2}}}
,"C:\\Users\\U503185\\Desktop\\Esempi\\ingdanielemasone\\src\\components\\ui\\expandableText\\ExpandableText.jsx": {"path":"C:\\Users\\U503185\\Desktop\\Esempi\\ingdanielemasone\\src\\components\\ui\\expandableText\\ExpandableText.jsx","statementMap":{"0":{"start":{"line":20,"column":32},"end":{"line":20,"column":null}},"1":{"start":{"line":21,"column":36},"end":{"line":21,"column":null}},"2":{"start":{"line":22,"column":42},"end":{"line":22,"column":null}},"3":{"start":{"line":23,"column":10},"end":{"line":23,"column":null}},"4":{"start":{"line":24,"column":12},"end":{"line":24,"column":null}},"5":{"start":{"line":26,"column":4},"end":{"line":35,"column":null}},"6":{"start":{"line":27,"column":19},"end":{"line":27,"column":null}},"7":{"start":{"line":28,"column":8},"end":{"line":28,"column":null}},"8":{"start":{"line":28,"column":17},"end":{"line":28,"column":null}},"9":{"start":{"line":30,"column":27},"end":{"line":30,"column":null}},"10":{"start":{"line":31,"column":35},"end":{"line":31,"column":null}},"11":{"start":{"line":33,"column":8},"end":{"line":33,"column":null}},"12":{"start":{"line":34,"column":8},"end":{"line":34,"column":null}},"13":{"start":{"line":37,"column":4},"end":{"line":76,"column":null}},"14":{"start":{"line":61,"column":39},"end":{"line":61,"column":null}}},"fnMap":{"0":{"name":"ExpandableText","decl":{"start":{"line":19,"column":16},"end":{"line":19,"column":31}},"loc":{"start":{"line":19,"column":75},"end":{"line":78,"column":null}},"line":19},"1":{"name":"(anonymous_1)","decl":{"start":{"line":26,"column":20},"end":{"line":26,"column":26}},"loc":{"start":{"line":26,"column":26},"end":{"line":35,"column":7}},"line":26},"2":{"name":"(anonymous_2)","decl":{"start":{"line":61,"column":33},"end":{"line":61,"column":39}},"loc":{"start":{"line":61,"column":39},"end":{"line":61,"column":null}},"line":61}},"branchMap":{"0":{"loc":{"start":{"line":19,"column":32},"end":{"line":19,"column":44}},"type":"default-arg","locations":[{"start":{"line":19,"column":40},"end":{"line":19,"column":44}}],"line":19},"1":{"loc":{"start":{"line":19,"column":44},"end":{"line":19,"column":58}},"type":"default-arg","locations":[{"start":{"line":19,"column":55},"end":{"line":19,"column":58}}],"line":19},"2":{"loc":{"start":{"line":19,"column":58},"end":{"line":19,"column":72}},"type":"default-arg","locations":[{"start":{"line":19,"column":70},"end":{"line":19,"column":72}}],"line":19},"3":{"loc":{"start":{"line":28,"column":8},"end":{"line":28,"column":null}},"type":"if","locations":[{"start":{"line":28,"column":8},"end":{"line":28,"column":null}},{"start":{},"end":{}}],"line":28},"4":{"loc":{"start":{"line":46,"column":31},"end":{"line":46,"column":null}},"type":"cond-expr","locations":[{"start":{"line":46,"column":42},"end":{"line":46,"column":65}},{"start":{"line":46,"column":65},"end":{"line":46,"column":null}}],"line":46},"5":{"loc":{"start":{"line":52,"column":17},"end":{"line":53,"column":null}},"type":"binary-expr","locations":[{"start":{"line":52,"column":17},"end":{"line":52,"column":30}},{"start":{"line":52,"column":30},"end":{"line":52,"column":null}},{"start":{"line":53,"column":20},"end":{"line":53,"column":null}}],"line":52},"6":{"loc":{"start":{"line":57,"column":13},"end":{"line":74,"column":null}},"type":"binary-expr","locations":[{"start":{"line":57,"column":13},"end":{"line":57,"column":null}},{"start":{"line":58,"column":16},"end":{"line":74,"column":null}}],"line":57},"7":{"loc":{"start":{"line":64,"column":25},"end":{"line":71,"column":null}},"type":"cond-expr","locations":[{"start":{"line":65,"column":28},"end":{"line":67,"column":null}},{"start":{"line":69,"column":28},"end":{"line":71,"column":null}}],"line":64}},"s":{"0":109,"1":109,"2":109,"3":109,"4":109,"5":109,"6":88,"7":88,"8":0,"9":88,"10":88,"11":88,"12":88,"13":109,"14":7},"f":{"0":109,"1":88,"2":7},"b":{"0":[109],"1":[109],"2":[109],"3":[0,88],"4":[5,104],"5":[109,104,11],"6":[109,16],"7":[5,11]},"meta":{"lastBranch":8,"lastFunction":3,"lastStatement":15,"seen":{"f:19:16:19:31":0,"b:19:40:19:44":0,"b:19:55:19:58":1,"b:19:70:19:72":2,"s:20:32:20:Infinity":0,"s:21:36:21:Infinity":1,"s:22:42:22:Infinity":2,"s:23:10:23:Infinity":3,"s:24:12:24:Infinity":4,"s:26:4:35:Infinity":5,"f:26:20:26:26":1,"s:27:19:27:Infinity":6,"b:28:8:28:Infinity:undefined:undefined:undefined:undefined":3,"s:28:8:28:Infinity":7,"s:28:17:28:Infinity":8,"s:30:27:30:Infinity":9,"s:31:35:31:Infinity":10,"s:33:8:33:Infinity":11,"s:34:8:34:Infinity":12,"s:37:4:76:Infinity":13,"b:46:42:46:65:46:65:46:Infinity":4,"b:52:17:52:30:52:30:52:Infinity:53:20:53:Infinity":5,"b:57:13:57:Infinity:58:16:74:Infinity":6,"f:61:33:61:39":2,"s:61:39:61:Infinity":14,"b:65:28:67:Infinity:69:28:71:Infinity":7}}}
,"C:\\Users\\U503185\\Desktop\\Esempi\\ingdanielemasone\\src\\components\\ui\\languageSwitcher\\LanguageSwitcher.jsx": {"path":"C:\\Users\\U503185\\Desktop\\Esempi\\ingdanielemasone\\src\\components\\ui\\languageSwitcher\\LanguageSwitcher.jsx","statementMap":{"0":{"start":{"line":6,"column":14},"end":{"line":12,"column":null}},"1":{"start":{"line":14,"column":23},"end":{"line":20,"column":null}},"2":{"start":{"line":23,"column":15},"end":{"line":23,"column":null}},"3":{"start":{"line":24,"column":24},"end":{"line":24,"column":null}},"4":{"start":{"line":25,"column":10},"end":{"line":25,"column":null}},"5":{"start":{"line":27,"column":24},"end":{"line":27,"column":null}},"6":{"start":{"line":29,"column":27},"end":{"line":29,"column":null}},"7":{"start":{"line":29,"column":33},"end":{"line":29,"column":null}},"8":{"start":{"line":29,"column":49},"end":{"line":29,"column":54}},"9":{"start":{"line":30,"column":25},"end":{"line":33,"column":null}},"10":{"start":{"line":31,"column":8},"end":{"line":31,"column":null}},"11":{"start":{"line":31,"column":34},"end":{"line":31,"column":null}},"12":{"start":{"line":32,"column":8},"end":{"line":32,"column":null}},"13":{"start":{"line":35,"column":4},"end":{"line":41,"column":null}},"14":{"start":{"line":36,"column":35},"end":{"line":38,"column":null}},"15":{"start":{"line":37,"column":12},"end":{"line":37,"column":null}},"16":{"start":{"line":37,"column":84},"end":{"line":37,"column":null}},"17":{"start":{"line":39,"column":8},"end":{"line":39,"column":null}},"18":{"start":{"line":39,"column":18},"end":{"line":39,"column":null}},"19":{"start":{"line":40,"column":8},"end":{"line":40,"column":null}},"20":{"start":{"line":40,"column":21},"end":{"line":40,"column":null}},"21":{"start":{"line":43,"column":4},"end":{"line":100,"column":null}},"22":{"start":{"line":78,"column":45},"end":{"line":78,"column":null}},"23":{"start":{"line":79,"column":28},"end":{"line":94,"column":null}},"24":{"start":{"line":82,"column":51},"end":{"line":82,"column":null}}},"fnMap":{"0":{"name":"LanguageSwitcher","decl":{"start":{"line":22,"column":16},"end":{"line":22,"column":35}},"loc":{"start":{"line":22,"column":35},"end":{"line":102,"column":null}},"line":22},"1":{"name":"(anonymous_1)","decl":{"start":{"line":29,"column":27},"end":{"line":29,"column":33}},"loc":{"start":{"line":29,"column":33},"end":{"line":29,"column":null}},"line":29},"2":{"name":"(anonymous_2)","decl":{"start":{"line":29,"column":41},"end":{"line":29,"column":49}},"loc":{"start":{"line":29,"column":49},"end":{"line":29,"column":54}},"line":29},"3":{"name":"(anonymous_3)","decl":{"start":{"line":30,"column":25},"end":{"line":30,"column":26}},"loc":{"start":{"line":30,"column":35},"end":{"line":33,"column":null}},"line":30},"4":{"name":"(anonymous_4)","decl":{"start":{"line":35,"column":14},"end":{"line":35,"column":20}},"loc":{"start":{"line":35,"column":20},"end":{"line":41,"column":7}},"line":35},"5":{"name":"(anonymous_5)","decl":{"start":{"line":36,"column":35},"end":{"line":36,"column":36}},"loc":{"start":{"line":36,"column":46},"end":{"line":38,"column":null}},"line":36},"6":{"name":"(anonymous_6)","decl":{"start":{"line":40,"column":15},"end":{"line":40,"column":21}},"loc":{"start":{"line":40,"column":21},"end":{"line":40,"column":null}},"line":40},"7":{"name":"(anonymous_7)","decl":{"start":{"line":77,"column":51},"end":{"line":77,"column":52}},"loc":{"start":{"line":77,"column":72},"end":{"line":96,"column":25}},"line":77},"8":{"name":"(anonymous_8)","decl":{"start":{"line":82,"column":45},"end":{"line":82,"column":51}},"loc":{"start":{"line":82,"column":51},"end":{"line":82,"column":null}},"line":82}},"branchMap":{"0":{"loc":{"start":{"line":31,"column":8},"end":{"line":31,"column":null}},"type":"if","locations":[{"start":{"line":31,"column":8},"end":{"line":31,"column":null}},{"start":{},"end":{}}],"line":31},"1":{"loc":{"start":{"line":37,"column":12},"end":{"line":37,"column":null}},"type":"if","locations":[{"start":{"line":37,"column":12},"end":{"line":37,"column":null}},{"start":{},"end":{}}],"line":37},"2":{"loc":{"start":{"line":37,"column":16},"end":{"line":37,"column":84}},"type":"binary-expr","locations":[{"start":{"line":37,"column":16},"end":{"line":37,"column":39}},{"start":{"line":37,"column":39},"end":{"line":37,"column":84}}],"line":37},"3":{"loc":{"start":{"line":39,"column":8},"end":{"line":39,"column":null}},"type":"if","locations":[{"start":{"line":39,"column":8},"end":{"line":39,"column":null}},{"start":{},"end":{}}],"line":39},"4":{"loc":{"start":{"line":60,"column":96},"end":{"line":60,"column":128}},"type":"cond-expr","locations":[{"start":{"line":60,"column":103},"end":{"line":60,"column":118}},{"start":{"line":60,"column":118},"end":{"line":60,"column":128}}],"line":60},"5":{"loc":{"start":{"line":65,"column":17},"end":{"line":97,"column":null}},"type":"binary-expr","locations":[{"start":{"line":65,"column":17},"end":{"line":65,"column":null}},{"start":{"line":66,"column":20},"end":{"line":97,"column":null}}],"line":65},"6":{"loc":{"start":{"line":86,"column":49},"end":{"line":86,"column":148}},"type":"cond-expr","locations":[{"start":{"line":86,"column":60},"end":{"line":86,"column":146}},{"start":{"line":86,"column":146},"end":{"line":86,"column":148}}],"line":86},"7":{"loc":{"start":{"line":91,"column":93},"end":{"line":91,"column":153}},"type":"cond-expr","locations":[{"start":{"line":91,"column":104},"end":{"line":91,"column":137}},{"start":{"line":91,"column":137},"end":{"line":91,"column":153}}],"line":91}},"s":{"0":1,"1":1,"2":19,"3":19,"4":19,"5":19,"6":19,"7":8,"8":8,"9":19,"10":1,"11":1,"12":1,"13":19,"14":19,"15":2,"16":2,"17":19,"18":7,"19":19,"20":19,"21":19,"22":35,"23":35,"24":1},"f":{"0":19,"1":8,"2":8,"3":1,"4":19,"5":2,"6":19,"7":35,"8":1},"b":{"0":[1,0],"1":[2,0],"2":[2,2],"3":[7,12],"4":[7,12],"5":[19,7],"6":[7,28],"7":[7,28]},"meta":{"lastBranch":8,"lastFunction":9,"lastStatement":25,"seen":{"s:6:14:12:Infinity":0,"s:14:23:20:Infinity":1,"f:22:16:22:35":0,"s:23:15:23:Infinity":2,"s:24:24:24:Infinity":3,"s:25:10:25:Infinity":4,"s:27:24:27:Infinity":5,"s:29:27:29:Infinity":6,"f:29:27:29:33":1,"s:29:33:29:Infinity":7,"f:29:41:29:49":2,"s:29:49:29:54":8,"s:30:25:33:Infinity":9,"f:30:25:30:26":3,"b:31:8:31:Infinity:undefined:undefined:undefined:undefined":0,"s:31:8:31:Infinity":10,"s:31:34:31:Infinity":11,"s:32:8:32:Infinity":12,"s:35:4:41:Infinity":13,"f:35:14:35:20":4,"s:36:35:38:Infinity":14,"f:36:35:36:36":5,"b:37:12:37:Infinity:undefined:undefined:undefined:undefined":1,"s:37:12:37:Infinity":15,"b:37:16:37:39:37:39:37:84":2,"s:37:84:37:Infinity":16,"b:39:8:39:Infinity:undefined:undefined:undefined:undefined":3,"s:39:8:39:Infinity":17,"s:39:18:39:Infinity":18,"s:40:8:40:Infinity":19,"f:40:15:40:21":6,"s:40:21:40:Infinity":20,"s:43:4:100:Infinity":21,"b:60:103:60:118:60:118:60:128":4,"b:65:17:65:Infinity:66:20:97:Infinity":5,"f:77:51:77:52":7,"s:78:45:78:Infinity":22,"s:79:28:94:Infinity":23,"f:82:45:82:51":8,"s:82:51:82:Infinity":24,"b:86:60:86:146:86:146:86:148":6,"b:91:104:91:137:91:137:91:153":7}}}
,"C:\\Users\\U503185\\Desktop\\Esempi\\ingdanielemasone\\src\\components\\ui\\pageGrid\\PageGrid.jsx": {"path":"C:\\Users\\U503185\\Desktop\\Esempi\\ingdanielemasone\\src\\components\\ui\\pageGrid\\PageGrid.jsx","statementMap":{"0":{"start":{"line":3,"column":13},"end":{"line":8,"column":null}},"1":{"start":{"line":31,"column":21},"end":{"line":31,"column":null}},"2":{"start":{"line":33,"column":4},"end":{"line":50,"column":null}}},"fnMap":{"0":{"name":"PageGrid","decl":{"start":{"line":24,"column":16},"end":{"line":24,"column":25}},"loc":{"start":{"line":30,"column":28},"end":{"line":52,"column":null}},"line":30}},"branchMap":{"0":{"loc":{"start":{"line":27,"column":29},"end":{"line":27,"column":null}},"type":"default-arg","locations":[{"start":{"line":27,"column":39},"end":{"line":27,"column":null}}],"line":27},"1":{"loc":{"start":{"line":28,"column":29},"end":{"line":28,"column":null}},"type":"default-arg","locations":[{"start":{"line":28,"column":41},"end":{"line":28,"column":null}}],"line":28},"2":{"loc":{"start":{"line":31,"column":21},"end":{"line":31,"column":null}},"type":"binary-expr","locations":[{"start":{"line":31,"column":21},"end":{"line":31,"column":38}},{"start":{"line":31,"column":38},"end":{"line":31,"column":null}}],"line":31}},"s":{"0":7,"1":52,"2":52},"f":{"0":52},"b":{"0":[52],"1":[52],"2":[52,0]},"meta":{"lastBranch":3,"lastFunction":1,"lastStatement":3,"seen":{"s:3:13:8:Infinity":0,"f:24:16:24:25":0,"b:27:39:27:Infinity":0,"b:28:41:28:Infinity":1,"s:31:21:31:Infinity":1,"b:31:21:31:38:31:38:31:Infinity":2,"s:33:4:50:Infinity":2}}}
,"C:\\Users\\U503185\\Desktop\\Esempi\\ingdanielemasone\\src\\components\\ui\\pageSection\\PageSection.jsx": {"path":"C:\\Users\\U503185\\Desktop\\Esempi\\ingdanielemasone\\src\\components\\ui\\pageSection\\PageSection.jsx","statementMap":{"0":{"start":{"line":17,"column":4},"end":{"line":27,"column":null}}},"fnMap":{"0":{"name":"PageSection","decl":{"start":{"line":16,"column":16},"end":{"line":16,"column":28}},"loc":{"start":{"line":16,"column":63},"end":{"line":29,"column":null}},"line":16}},"branchMap":{"0":{"loc":{"start":{"line":16,"column":46},"end":{"line":16,"column":60}},"type":"default-arg","locations":[{"start":{"line":16,"column":58},"end":{"line":16,"column":60}}],"line":16},"1":{"loc":{"start":{"line":21,"column":13},"end":{"line":24,"column":null}},"type":"binary-expr","locations":[{"start":{"line":21,"column":13},"end":{"line":21,"column":null}},{"start":{"line":22,"column":16},"end":{"line":24,"column":null}}],"line":21}},"s":{"0":49},"f":{"0":49},"b":{"0":[49],"1":[49,49]},"meta":{"lastBranch":2,"lastFunction":1,"lastStatement":1,"seen":{"f:16:16:16:28":0,"b:16:58:16:60":0,"s:17:4:27:Infinity":0,"b:21:13:21:Infinity:22:16:24:Infinity":1}}}
,"C:\\Users\\U503185\\Desktop\\Esempi\\ingdanielemasone\\src\\components\\ui\\pagination\\Pagination.jsx": {"path":"C:\\Users\\U503185\\Desktop\\Esempi\\ingdanielemasone\\src\\components\\ui\\pagination\\Pagination.jsx","statementMap":{"0":{"start":{"line":20,"column":12},"end":{"line":20,"column":null}},"1":{"start":{"line":22,"column":4},"end":{"line":22,"column":null}},"2":{"start":{"line":22,"column":25},"end":{"line":22,"column":null}},"3":{"start":{"line":24,"column":4},"end":{"line":52,"column":null}},"4":{"start":{"line":27,"column":31},"end":{"line":27,"column":null}},"5":{"start":{"line":44,"column":31},"end":{"line":44,"column":null}}},"fnMap":{"0":{"name":"Pagination","decl":{"start":{"line":14,"column":16},"end":{"line":14,"column":27}},"loc":{"start":{"line":19,"column":38},"end":{"line":54,"column":null}},"line":19},"1":{"name":"(anonymous_1)","decl":{"start":{"line":27,"column":25},"end":{"line":27,"column":31}},"loc":{"start":{"line":27,"column":31},"end":{"line":27,"column":null}},"line":27},"2":{"name":"(anonymous_2)","decl":{"start":{"line":44,"column":25},"end":{"line":44,"column":31}},"loc":{"start":{"line":44,"column":31},"end":{"line":44,"column":null}},"line":44}},"branchMap":{"0":{"loc":{"start":{"line":18,"column":39},"end":{"line":18,"column":null}},"type":"default-arg","locations":[{"start":{"line":18,"column":51},"end":{"line":18,"column":null}}],"line":18},"1":{"loc":{"start":{"line":22,"column":4},"end":{"line":22,"column":null}},"type":"if","locations":[{"start":{"line":22,"column":4},"end":{"line":22,"column":null}},{"start":{},"end":{}}],"line":22}},"s":{"0":73,"1":73,"2":7,"3":66,"4":1,"5":6},"f":{"0":73,"1":1,"2":6},"b":{"0":[73],"1":[7,66]},"meta":{"lastBranch":2,"lastFunction":3,"lastStatement":6,"seen":{"f:14:16:14:27":0,"b:18:51:18:Infinity":0,"s:20:12:20:Infinity":0,"b:22:4:22:Infinity:undefined:undefined:undefined:undefined":1,"s:22:4:22:Infinity":1,"s:22:25:22:Infinity":2,"s:24:4:52:Infinity":3,"f:27:25:27:31":1,"s:27:31:27:Infinity":4,"f:44:25:44:31":2,"s:44:31:44:Infinity":5}}}
,"C:\\Users\\U503185\\Desktop\\Esempi\\ingdanielemasone\\src\\components\\ui\\selectableButton\\SelectableButton.jsx": {"path":"C:\\Users\\U503185\\Desktop\\Esempi\\ingdanielemasone\\src\\components\\ui\\selectableButton\\SelectableButton.jsx","statementMap":{"0":{"start":{"line":24,"column":4},"end":{"line":38,"column":null}}},"fnMap":{"0":{"name":"SelectableButton","decl":{"start":{"line":17,"column":16},"end":{"line":17,"column":33}},"loc":{"start":{"line":23,"column":3},"end":{"line":40,"column":null}},"line":23}},"branchMap":{"0":{"loc":{"start":{"line":21,"column":37},"end":{"line":21,"column":null}},"type":"default-arg","locations":[{"start":{"line":21,"column":49},"end":{"line":21,"column":null}}],"line":21},"1":{"loc":{"start":{"line":22,"column":37},"end":{"line":22,"column":null}},"type":"default-arg","locations":[{"start":{"line":22,"column":48},"end":{"line":22,"column":null}}],"line":22},"2":{"loc":{"start":{"line":30,"column":16},"end":{"line":32,"column":null}},"type":"cond-expr","locations":[{"start":{"line":31,"column":22},"end":{"line":31,"column":null}},{"start":{"line":32,"column":22},"end":{"line":32,"column":null}}],"line":30}},"s":{"0":85},"f":{"0":85},"b":{"0":[85],"1":[85],"2":[15,70]},"meta":{"lastBranch":3,"lastFunction":1,"lastStatement":1,"seen":{"f:17:16:17:33":0,"b:21:49:21:Infinity":0,"b:22:48:22:Infinity":1,"s:24:4:38:Infinity":0,"b:31:22:31:Infinity:32:22:32:Infinity":2}}}
,"C:\\Users\\U503185\\Desktop\\Esempi\\ingdanielemasone\\src\\components\\ui\\techDisclosure\\TechDisclosure.jsx": {"path":"C:\\Users\\U503185\\Desktop\\Esempi\\ingdanielemasone\\src\\components\\ui\\techDisclosure\\TechDisclosure.jsx","statementMap":{"0":{"start":{"line":17,"column":4},"end":{"line":40,"column":null}},"1":{"start":{"line":20,"column":16},"end":{"line":38,"column":null}},"2":{"start":{"line":30,"column":28},"end":{"line":35,"column":null}}},"fnMap":{"0":{"name":"TechDisclosure","decl":{"start":{"line":16,"column":24},"end":{"line":16,"column":39}},"loc":{"start":{"line":16,"column":58},"end":{"line":42,"column":null}},"line":16},"1":{"name":"(anonymous_1)","decl":{"start":{"line":19,"column":13},"end":{"line":19,"column":14}},"loc":{"start":{"line":20,"column":16},"end":{"line":38,"column":null}},"line":20},"2":{"name":"(anonymous_2)","decl":{"start":{"line":29,"column":49},"end":{"line":29,"column":50}},"loc":{"start":{"line":30,"column":28},"end":{"line":35,"column":null}},"line":30}},"branchMap":{"0":{"loc":{"start":{"line":25,"column":76},"end":{"line":25,"column":100}},"type":"cond-expr","locations":[{"start":{"line":25,"column":83},"end":{"line":25,"column":98}},{"start":{"line":25,"column":98},"end":{"line":25,"column":100}}],"line":25}},"s":{"0":56,"1":122,"2":178},"f":{"0":56,"1":122,"2":178},"b":{"0":[8,114]},"meta":{"lastBranch":1,"lastFunction":3,"lastStatement":3,"seen":{"f:16:24:16:39":0,"s:17:4:40:Infinity":0,"f:19:13:19:14":1,"s:20:16:38:Infinity":1,"b:25:83:25:98:25:98:25:100":0,"f:29:49:29:50":2,"s:30:28:35:Infinity":2}}}
,"C:\\Users\\U503185\\Desktop\\Esempi\\ingdanielemasone\\src\\components\\ui\\tradingPerformanceChart\\TradingPerformanceChart.jsx": {"path":"C:\\Users\\U503185\\Desktop\\Esempi\\ingdanielemasone\\src\\components\\ui\\tradingPerformanceChart\\TradingPerformanceChart.jsx","statementMap":{"0":{"start":{"line":18,"column":0},"end":{"line":28,"column":null}},"1":{"start":{"line":57,"column":12},"end":{"line":57,"column":null}},"2":{"start":{"line":60,"column":40},"end":{"line":60,"column":null}},"3":{"start":{"line":61,"column":28},"end":{"line":63,"column":null}},"4":{"start":{"line":62,"column":8},"end":{"line":62,"column":null}},"5":{"start":{"line":64,"column":24},"end":{"line":64,"column":null}},"6":{"start":{"line":65,"column":38},"end":{"line":67,"column":null}},"7":{"start":{"line":71,"column":4},"end":{"line":77,"column":null}},"8":{"start":{"line":72,"column":25},"end":{"line":74,"column":null}},"9":{"start":{"line":73,"column":12},"end":{"line":73,"column":null}},"10":{"start":{"line":75,"column":8},"end":{"line":75,"column":null}},"11":{"start":{"line":76,"column":8},"end":{"line":76,"column":null}},"12":{"start":{"line":76,"column":21},"end":{"line":76,"column":null}},"13":{"start":{"line":80,"column":4},"end":{"line":85,"column":null}},"14":{"start":{"line":81,"column":8},"end":{"line":81,"column":null}},"15":{"start":{"line":81,"column":43},"end":{"line":81,"column":null}},"16":{"start":{"line":82,"column":29},"end":{"line":82,"column":null}},"17":{"start":{"line":82,"column":35},"end":{"line":82,"column":null}},"18":{"start":{"line":83,"column":8},"end":{"line":83,"column":null}},"19":{"start":{"line":84,"column":8},"end":{"line":84,"column":null}},"20":{"start":{"line":84,"column":21},"end":{"line":84,"column":null}},"21":{"start":{"line":88,"column":29},"end":{"line":93,"column":null}},"22":{"start":{"line":89,"column":22},"end":{"line":89,"column":null}},"23":{"start":{"line":89,"column":43},"end":{"line":89,"column":52}},"24":{"start":{"line":90,"column":22},"end":{"line":90,"column":null}},"25":{"start":{"line":91,"column":8},"end":{"line":91,"column":null}},"26":{"start":{"line":91,"column":30},"end":{"line":91,"column":53}},"27":{"start":{"line":92,"column":8},"end":{"line":92,"column":null}},"28":{"start":{"line":95,"column":29},"end":{"line":102,"column":null}},"29":{"start":{"line":96,"column":22},"end":{"line":96,"column":null}},"30":{"start":{"line":97,"column":8},"end":{"line":101,"column":null}},"31":{"start":{"line":98,"column":12},"end":{"line":98,"column":null}},"32":{"start":{"line":98,"column":27},"end":{"line":98,"column":null}},"33":{"start":{"line":99,"column":12},"end":{"line":99,"column":null}},"34":{"start":{"line":100,"column":12},"end":{"line":100,"column":null}},"35":{"start":{"line":105,"column":24},"end":{"line":105,"column":null}},"36":{"start":{"line":106,"column":27},"end":{"line":106,"column":null}},"37":{"start":{"line":107,"column":24},"end":{"line":107,"column":null}},"38":{"start":{"line":109,"column":10},"end":{"line":113,"column":null}},"39":{"start":{"line":109,"column":33},"end":{"line":113,"column":7}},"40":{"start":{"line":115,"column":10},"end":{"line":118,"column":null}},"41":{"start":{"line":116,"column":14},"end":{"line":116,"column":null}},"42":{"start":{"line":116,"column":74},"end":{"line":116,"column":87}},"43":{"start":{"line":120,"column":10},"end":{"line":126,"column":null}},"44":{"start":{"line":121,"column":12},"end":{"line":124,"column":null}},"45":{"start":{"line":122,"column":36},"end":{"line":122,"column":null}},"46":{"start":{"line":122,"column":95},"end":{"line":122,"column":104}},"47":{"start":{"line":123,"column":16},"end":{"line":123,"column":null}},"48":{"start":{"line":128,"column":10},"end":{"line":131,"column":null}},"49":{"start":{"line":129,"column":14},"end":{"line":129,"column":null}},"50":{"start":{"line":129,"column":37},"end":{"line":129,"column":96}},"51":{"start":{"line":133,"column":22},"end":{"line":133,"column":null}},"52":{"start":{"line":135,"column":10},"end":{"line":135,"column":null}},"53":{"start":{"line":135,"column":35},"end":{"line":135,"column":80}},"54":{"start":{"line":137,"column":10},"end":{"line":145,"column":null}},"55":{"start":{"line":137,"column":33},"end":{"line":143,"column":null}},"56":{"start":{"line":139,"column":30},"end":{"line":139,"column":null}},"57":{"start":{"line":140,"column":34},"end":{"line":140,"column":null}},"58":{"start":{"line":140,"column":86},"end":{"line":140,"column":95}},"59":{"start":{"line":141,"column":16},"end":{"line":141,"column":null}},"60":{"start":{"line":141,"column":47},"end":{"line":141,"column":69}},"61":{"start":{"line":147,"column":10},"end":{"line":147,"column":null}},"62":{"start":{"line":147,"column":37},"end":{"line":147,"column":64}},"63":{"start":{"line":149,"column":10},"end":{"line":154,"column":null}},"64":{"start":{"line":150,"column":21},"end":{"line":150,"column":null}},"65":{"start":{"line":150,"column":46},"end":{"line":150,"column":55}},"66":{"start":{"line":151,"column":8},"end":{"line":153,"column":null}},"67":{"start":{"line":156,"column":10},"end":{"line":156,"column":null}},"68":{"start":{"line":156,"column":35},"end":{"line":156,"column":83}},"69":{"start":{"line":156,"column":53},"end":{"line":156,"column":80}},"70":{"start":{"line":157,"column":10},"end":{"line":157,"column":null}},"71":{"start":{"line":157,"column":35},"end":{"line":157,"column":83}},"72":{"start":{"line":157,"column":53},"end":{"line":157,"column":80}},"73":{"start":{"line":159,"column":22},"end":{"line":189,"column":null}},"74":{"start":{"line":191,"column":20},"end":{"line":236,"column":null}},"75":{"start":{"line":200,"column":39},"end":{"line":200,"column":null}},"76":{"start":{"line":230,"column":36},"end":{"line":230,"column":null}},"77":{"start":{"line":231,"column":24},"end":{"line":231,"column":null}},"78":{"start":{"line":239,"column":22},"end":{"line":241,"column":null}},"79":{"start":{"line":240,"column":35},"end":{"line":240,"column":46}},"80":{"start":{"line":243,"column":8},"end":{"line":383,"column":null}},"81":{"start":{"line":244,"column":12},"end":{"line":381,"column":null}},"82":{"start":{"line":252,"column":32},"end":{"line":259,"column":null}},"83":{"start":{"line":257,"column":55},"end":{"line":257,"column":null}},"84":{"start":{"line":271,"column":54},"end":{"line":271,"column":null}},"85":{"start":{"line":272,"column":55},"end":{"line":272,"column":null}},"86":{"start":{"line":273,"column":55},"end":{"line":273,"column":null}},"87":{"start":{"line":274,"column":55},"end":{"line":274,"column":null}},"88":{"start":{"line":276,"column":36},"end":{"line":317,"column":null}},"89":{"start":{"line":329,"column":58},"end":{"line":329,"column":null}},"90":{"start":{"line":330,"column":59},"end":{"line":330,"column":null}},"91":{"start":{"line":331,"column":59},"end":{"line":331,"column":null}},"92":{"start":{"line":332,"column":59},"end":{"line":332,"column":null}},"93":{"start":{"line":334,"column":40},"end":{"line":375,"column":null}},"94":{"start":{"line":386,"column":8},"end":{"line":431,"column":null}},"95":{"start":{"line":390,"column":43},"end":{"line":390,"column":null}},"96":{"start":{"line":392,"column":24},"end":{"line":427,"column":null}},"97":{"start":{"line":435,"column":4},"end":{"line":460,"column":null}},"98":{"start":{"line":445,"column":37},"end":{"line":445,"column":null}}},"fnMap":{"0":{"name":"TradingPerformanceChart","decl":{"start":{"line":53,"column":16},"end":{"line":53,"column":40}},"loc":{"start":{"line":56,"column":43},"end":{"line":462,"column":null}},"line":56},"1":{"name":"(anonymous_1)","decl":{"start":{"line":61,"column":41},"end":{"line":61,"column":null}},"loc":{"start":{"line":62,"column":8},"end":{"line":62,"column":null}},"line":62},"2":{"name":"(anonymous_2)","decl":{"start":{"line":71,"column":14},"end":{"line":71,"column":20}},"loc":{"start":{"line":71,"column":20},"end":{"line":77,"column":7}},"line":71},"3":{"name":"(anonymous_3)","decl":{"start":{"line":72,"column":46},"end":{"line":72,"column":null}},"loc":{"start":{"line":73,"column":12},"end":{"line":73,"column":null}},"line":73},"4":{"name":"(anonymous_4)","decl":{"start":{"line":76,"column":15},"end":{"line":76,"column":21}},"loc":{"start":{"line":76,"column":21},"end":{"line":76,"column":null}},"line":76},"5":{"name":"(anonymous_5)","decl":{"start":{"line":80,"column":14},"end":{"line":80,"column":20}},"loc":{"start":{"line":80,"column":20},"end":{"line":85,"column":7}},"line":80},"6":{"name":"(anonymous_6)","decl":{"start":{"line":82,"column":29},"end":{"line":82,"column":35}},"loc":{"start":{"line":82,"column":35},"end":{"line":82,"column":null}},"line":82},"7":{"name":"(anonymous_7)","decl":{"start":{"line":84,"column":15},"end":{"line":84,"column":21}},"loc":{"start":{"line":84,"column":21},"end":{"line":84,"column":null}},"line":84},"8":{"name":"(anonymous_8)","decl":{"start":{"line":88,"column":29},"end":{"line":88,"column":30}},"loc":{"start":{"line":88,"column":41},"end":{"line":93,"column":null}},"line":88},"9":{"name":"(anonymous_9)","decl":{"start":{"line":89,"column":36},"end":{"line":89,"column":37}},"loc":{"start":{"line":89,"column":43},"end":{"line":89,"column":52}},"line":89},"10":{"name":"(anonymous_10)","decl":{"start":{"line":91,"column":22},"end":{"line":91,"column":23}},"loc":{"start":{"line":91,"column":30},"end":{"line":91,"column":53}},"line":91},"11":{"name":"(anonymous_11)","decl":{"start":{"line":95,"column":29},"end":{"line":95,"column":30}},"loc":{"start":{"line":95,"column":42},"end":{"line":102,"column":null}},"line":95},"12":{"name":"(anonymous_12)","decl":{"start":{"line":97,"column":27},"end":{"line":97,"column":28}},"loc":{"start":{"line":97,"column":34},"end":{"line":101,"column":9}},"line":97},"13":{"name":"(anonymous_13)","decl":{"start":{"line":109,"column":27},"end":{"line":109,"column":33}},"loc":{"start":{"line":109,"column":33},"end":{"line":113,"column":7}},"line":109},"14":{"name":"(anonymous_14)","decl":{"start":{"line":116,"column":8},"end":{"line":116,"column":14}},"loc":{"start":{"line":116,"column":14},"end":{"line":116,"column":null}},"line":116},"15":{"name":"(anonymous_15)","decl":{"start":{"line":116,"column":64},"end":{"line":116,"column":65}},"loc":{"start":{"line":116,"column":74},"end":{"line":116,"column":87}},"line":116},"16":{"name":"(anonymous_16)","decl":{"start":{"line":120,"column":33},"end":{"line":120,"column":null}},"loc":{"start":{"line":121,"column":12},"end":{"line":124,"column":null}},"line":121},"17":{"name":"(anonymous_17)","decl":{"start":{"line":121,"column":25},"end":{"line":121,"column":26}},"loc":{"start":{"line":121,"column":37},"end":{"line":124,"column":13}},"line":121},"18":{"name":"(anonymous_18)","decl":{"start":{"line":122,"column":90},"end":{"line":122,"column":95}},"loc":{"start":{"line":122,"column":95},"end":{"line":122,"column":104}},"line":122},"19":{"name":"(anonymous_19)","decl":{"start":{"line":129,"column":8},"end":{"line":129,"column":14}},"loc":{"start":{"line":129,"column":14},"end":{"line":129,"column":null}},"line":129},"20":{"name":"(anonymous_20)","decl":{"start":{"line":129,"column":27},"end":{"line":129,"column":28}},"loc":{"start":{"line":129,"column":37},"end":{"line":129,"column":96}},"line":129},"21":{"name":"(anonymous_21)","decl":{"start":{"line":135,"column":28},"end":{"line":135,"column":35}},"loc":{"start":{"line":135,"column":35},"end":{"line":135,"column":80}},"line":135},"22":{"name":"(anonymous_22)","decl":{"start":{"line":137,"column":27},"end":{"line":137,"column":33}},"loc":{"start":{"line":137,"column":33},"end":{"line":143,"column":null}},"line":137},"23":{"name":"(anonymous_23)","decl":{"start":{"line":138,"column":31},"end":{"line":138,"column":32}},"loc":{"start":{"line":138,"column":46},"end":{"line":142,"column":13}},"line":138},"24":{"name":"(anonymous_24)","decl":{"start":{"line":140,"column":81},"end":{"line":140,"column":86}},"loc":{"start":{"line":140,"column":86},"end":{"line":140,"column":95}},"line":140},"25":{"name":"(anonymous_25)","decl":{"start":{"line":141,"column":37},"end":{"line":141,"column":38}},"loc":{"start":{"line":141,"column":47},"end":{"line":141,"column":69}},"line":141},"26":{"name":"(anonymous_26)","decl":{"start":{"line":147,"column":31},"end":{"line":147,"column":37}},"loc":{"start":{"line":147,"column":37},"end":{"line":147,"column":64}},"line":147},"27":{"name":"(anonymous_27)","decl":{"start":{"line":149,"column":36},"end":{"line":149,"column":42}},"loc":{"start":{"line":149,"column":42},"end":{"line":154,"column":7}},"line":149},"28":{"name":"(anonymous_28)","decl":{"start":{"line":150,"column":39},"end":{"line":150,"column":40}},"loc":{"start":{"line":150,"column":46},"end":{"line":150,"column":55}},"line":150},"29":{"name":"(anonymous_29)","decl":{"start":{"line":156,"column":29},"end":{"line":156,"column":35}},"loc":{"start":{"line":156,"column":35},"end":{"line":156,"column":83}},"line":156},"30":{"name":"(anonymous_30)","decl":{"start":{"line":156,"column":47},"end":{"line":156,"column":53}},"loc":{"start":{"line":156,"column":53},"end":{"line":156,"column":80}},"line":156},"31":{"name":"(anonymous_31)","decl":{"start":{"line":157,"column":29},"end":{"line":157,"column":35}},"loc":{"start":{"line":157,"column":35},"end":{"line":157,"column":83}},"line":157},"32":{"name":"(anonymous_32)","decl":{"start":{"line":157,"column":47},"end":{"line":157,"column":53}},"loc":{"start":{"line":157,"column":53},"end":{"line":157,"column":80}},"line":157},"33":{"name":"(anonymous_33)","decl":{"start":{"line":200,"column":30},"end":{"line":200,"column":31}},"loc":{"start":{"line":200,"column":39},"end":{"line":200,"column":null}},"line":200},"34":{"name":"(anonymous_34)","decl":{"start":{"line":229,"column":27},"end":{"line":229,"column":28}},"loc":{"start":{"line":229,"column":36},"end":{"line":232,"column":null}},"line":229},"35":{"name":"renderSummary","decl":{"start":{"line":238,"column":13},"end":{"line":238,"column":29}},"loc":{"start":{"line":238,"column":29},"end":{"line":433,"column":null}},"line":238},"36":{"name":"(anonymous_36)","decl":{"start":{"line":240,"column":25},"end":{"line":240,"column":26}},"loc":{"start":{"line":240,"column":35},"end":{"line":240,"column":46}},"line":240},"37":{"name":"(anonymous_37)","decl":{"start":{"line":251,"column":57},"end":{"line":251,"column":58}},"loc":{"start":{"line":252,"column":32},"end":{"line":259,"column":null}},"line":252},"38":{"name":"(anonymous_38)","decl":{"start":{"line":257,"column":49},"end":{"line":257,"column":55}},"loc":{"start":{"line":257,"column":55},"end":{"line":257,"column":null}},"line":257},"39":{"name":"(anonymous_39)","decl":{"start":{"line":270,"column":37},"end":{"line":270,"column":38}},"loc":{"start":{"line":270,"column":49},"end":{"line":319,"column":33}},"line":270},"40":{"name":"(anonymous_40)","decl":{"start":{"line":328,"column":41},"end":{"line":328,"column":42}},"loc":{"start":{"line":328,"column":53},"end":{"line":377,"column":37}},"line":328},"41":{"name":"(anonymous_41)","decl":{"start":{"line":389,"column":38},"end":{"line":389,"column":39}},"loc":{"start":{"line":389,"column":51},"end":{"line":429,"column":21}},"line":389},"42":{"name":"(anonymous_42)","decl":{"start":{"line":445,"column":30},"end":{"line":445,"column":31}},"loc":{"start":{"line":445,"column":37},"end":{"line":445,"column":null}},"line":445}},"branchMap":{"0":{"loc":{"start":{"line":54,"column":44},"end":{"line":54,"column":null}},"type":"default-arg","locations":[{"start":{"line":54,"column":56},"end":{"line":54,"column":null}}],"line":54},"1":{"loc":{"start":{"line":55,"column":44},"end":{"line":55,"column":null}},"type":"default-arg","locations":[{"start":{"line":55,"column":61},"end":{"line":55,"column":null}}],"line":55},"2":{"loc":{"start":{"line":66,"column":8},"end":{"line":66,"column":null}},"type":"cond-expr","locations":[{"start":{"line":66,"column":40},"end":{"line":66,"column":60}},{"start":{"line":66,"column":60},"end":{"line":66,"column":null}}],"line":66},"3":{"loc":{"start":{"line":81,"column":8},"end":{"line":81,"column":null}},"type":"if","locations":[{"start":{"line":81,"column":8},"end":{"line":81,"column":null}},{"start":{},"end":{}}],"line":81},"4":{"loc":{"start":{"line":98,"column":12},"end":{"line":98,"column":null}},"type":"if","locations":[{"start":{"line":98,"column":12},"end":{"line":98,"column":null}},{"start":{},"end":{}}],"line":98},"5":{"loc":{"start":{"line":123,"column":23},"end":{"line":123,"column":null}},"type":"cond-expr","locations":[{"start":{"line":123,"column":42},"end":{"line":123,"column":69}},{"start":{"line":123,"column":69},"end":{"line":123,"column":null}}],"line":123},"6":{"loc":{"start":{"line":135,"column":35},"end":{"line":135,"column":80}},"type":"cond-expr","locations":[{"start":{"line":135,"column":47},"end":{"line":135,"column":64}},{"start":{"line":135,"column":64},"end":{"line":135,"column":80}}],"line":135},"7":{"loc":{"start":{"line":137,"column":33},"end":{"line":143,"column":null}},"type":"cond-expr","locations":[{"start":{"line":138,"column":14},"end":{"line":142,"column":null}},{"start":{"line":143,"column":14},"end":{"line":143,"column":null}}],"line":137},"8":{"loc":{"start":{"line":150,"column":21},"end":{"line":150,"column":null}},"type":"binary-expr","locations":[{"start":{"line":150,"column":21},"end":{"line":150,"column":67}},{"start":{"line":150,"column":67},"end":{"line":150,"column":null}}],"line":150},"9":{"loc":{"start":{"line":151,"column":15},"end":{"line":153,"column":null}},"type":"cond-expr","locations":[{"start":{"line":152,"column":14},"end":{"line":152,"column":null}},{"start":{"line":153,"column":14},"end":{"line":153,"column":null}}],"line":151},"10":{"loc":{"start":{"line":152,"column":14},"end":{"line":152,"column":null}},"type":"cond-expr","locations":[{"start":{"line":152,"column":23},"end":{"line":152,"column":35}},{"start":{"line":152,"column":35},"end":{"line":152,"column":null}}],"line":152},"11":{"loc":{"start":{"line":153,"column":14},"end":{"line":153,"column":null}},"type":"cond-expr","locations":[{"start":{"line":153,"column":23},"end":{"line":153,"column":35}},{"start":{"line":153,"column":35},"end":{"line":153,"column":null}}],"line":153},"12":{"loc":{"start":{"line":156,"column":53},"end":{"line":156,"column":80}},"type":"cond-expr","locations":[{"start":{"line":156,"column":74},"end":{"line":156,"column":78}},{"start":{"line":156,"column":78},"end":{"line":156,"column":80}}],"line":156},"13":{"loc":{"start":{"line":156,"column":53},"end":{"line":156,"column":74}},"type":"binary-expr","locations":[{"start":{"line":156,"column":53},"end":{"line":156,"column":66}},{"start":{"line":156,"column":66},"end":{"line":156,"column":74}}],"line":156},"14":{"loc":{"start":{"line":157,"column":53},"end":{"line":157,"column":80}},"type":"cond-expr","locations":[{"start":{"line":157,"column":74},"end":{"line":157,"column":78}},{"start":{"line":157,"column":78},"end":{"line":157,"column":80}}],"line":157},"15":{"loc":{"start":{"line":157,"column":53},"end":{"line":157,"column":74}},"type":"binary-expr","locations":[{"start":{"line":157,"column":53},"end":{"line":157,"column":66}},{"start":{"line":157,"column":66},"end":{"line":157,"column":74}}],"line":157},"16":{"loc":{"start":{"line":169,"column":29},"end":{"line":169,"column":null}},"type":"cond-expr","locations":[{"start":{"line":169,"column":49},"end":{"line":169,"column":53}},{"start":{"line":169,"column":53},"end":{"line":169,"column":null}}],"line":169},"17":{"loc":{"start":{"line":170,"column":34},"end":{"line":170,"column":null}},"type":"cond-expr","locations":[{"start":{"line":170,"column":54},"end":{"line":170,"column":58}},{"start":{"line":170,"column":58},"end":{"line":170,"column":null}}],"line":170},"18":{"loc":{"start":{"line":172,"column":25},"end":{"line":172,"column":null}},"type":"cond-expr","locations":[{"start":{"line":172,"column":37},"end":{"line":172,"column":43}},{"start":{"line":172,"column":43},"end":{"line":172,"column":null}}],"line":172},"19":{"loc":{"start":{"line":178,"column":33},"end":{"line":178,"column":null}},"type":"cond-expr","locations":[{"start":{"line":178,"column":42},"end":{"line":178,"column":71}},{"start":{"line":178,"column":71},"end":{"line":178,"column":null}}],"line":178},"20":{"loc":{"start":{"line":185,"column":33},"end":{"line":185,"column":null}},"type":"cond-expr","locations":[{"start":{"line":185,"column":42},"end":{"line":185,"column":70}},{"start":{"line":185,"column":70},"end":{"line":185,"column":null}}],"line":185},"21":{"loc":{"start":{"line":199,"column":27},"end":{"line":199,"column":null}},"type":"cond-expr","locations":[{"start":{"line":199,"column":36},"end":{"line":199,"column":45}},{"start":{"line":199,"column":45},"end":{"line":199,"column":null}}],"line":199},"22":{"loc":{"start":{"line":203,"column":27},"end":{"line":203,"column":null}},"type":"cond-expr","locations":[{"start":{"line":203,"column":36},"end":{"line":203,"column":45}},{"start":{"line":203,"column":45},"end":{"line":203,"column":null}}],"line":203},"23":{"loc":{"start":{"line":209,"column":27},"end":{"line":209,"column":null}},"type":"cond-expr","locations":[{"start":{"line":209,"column":36},"end":{"line":209,"column":45}},{"start":{"line":209,"column":45},"end":{"line":209,"column":null}}],"line":209},"24":{"loc":{"start":{"line":211,"column":35},"end":{"line":211,"column":null}},"type":"cond-expr","locations":[{"start":{"line":211,"column":55},"end":{"line":211,"column":59}},{"start":{"line":211,"column":59},"end":{"line":211,"column":null}}],"line":211},"25":{"loc":{"start":{"line":214,"column":27},"end":{"line":214,"column":null}},"type":"cond-expr","locations":[{"start":{"line":214,"column":36},"end":{"line":214,"column":45}},{"start":{"line":214,"column":45},"end":{"line":214,"column":null}}],"line":214},"26":{"loc":{"start":{"line":221,"column":27},"end":{"line":221,"column":null}},"type":"cond-expr","locations":[{"start":{"line":221,"column":36},"end":{"line":221,"column":45}},{"start":{"line":221,"column":45},"end":{"line":221,"column":null}}],"line":221},"27":{"loc":{"start":{"line":231,"column":56},"end":{"line":231,"column":75}},"type":"cond-expr","locations":[{"start":{"line":231,"column":67},"end":{"line":231,"column":73}},{"start":{"line":231,"column":73},"end":{"line":231,"column":75}}],"line":231},"28":{"loc":{"start":{"line":243,"column":8},"end":{"line":383,"column":null}},"type":"if","locations":[{"start":{"line":243,"column":8},"end":{"line":383,"column":null}},{"start":{},"end":{}}],"line":243},"29":{"loc":{"start":{"line":271,"column":54},"end":{"line":271,"column":null}},"type":"binary-expr","locations":[{"start":{"line":271,"column":54},"end":{"line":271,"column":69}},{"start":{"line":271,"column":69},"end":{"line":271,"column":null}}],"line":271},"30":{"loc":{"start":{"line":272,"column":55},"end":{"line":272,"column":null}},"type":"binary-expr","locations":[{"start":{"line":272,"column":55},"end":{"line":272,"column":69}},{"start":{"line":272,"column":69},"end":{"line":272,"column":null}}],"line":272},"31":{"loc":{"start":{"line":274,"column":55},"end":{"line":274,"column":null}},"type":"binary-expr","locations":[{"start":{"line":274,"column":55},"end":{"line":274,"column":77}},{"start":{"line":274,"column":77},"end":{"line":274,"column":null}}],"line":274},"32":{"loc":{"start":{"line":281,"column":48},"end":{"line":285,"column":null}},"type":"cond-expr","locations":[{"start":{"line":282,"column":54},"end":{"line":282,"column":null}},{"start":{"line":283,"column":54},"end":{"line":285,"column":null}}],"line":281},"33":{"loc":{"start":{"line":283,"column
[...]
art":{"line":71,"column":38},"end":{"line":74,"column":null}},"28":{"start":{"line":76,"column":20},"end":{"line":193,"column":null}},"29":{"start":{"line":85,"column":54},"end":{"line":85,"column":null}},"30":{"start":{"line":87,"column":40},"end":{"line":111,"column":null}},"31":{"start":{"line":91,"column":52},"end":{"line":91,"column":null}},"32":{"start":{"line":92,"column":52},"end":{"line":92,"column":null}},"33":{"start":{"line":93,"column":52},"end":{"line":93,"column":null}},"34":{"start":{"line":139,"column":48},"end":{"line":177,"column":null}}},"fnMap":{"0":{"name":"Projects","decl":{"start":{"line":30,"column":24},"end":{"line":30,"column":35}},"loc":{"start":{"line":30,"column":35},"end":{"line":199,"column":null}},"line":30},"1":{"name":"(anonymous_1)","decl":{"start":{"line":38,"column":25},"end":{"line":38,"column":31}},"loc":{"start":{"line":38,"column":31},"end":{"line":46,"column":null}},"line":38},"2":{"name":"(anonymous_2)","decl":{"start":{"line":45,"column":21},"end":{"line":45,"column":27}},"loc":{"start":{"line":45,"column":27},"end":{"line":45,"column":44}},"line":45},"3":{"name":"(anonymous_3)","decl":{"start":{"line":48,"column":14},"end":{"line":48,"column":20}},"loc":{"start":{"line":48,"column":20},"end":{"line":50,"column":7}},"line":48},"4":{"name":"(anonymous_4)","decl":{"start":{"line":52,"column":47},"end":{"line":52,"column":52}},"loc":{"start":{"line":52,"column":52},"end":{"line":52,"column":61}},"line":52},"5":{"name":"(anonymous_5)","decl":{"start":{"line":54,"column":44},"end":{"line":54,"column":45}},"loc":{"start":{"line":54,"column":59},"end":{"line":58,"column":7}},"line":54},"6":{"name":"(anonymous_6)","decl":{"start":{"line":68,"column":18},"end":{"line":68,"column":24}},"loc":{"start":{"line":68,"column":24},"end":{"line":195,"column":19}},"line":68},"7":{"name":"(anonymous_7)","decl":{"start":{"line":84,"column":51},"end":{"line":84,"column":52}},"loc":{"start":{"line":84,"column":64},"end":{"line":113,"column":37}},"line":84},"8":{"name":"(anonymous_8)","decl":{"start":{"line":90,"column":57},"end":{"line":90,"column":63}},"loc":{"start":{"line":90,"column":63},"end":{"line":94,"column":null}},"line":90},"9":{"name":"(anonymous_9)","decl":{"start":{"line":138,"column":59},"end":{"line":138,"column":60}},"loc":{"start":{"line":139,"column":48},"end":{"line":177,"column":null}},"line":139}},"branchMap":{"0":{"loc":{"start":{"line":55,"column":28},"end":{"line":55,"column":null}},"type":"binary-expr","locations":[{"start":{"line":55,"column":28},"end":{"line":55,"column":49}},{"start":{"line":55,"column":49},"end":{"line":55,"column":null}}],"line":55},"1":{"loc":{"start":{"line":60,"column":4},"end":{"line":60,"column":null}},"type":"if","locations":[{"start":{"line":60,"column":4},"end":{"line":60,"column":null}},{"start":{},"end":{}}],"line":60},"2":{"loc":{"start":{"line":61,"column":4},"end":{"line":61,"column":null}},"type":"if","locations":[{"start":{"line":61,"column":4},"end":{"line":61,"column":null}},{"start":{},"end":{}}],"line":61},"3":{"loc":{"start":{"line":69,"column":44},"end":{"line":69,"column":null}},"type":"binary-expr","locations":[{"start":{"line":69,"column":44},"end":{"line":69,"column":80}},{"start":{"line":69,"column":80},"end":{"line":69,"column":null}}],"line":69},"4":{"loc":{"start":{"line":85,"column":54},"end":{"line":85,"column":null}},"type":"binary-expr","locations":[{"start":{"line":85,"column":54},"end":{"line":85,"column":90}},{"start":{"line":85,"column":90},"end":{"line":85,"column":null}}],"line":85},"5":{"loc":{"start":{"line":96,"column":54},"end":{"line":98,"column":null}},"type":"cond-expr","locations":[{"start":{"line":97,"column":54},"end":{"line":97,"column":null}},{"start":{"line":98,"column":54},"end":{"line":98,"column":null}}],"line":96},"6":{"loc":{"start":{"line":104,"column":54},"end":{"line":106,"column":null}},"type":"cond-expr","locations":[{"start":{"line":105,"column":54},"end":{"line":105,"column":null}},{"start":{"line":106,"column":54},"end":{"line":106,"column":null}}],"line":104},"7":{"loc":{"start":{"line":132,"column":37},"end":{"line":179,"column":null}},"type":"binary-expr","locations":[{"start":{"line":132,"column":37},"end":{"line":132,"column":null}},{"start":{"line":133,"column":40},"end":{"line":179,"column":null}}],"line":132},"8":{"loc":{"start":{"line":162,"column":61},"end":{"line":167,"column":null}},"type":"binary-expr","locations":[{"start":{"line":162,"column":61},"end":{"line":162,"column":null}},{"start":{"line":163,"column":64},"end":{"line":167,"column":null}}],"line":162}},"s":{"0":1,"1":29,"2":29,"3":29,"4":29,"5":29,"6":29,"7":29,"8":13,"9":13,"10":13,"11":12,"12":29,"13":12,"14":29,"15":39,"16":29,"17":39,"18":39,"19":39,"20":29,"21":13,"22":16,"23":16,"24":14,"25":14,"26":14,"27":14,"28":14,"29":15,"30":15,"31":3,"32":3,"33":3,"34":22},"f":{"0":29,"1":13,"2":12,"3":12,"4":39,"5":39,"6":14,"7":15,"8":3,"9":22},"b":{"0":[39,15],"1":[13,16],"2":[2,14],"3":[14,1],"4":[15,0],"5":[13,2],"6":[13,2],"7":[14,13],"8":[22,21]},"meta":{"lastBranch":9,"lastFunction":10,"lastStatement":35,"seen":{"s:15:23:15:Infinity":0,"f:30:24:30:35":0,"s:31:12:31:Infinity":1,"s:32:46:32:Infinity":2,"s:33:24:33:Infinity":3,"s:34:32:34:Infinity":4,"s:35:30:35:Infinity":5,"s:36:26:36:Infinity":6,"s:38:25:46:Infinity":7,"f:38:25:38:31":1,"s:39:8:39:Infinity":8,"s:40:8:40:Infinity":9,"s:42:8:45:Infinity":10,"f:45:21:45:27":2,"s:45:27:45:44":11,"s:48:4:50:Infinity":12,"f:48:14:48:20":3,"s:49:8:49:Infinity":13,"s:52:22:52:Infinity":14,"f:52:47:52:52":4,"s:52:52:52:61":15,"s:54:28:58:Infinity":16,"f:54:44:54:45":5,"s:55:8:55:Infinity":17,"b:55:28:55:49:55:49:55:Infinity":0,"s:56:8:56:Infinity":18,"s:57:8:57:Infinity":19,"b:60:4:60:Infinity:undefined:undefined:undefined:undefined":1,"s:60:4:60:Infinity":20,"s:60:17:60:Infinity":21,"b:61:4:61:Infinity:undefined:undefined:undefined:undefined":2,"s:61:4:61:Infinity":22,"s:61:15:61:Infinity":23,"s:63:4:197:Infinity":24,"f:68:18:68:24":6,"s:69:44:69:Infinity":25,"b:69:44:69:80:69:80:69:Infinity":3,"s:70:39:70:Infinity":26,"s:71:38:74:Infinity":27,"s:76:20:193:Infinity":28,"f:84:51:84:52":7,"s:85:54:85:Infinity":29,"b:85:54:85:90:85:90:85:Infinity":4,"s:87:40:111:Infinity":30,"f:90:57:90:63":8,"s:91:52:91:Infinity":31,"s:92:52:92:Infinity":32,"s:93:52:93:Infinity":33,"b:97:54:97:Infinity:98:54:98:Infinity":5,"b:105:54:105:Infinity:106:54:106:Infinity":6,"b:132:37:132:Infinity:133:40:179:Infinity":7,"f:138:59:138:60":9,"s:139:48:177:Infinity":34,"b:162:61:162:Infinity:163:64:167:Infinity":8}}}
,"C:\\Users\\U503185\\Desktop\\Esempi\\ingdanielemasone\\src\\pages\\testimonials\\Testimonials.jsx": {"path":"C:\\Users\\U503185\\Desktop\\Esempi\\ingdanielemasone\\src\\pages\\testimonials\\Testimonials.jsx","statementMap":{"0":{"start":{"line":16,"column":23},"end":{"line":16,"column":null}},"1":{"start":{"line":30,"column":12},"end":{"line":30,"column":null}},"2":{"start":{"line":31,"column":24},"end":{"line":31,"column":null}},"3":{"start":{"line":32,"column":40},"end":{"line":32,"column":null}},"4":{"start":{"line":33,"column":30},"end":{"line":33,"column":null}},"5":{"start":{"line":34,"column":26},"end":{"line":34,"column":null}},"6":{"start":{"line":36,"column":29},"end":{"line":44,"column":null}},"7":{"start":{"line":37,"column":8},"end":{"line":37,"column":null}},"8":{"start":{"line":38,"column":8},"end":{"line":38,"column":null}},"9":{"start":{"line":40,"column":8},"end":{"line":43,"column":null}},"10":{"start":{"line":43,"column":27},"end":{"line":43,"column":44}},"11":{"start":{"line":46,"column":4},"end":{"line":48,"column":null}},"12":{"start":{"line":47,"column":8},"end":{"line":47,"column":null}},"13":{"start":{"line":50,"column":23},"end":{"line":50,"column":null}},"14":{"start":{"line":52,"column":34},"end":{"line":55,"column":null}},"15":{"start":{"line":57,"column":4},"end":{"line":57,"column":null}},"16":{"start":{"line":57,"column":17},"end":{"line":57,"column":null}},"17":{"start":{"line":58,"column":4},"end":{"line":58,"column":null}},"18":{"start":{"line":58,"column":15},"end":{"line":58,"column":null}},"19":{"start":{"line":60,"column":4},"end":{"line":139,"column":null}},"20":{"start":{"line":78,"column":24},"end":{"line":126,"column":null}}},"fnMap":{"0":{"name":"Testimonials","decl":{"start":{"line":29,"column":24},"end":{"line":29,"column":39}},"loc":{"start":{"line":29,"column":39},"end":{"line":141,"column":null}},"line":29},"1":{"name":"(anonymous_1)","decl":{"start":{"line":36,"column":29},"end":{"line":36,"column":35}},"loc":{"start":{"line":36,"column":35},"end":{"line":44,"column":null}},"line":36},"2":{"name":"(anonymous_2)","decl":{"start":{"line":43,"column":21},"end":{"line":43,"column":27}},"loc":{"start":{"line":43,"column":27},"end":{"line":43,"column":44}},"line":43},"3":{"name":"(anonymous_3)","decl":{"start":{"line":46,"column":14},"end":{"line":46,"column":20}},"loc":{"start":{"line":46,"column":20},"end":{"line":48,"column":7}},"line":46},"4":{"name":"(anonymous_4)","decl":{"start":{"line":77,"column":47},"end":{"line":77,"column":48}},"loc":{"start":{"line":78,"column":24},"end":{"line":126,"column":null}},"line":78}},"branchMap":{"0":{"loc":{"start":{"line":57,"column":4},"end":{"line":57,"column":null}},"type":"if","locations":[{"start":{"line":57,"column":4},"end":{"line":57,"column":null}},{"start":{},"end":{}}],"line":57},"1":{"loc":{"start":{"line":58,"column":4},"end":{"line":58,"column":null}},"type":"if","locations":[{"start":{"line":58,"column":4},"end":{"line":58,"column":null}},{"start":{},"end":{}}],"line":58},"2":{"loc":{"start":{"line":99,"column":49},"end":{"line":103,"column":null}},"type":"binary-expr","locations":[{"start":{"line":99,"column":49},"end":{"line":99,"column":null}},{"start":{"line":100,"column":52},"end":{"line":103,"column":null}}],"line":99}},"s":{"0":1,"1":18,"2":18,"3":18,"4":18,"5":18,"6":18,"7":9,"8":9,"9":9,"10":8,"11":18,"12":8,"13":18,"14":18,"15":18,"16":9,"17":9,"18":9,"19":7,"20":28},"f":{"0":18,"1":9,"2":8,"3":8,"4":28},"b":{"0":[9,9],"1":[2,7],"2":[28,28]},"meta":{"lastBranch":3,"lastFunction":5,"lastStatement":21,"seen":{"s:16:23:16:Infinity":0,"f:29:24:29:39":0,"s:30:12:30:Infinity":1,"s:31:24:31:Infinity":2,"s:32:40:32:Infinity":3,"s:33:30:33:Infinity":4,"s:34:26:34:Infinity":5,"s:36:29:44:Infinity":6,"f:36:29:36:35":1,"s:37:8:37:Infinity":7,"s:38:8:38:Infinity":8,"s:40:8:43:Infinity":9,"f:43:21:43:27":2,"s:43:27:43:44":10,"s:46:4:48:Infinity":11,"f:46:14:46:20":3,"s:47:8:47:Infinity":12,"s:50:23:50:Infinity":13,"s:52:34:55:Infinity":14,"b:57:4:57:Infinity:undefined:undefined:undefined:undefined":0,"s:57:4:57:Infinity":15,"s:57:17:57:Infinity":16,"b:58:4:58:Infinity:undefined:undefined:undefined:undefined":1,"s:58:4:58:Infinity":17,"s:58:15:58:Infinity":18,"s:60:4:139:Infinity":19,"f:77:47:77:48":4,"s:78:24:126:Infinity":20,"b:99:49:99:Infinity:100:52:103:Infinity":2}}}
,"C:\\Users\\U503185\\Desktop\\Esempi\\ingdanielemasone\\src\\pages\\trading\\Trading.jsx": {"path":"C:\\Users\\U503185\\Desktop\\Esempi\\ingdanielemasone\\src\\pages\\trading\\Trading.jsx","statementMap":{"0":{"start":{"line":10,"column":6},"end":{"line":12,"column":null}},"1":{"start":{"line":11,"column":4},"end":{"line":11,"column":null}},"2":{"start":{"line":11,"column":92},"end":{"line":11,"column":null}},"3":{"start":{"line":25,"column":12},"end":{"line":25,"column":null}},"4":{"start":{"line":26,"column":52},"end":{"line":26,"column":null}},"5":{"start":{"line":27,"column":30},"end":{"line":27,"column":null}},"6":{"start":{"line":28,"column":26},"end":{"line":28,"column":null}},"7":{"start":{"line":30,"column":35},"end":{"line":38,"column":null}},"8":{"start":{"line":31,"column":8},"end":{"line":31,"column":null}},"9":{"start":{"line":32,"column":8},"end":{"line":32,"column":null}},"10":{"start":{"line":34,"column":8},"end":{"line":37,"column":null}},"11":{"start":{"line":37,"column":27},"end":{"line":37,"column":44}},"12":{"start":{"line":40,"column":4},"end":{"line":42,"column":null}},"13":{"start":{"line":41,"column":8},"end":{"line":41,"column":null}},"14":{"start":{"line":44,"column":23},"end":{"line":48,"column":null}},"15":{"start":{"line":52,"column":12},"end":{"line":52,"column":null}},"16":{"start":{"line":53,"column":29},"end":{"line":56,"column":null}},"17":{"start":{"line":58,"column":8},"end":{"line":62,"column":null}},"18":{"start":{"line":66,"column":4},"end":{"line":66,"column":null}},"19":{"start":{"line":66,"column":17},"end":{"line":66,"column":null}},"20":{"start":{"line":67,"column":4},"end":{"line":67,"column":null}},"21":{"start":{"line":67,"column":15},"end":{"line":67,"column":null}},"22":{"start":{"line":69,"column":4},"end":{"line":106,"column":null}},"23":{"start":{"line":77,"column":24},"end":{"line":82,"column":null}}},"fnMap":{"0":{"name":"(anonymous_0)","decl":{"start":{"line":10,"column":37},"end":{"line":10,"column":null}},"loc":{"start":{"line":11,"column":4},"end":{"line":11,"column":null}},"line":11},"1":{"name":"(anonymous_1)","decl":{"start":{"line":11,"column":83},"end":{"line":11,"column":91}},"loc":{"start":{"line":11,"column":92},"end":{"line":11,"column":null}},"line":11},"2":{"name":"Trading","decl":{"start":{"line":24,"column":24},"end":{"line":24,"column":34}},"loc":{"start":{"line":24,"column":34},"end":{"line":108,"column":null}},"line":24},"3":{"name":"(anonymous_3)","decl":{"start":{"line":30,"column":35},"end":{"line":30,"column":41}},"loc":{"start":{"line":30,"column":41},"end":{"line":38,"column":null}},"line":30},"4":{"name":"(anonymous_4)","decl":{"start":{"line":37,"column":21},"end":{"line":37,"column":27}},"loc":{"start":{"line":37,"column":27},"end":{"line":37,"column":44}},"line":37},"5":{"name":"(anonymous_5)","decl":{"start":{"line":40,"column":14},"end":{"line":40,"column":20}},"loc":{"start":{"line":40,"column":20},"end":{"line":42,"column":7}},"line":40},"6":{"name":"ButtonLink","decl":{"start":{"line":50,"column":13},"end":{"line":50,"column":24}},"loc":{"start":{"line":50,"column":49},"end":{"line":64,"column":null}},"line":50},"7":{"name":"(anonymous_7)","decl":{"start":{"line":76,"column":36},"end":{"line":76,"column":37}},"loc":{"start":{"line":77,"column":24},"end":{"line":82,"column":null}},"line":77}},"branchMap":{"0":{"loc":{"start":{"line":66,"column":4},"end":{"line":66,"column":null}},"type":"if","locations":[{"start":{"line":66,"column":4},"end":{"line":66,"column":null}},{"start":{},"end":{}}],"line":66},"1":{"loc":{"start":{"line":67,"column":4},"end":{"line":67,"column":null}},"type":"if","locations":[{"start":{"line":67,"column":4},"end":{"line":67,"column":null}},{"start":{},"end":{}}],"line":67},"2":{"loc":{"start":{"line":79,"column":42},"end":{"line":79,"column":139}},"type":"cond-expr","locations":[{"start":{"line":79,"column":52},"end":{"line":79,"column":97}},{"start":{"line":79,"column":97},"end":{"line":79,"column":139}}],"line":79}},"s":{"0":1,"1":1,"2":1,"3":7,"4":7,"5":7,"6":7,"7":7,"8":4,"9":4,"10":4,"11":4,"12":7,"13":4,"14":7,"15":4,"16":4,"17":4,"18":7,"19":4,"20":3,"21":3,"22":2,"23":6},"f":{"0":1,"1":1,"2":7,"3":4,"4":4,"5":4,"6":4,"7":6},"b":{"0":[4,3],"1":[1,2],"2":[2,4]},"meta":{"lastBranch":3,"lastFunction":8,"lastStatement":24,"seen":{"s:10:6:12:Infinity":0,"f:10:37:10:Infinity":0,"s:11:4:11:Infinity":1,"f:11:83:11:91":1,"s:11:92:11:Infinity":2,"f:24:24:24:34":2,"s:25:12:25:Infinity":3,"s:26:52:26:Infinity":4,"s:27:30:27:Infinity":5,"s:28:26:28:Infinity":6,"s:30:35:38:Infinity":7,"f:30:35:30:41":3,"s:31:8:31:Infinity":8,"s:32:8:32:Infinity":9,"s:34:8:37:Infinity":10,"f:37:21:37:27":4,"s:37:27:37:44":11,"s:40:4:42:Infinity":12,"f:40:14:40:20":5,"s:41:8:41:Infinity":13,"s:44:23:48:Infinity":14,"f:50:13:50:24":6,"s:52:12:52:Infinity":15,"s:53:29:56:Infinity":16,"s:58:8:62:Infinity":17,"b:66:4:66:Infinity:undefined:undefined:undefined:undefined":0,"s:66:4:66:Infinity":18,"s:66:17:66:Infinity":19,"b:67:4:67:Infinity:undefined:undefined:undefined:undefined":1,"s:67:4:67:Infinity":20,"s:67:15:67:Infinity":21,"s:69:4:106:Infinity":22,"f:76:36:76:37":7,"s:77:24:82:Infinity":23,"b:79:52:79:97:79:97:79:139":2}}}
,"C:\\Users\\U503185\\Desktop\\Esempi\\ingdanielemasone\\src\\services\\portfolioService.jsx": {"path":"C:\\Users\\U503185\\Desktop\\Esempi\\ingdanielemasone\\src\\services\\portfolioService.jsx","statementMap":{"0":{"start":{"line":15,"column":14},"end":{"line":15,"column":null}},"1":{"start":{"line":15,"column":22},"end":{"line":15,"column":null}},"2":{"start":{"line":15,"column":41},"end":{"line":15,"column":60}},"3":{"start":{"line":25,"column":4},"end":{"line":25,"column":null}},"4":{"start":{"line":26,"column":4},"end":{"line":26,"column":null}},"5":{"start":{"line":37,"column":4},"end":{"line":37,"column":null}},"6":{"start":{"line":38,"column":4},"end":{"line":38,"column":null}},"7":{"start":{"line":49,"column":4},"end":{"line":49,"column":null}},"8":{"start":{"line":50,"column":4},"end":{"line":50,"column":null}},"9":{"start":{"line":61,"column":4},"end":{"line":61,"column":null}},"10":{"start":{"line":62,"column":4},"end":{"line":62,"column":null}},"11":{"start":{"line":73,"column":4},"end":{"line":73,"column":null}},"12":{"start":{"line":74,"column":4},"end":{"line":74,"column":null}},"13":{"start":{"line":85,"column":4},"end":{"line":85,"column":null}},"14":{"start":{"line":86,"column":4},"end":{"line":86,"column":null}},"15":{"start":{"line":97,"column":4},"end":{"line":97,"column":null}},"16":{"start":{"line":98,"column":4},"end":{"line":98,"column":null}}},"fnMap":{"0":{"name":"(anonymous_0)","decl":{"start":{"line":15,"column":14},"end":{"line":15,"column":15}},"loc":{"start":{"line":15,"column":22},"end":{"line":15,"column":null}},"line":15},"1":{"name":"(anonymous_1)","decl":{"start":{"line":15,"column":34},"end":{"line":15,"column":41}},"loc":{"start":{"line":15,"column":41},"end":{"line":15,"column":60}},"line":15},"2":{"name":"getCourses","decl":{"start":{"line":24,"column":22},"end":{"line":24,"column":35}},"loc":{"start":{"line":24,"column":35},"end":{"line":27,"column":null}},"line":24},"3":{"name":"getCertifications","decl":{"start":{"line":36,"column":22},"end":{"line":36,"column":42}},"loc":{"start":{"line":36,"column":42},"end":{"line":39,"column":null}},"line":36},"4":{"name":"getExperiences","decl":{"start":{"line":48,"column":22},"end":{"line":48,"column":39}},"loc":{"start":{"line":48,"column":39},"end":{"line":51,"column":null}},"line":48},"5":{"name":"getProjects","decl":{"start":{"line":60,"column":22},"end":{"line":60,"column":36}},"loc":{"start":{"line":60,"column":36},"end":{"line":63,"column":null}},"line":60},"6":{"name":"getTestimonials","decl":{"start":{"line":72,"column":22},"end":{"line":72,"column":40}},"loc":{"start":{"line":72,"column":40},"end":{"line":75,"column":null}},"line":72},"7":{"name":"getTradingPerformance","decl":{"start":{"line":84,"column":22},"end":{"line":84,"column":46}},"loc":{"start":{"line":84,"column":46},"end":{"line":87,"column":null}},"line":84},"8":{"name":"getLinks","decl":{"start":{"line":96,"column":22},"end":{"line":96,"column":33}},"loc":{"start":{"line":96,"column":33},"end":{"line":99,"column":null}},"line":96}},"branchMap":{},"s":{"0":8,"1":23,"2":23,"3":3,"4":2,"5":4,"6":2,"7":3,"8":2,"9":3,"10":2,"11":3,"12":2,"13":4,"14":3,"15":3,"16":2},"f":{"0":23,"1":23,"2":3,"3":4,"4":3,"5":3,"6":3,"7":4,"8":3},"b":{},"meta":{"lastBranch":0,"lastFunction":9,"lastStatement":17,"seen":{"s:15:14:15:Infinity":0,"f:15:14:15:15":0,"s:15:22:15:Infinity":1,"f:15:34:15:41":1,"s:15:41:15:60":2,"f:24:22:24:35":2,"s:25:4:25:Infinity":3,"s:26:4:26:Infinity":4,"f:36:22:36:42":3,"s:37:4:37:Infinity":5,"s:38:4:38:Infinity":6,"f:48:22:48:39":4,"s:49:4:49:Infinity":7,"s:50:4:50:Infinity":8,"f:60:22:60:36":5,"s:61:4:61:Infinity":9,"s:62:4:62:Infinity":10,"f:72:22:72:40":6,"s:73:4:73:Infinity":11,"s:74:4:74:Infinity":12,"f:84:22:84:46":7,"s:85:4:85:Infinity":13,"s:86:4:86:Infinity":14,"f:96:22:96:33":8,"s:97:4:97:Infinity":15,"s:98:4:98:Infinity":16}}}
}
